<html>
<head>
<title>TestNG:  Test</title>
<link href="../testng.css" rel="stylesheet" type="text/css" />
<link href="../my-testng.css" rel="stylesheet" type="text/css" />

<style type="text/css">
.log { display: none;} 
.stack-trace { display: none;} 
</style>
<script type="text/javascript">
<!--
function flip(e) {
  current = e.style.display;
  if (current == 'block') {
    e.style.display = 'none';
    return 0;
  }
  else {
    e.style.display = 'block';
    return 1;
  }
}

function toggleBox(szDivId, elem, msg1, msg2)
{
  var res = -1;  if (document.getElementById) {
    res = flip(document.getElementById(szDivId));
  }
  else if (document.all) {
    // this is the way old msie versions work
    res = flip(document.all[szDivId]);
  }
  if(elem) {
    if(res == 0) elem.innerHTML = msg1; else elem.innerHTML = msg2;
  }

}

function toggleAllBoxes() {
  if (document.getElementsByTagName) {
    d = document.getElementsByTagName('div');
    for (i = 0; i < d.length; i++) {
      if (d[i].className == 'log') {
        flip(d[i]);
      }
    }
  }
}

// -->
</script>

</head>
<body>
<h2 align='center'>Test</h2><table border='1' align="center">
<tr>
<td>Tests passed/Failed/Skipped:</td><td>44/2/0</td>
</tr><tr>
<td>Started on:</td><td>Tue Mar 26 17:00:28 IST 2024</td>
</tr>
<tr><td>Total time:</td><td>1195 seconds (1195425 ms)</td>
</tr><tr>
<td>Included groups:</td><td></td>
</tr><tr>
<td>Excluded groups:</td><td></td>
</tr>
</table><p/>
<small><i>(Hover the method name to see the test class name)</i></small><p/>
<table width='100%' border='1' class='invocation-failed'>
<tr><td colspan='4' align='center'><b>FAILED TESTS</b></td></tr>
<tr><td><b>Test method</b></td>
<td width="30%"><b>Exception</b></td>
<td width="10%"><b>Time (seconds)</b></td>
<td><b>Instance</b></td>
</tr>
<tr>
<td title='username_match.testCase11003()'><b>testCase11003</b><br>Test class: username_match</td>
<td><div><pre>org.openqa.selenium.NoSuchElementException: no such element: Unable to locate element: {&quot;method&quot;:&quot;xpath&quot;,&quot;selector&quot;:&quot;//div[@class=&apos;tag danger&apos;]&quot;}
  (Session info: chrome=115.0.5790.0)
For documentation on this error, please visit: https://www.seleniumhq.org/exceptions/no_such_element.html
Build info: version: &apos;3.141.59&apos;, revision: &apos;e82be7d358&apos;, time: &apos;2018-11-14T08:17:03&apos;
System info: host: &apos;PRAKASH-4948&apos;, ip: &apos;192.168.104.34&apos;, os.name: &apos;Windows 11&apos;, os.arch: &apos;amd64&apos;, os.version: &apos;10.0&apos;, java.version: &apos;18.0.2.1&apos;
Driver info: org.openqa.selenium.chrome.ChromeDriver
Capabilities {acceptInsecureCerts: false, browserName: chrome, browserVersion: 115.0.5790.0, chrome: {chromedriverVersion: 114.0.5735.90 (386bc09e8f4f..., userDataDir: C:\Users\praka\AppData\Loca...}, goog:chromeOptions: {debuggerAddress: localhost:59275}, javascriptEnabled: true, networkConnectionEnabled: false, pageLoadStrategy: normal, platform: WINDOWS, platformName: WINDOWS, proxy: Proxy(), setWindowRect: true, strictFileInteractability: false, timeouts: {implicit: 0, pageLoad: 300000, script: 30000}, unhandledPromptBehavior: dismiss and notify, webauthn:extension:credBlob: true, webauthn:extension:largeBlob: true, webauthn:extension:minPinLength: true, webauthn:extension:prf: true, webauthn:virtualAuthenticators: true}
Session ID: c2d1c9178aa6120cebd4d3559166327a
*** Element info: {Using=xpath, value=//div[@class=&apos;tag danger&apos;]}
	at org.openqa.selenium.remote.http.W3CHttpResponseCodec.createException(W3CHttpResponseCodec.java:187)
	at org.openqa.selenium.remote.http.W3CHttpResponseCodec.decode(W3CHttpResponseCodec.java:122)
	at org.openqa.selenium.remote.http.W3CHttpResponseCodec.decode(W3CHttpResponseCodec.java:49)
	at org.openqa.selenium.remote.HttpCommandExecutor.execute(HttpCommandExecutor.java:158)
	at org.openqa.selenium.remote.service.DriverCommandExecutor.execute(DriverCommandExecutor.java:83)
	at org.openqa.selenium.remote.RemoteWebDriver.execute(RemoteWebDriver.java:552)
	at org.openqa.selenium.remote.RemoteWebDriver.findElement(RemoteWebDriver.java:323)
	at org.openqa.selenium.remote.RemoteWebDriver.findElementByXPath(RemoteWebDriver.java:428)
	at org.openqa.selenium.By$ByXPath.findElement(By.java:353)
	at org.openqa.selenium.remote.RemoteWebDriver.findElement(RemoteWebDriver.java:315)
	at username_match.testCase11003(username_match.java:3770)
	at java.base/java.util.concurrent.ThreadPoolExecutor.runWorker(ThreadPoolExecutor.java:1136)
	at java.base/java.util.concurrent.ThreadPoolExecutor$Worker.run(ThreadPoolExecutor.java:635)
	at java.base/java.lang.Thread.run(Thread.java:833)
... Removed 11 stack frames</pre></div><a href='#' onClick='toggleBox("stack-trace1568183645", this, "Click to show all stack frames", "Click to hide stack frames")'>Click to show all stack frames</a>
<div class='stack-trace' id='stack-trace1568183645'><pre>org.openqa.selenium.NoSuchElementException: no such element: Unable to locate element: {&quot;method&quot;:&quot;xpath&quot;,&quot;selector&quot;:&quot;//div[@class=&apos;tag danger&apos;]&quot;}
  (Session info: chrome=115.0.5790.0)
For documentation on this error, please visit: https://www.seleniumhq.org/exceptions/no_such_element.html
Build info: version: &apos;3.141.59&apos;, revision: &apos;e82be7d358&apos;, time: &apos;2018-11-14T08:17:03&apos;
System info: host: &apos;PRAKASH-4948&apos;, ip: &apos;192.168.104.34&apos;, os.name: &apos;Windows 11&apos;, os.arch: &apos;amd64&apos;, os.version: &apos;10.0&apos;, java.version: &apos;18.0.2.1&apos;
Driver info: org.openqa.selenium.chrome.ChromeDriver
Capabilities {acceptInsecureCerts: false, browserName: chrome, browserVersion: 115.0.5790.0, chrome: {chromedriverVersion: 114.0.5735.90 (386bc09e8f4f..., userDataDir: C:\Users\praka\AppData\Loca...}, goog:chromeOptions: {debuggerAddress: localhost:59275}, javascriptEnabled: true, networkConnectionEnabled: false, pageLoadStrategy: normal, platform: WINDOWS, platformName: WINDOWS, proxy: Proxy(), setWindowRect: true, strictFileInteractability: false, timeouts: {implicit: 0, pageLoad: 300000, script: 30000}, unhandledPromptBehavior: dismiss and notify, webauthn:extension:credBlob: true, webauthn:extension:largeBlob: true, webauthn:extension:minPinLength: true, webauthn:extension:prf: true, webauthn:virtualAuthenticators: true}
Session ID: c2d1c9178aa6120cebd4d3559166327a
*** Element info: {Using=xpath, value=//div[@class=&apos;tag danger&apos;]}
	at java.base/jdk.internal.reflect.DirectConstructorHandleAccessor.newInstance(DirectConstructorHandleAccessor.java:67)
	at java.base/java.lang.reflect.Constructor.newInstanceWithCaller(Constructor.java:499)
	at java.base/java.lang.reflect.Constructor.newInstance(Constructor.java:483)
	at org.openqa.selenium.remote.http.W3CHttpResponseCodec.createException(W3CHttpResponseCodec.java:187)
	at org.openqa.selenium.remote.http.W3CHttpResponseCodec.decode(W3CHttpResponseCodec.java:122)
	at org.openqa.selenium.remote.http.W3CHttpResponseCodec.decode(W3CHttpResponseCodec.java:49)
	at org.openqa.selenium.remote.HttpCommandExecutor.execute(HttpCommandExecutor.java:158)
	at org.openqa.selenium.remote.service.DriverCommandExecutor.execute(DriverCommandExecutor.java:83)
	at org.openqa.selenium.remote.RemoteWebDriver.execute(RemoteWebDriver.java:552)
	at org.openqa.selenium.remote.RemoteWebDriver.findElement(RemoteWebDriver.java:323)
	at org.openqa.selenium.remote.RemoteWebDriver.findElementByXPath(RemoteWebDriver.java:428)
	at org.openqa.selenium.By$ByXPath.findElement(By.java:353)
	at org.openqa.selenium.remote.RemoteWebDriver.findElement(RemoteWebDriver.java:315)
	at username_match.testCase11003(username_match.java:3770)
	at java.base/jdk.internal.reflect.DirectMethodHandleAccessor.invoke(DirectMethodHandleAccessor.java:104)
	at java.base/java.lang.reflect.Method.invoke(Method.java:577)
	at org.testng.internal.MethodInvocationHelper.invokeMethod(MethodInvocationHelper.java:124)
	at org.testng.internal.Invoker.invokeMethod(Invoker.java:583)
	at org.testng.internal.Invoker.invokeTestMethod(Invoker.java:719)
	at org.testng.internal.Invoker.invokeTestMethods(Invoker.java:989)
	at org.testng.internal.TestMethodWorker.invokeTestMethods(TestMethodWorker.java:125)
	at org.testng.internal.TestMethodWorker.run(TestMethodWorker.java:109)
	at java.base/java.util.concurrent.ThreadPoolExecutor.runWorker(ThreadPoolExecutor.java:1136)
	at java.base/java.util.concurrent.ThreadPoolExecutor$Worker.run(ThreadPoolExecutor.java:635)
	at java.base/java.lang.Thread.run(Thread.java:833)
</pre></div></td>
<td>20</td>
<td>username_match@7241a47d</td></tr>
<tr>
<td title='username_match.testCase70001()'><b>testCase70001</b><br>Test class: username_match</td>
<td><div><pre>org.openqa.selenium.NoSuchElementException: no such element: Unable to locate element: {&quot;method&quot;:&quot;xpath&quot;,&quot;selector&quot;:&quot;//div[@class=&apos;tag green&apos;]&quot;}
  (Session info: chrome=115.0.5790.0)
For documentation on this error, please visit: https://www.seleniumhq.org/exceptions/no_such_element.html
Build info: version: &apos;3.141.59&apos;, revision: &apos;e82be7d358&apos;, time: &apos;2018-11-14T08:17:03&apos;
System info: host: &apos;PRAKASH-4948&apos;, ip: &apos;192.168.104.34&apos;, os.name: &apos;Windows 11&apos;, os.arch: &apos;amd64&apos;, os.version: &apos;10.0&apos;, java.version: &apos;18.0.2.1&apos;
Driver info: org.openqa.selenium.chrome.ChromeDriver
Capabilities {acceptInsecureCerts: false, browserName: chrome, browserVersion: 115.0.5790.0, chrome: {chromedriverVersion: 114.0.5735.90 (386bc09e8f4f..., userDataDir: C:\Users\praka\AppData\Loca...}, goog:chromeOptions: {debuggerAddress: localhost:59275}, javascriptEnabled: true, networkConnectionEnabled: false, pageLoadStrategy: normal, platform: WINDOWS, platformName: WINDOWS, proxy: Proxy(), setWindowRect: true, strictFileInteractability: false, timeouts: {implicit: 0, pageLoad: 300000, script: 30000}, unhandledPromptBehavior: dismiss and notify, webauthn:extension:credBlob: true, webauthn:extension:largeBlob: true, webauthn:extension:minPinLength: true, webauthn:extension:prf: true, webauthn:virtualAuthenticators: true}
Session ID: c2d1c9178aa6120cebd4d3559166327a
*** Element info: {Using=xpath, value=//div[@class=&apos;tag green&apos;]}
	at org.openqa.selenium.remote.http.W3CHttpResponseCodec.createException(W3CHttpResponseCodec.java:187)
	at org.openqa.selenium.remote.http.W3CHttpResponseCodec.decode(W3CHttpResponseCodec.java:122)
	at org.openqa.selenium.remote.http.W3CHttpResponseCodec.decode(W3CHttpResponseCodec.java:49)
	at org.openqa.selenium.remote.HttpCommandExecutor.execute(HttpCommandExecutor.java:158)
	at org.openqa.selenium.remote.service.DriverCommandExecutor.execute(DriverCommandExecutor.java:83)
	at org.openqa.selenium.remote.RemoteWebDriver.execute(RemoteWebDriver.java:552)
	at org.openqa.selenium.remote.RemoteWebDriver.findElement(RemoteWebDriver.java:323)
	at org.openqa.selenium.remote.RemoteWebDriver.findElementByXPath(RemoteWebDriver.java:428)
	at org.openqa.selenium.By$ByXPath.findElement(By.java:353)
	at org.openqa.selenium.remote.RemoteWebDriver.findElement(RemoteWebDriver.java:315)
	at username_match.testCase70001(username_match.java:2213)
	at java.base/java.util.concurrent.ThreadPoolExecutor.runWorker(ThreadPoolExecutor.java:1136)
	at java.base/java.util.concurrent.ThreadPoolExecutor$Worker.run(ThreadPoolExecutor.java:635)
	at java.base/java.lang.Thread.run(Thread.java:833)
... Removed 11 stack frames</pre></div><a href='#' onClick='toggleBox("stack-trace1719404492", this, "Click to show all stack frames", "Click to hide stack frames")'>Click to show all stack frames</a>
<div class='stack-trace' id='stack-trace1719404492'><pre>org.openqa.selenium.NoSuchElementException: no such element: Unable to locate element: {&quot;method&quot;:&quot;xpath&quot;,&quot;selector&quot;:&quot;//div[@class=&apos;tag green&apos;]&quot;}
  (Session info: chrome=115.0.5790.0)
For documentation on this error, please visit: https://www.seleniumhq.org/exceptions/no_such_element.html
Build info: version: &apos;3.141.59&apos;, revision: &apos;e82be7d358&apos;, time: &apos;2018-11-14T08:17:03&apos;
System info: host: &apos;PRAKASH-4948&apos;, ip: &apos;192.168.104.34&apos;, os.name: &apos;Windows 11&apos;, os.arch: &apos;amd64&apos;, os.version: &apos;10.0&apos;, java.version: &apos;18.0.2.1&apos;
Driver info: org.openqa.selenium.chrome.ChromeDriver
Capabilities {acceptInsecureCerts: false, browserName: chrome, browserVersion: 115.0.5790.0, chrome: {chromedriverVersion: 114.0.5735.90 (386bc09e8f4f..., userDataDir: C:\Users\praka\AppData\Loca...}, goog:chromeOptions: {debuggerAddress: localhost:59275}, javascriptEnabled: true, networkConnectionEnabled: false, pageLoadStrategy: normal, platform: WINDOWS, platformName: WINDOWS, proxy: Proxy(), setWindowRect: true, strictFileInteractability: false, timeouts: {implicit: 0, pageLoad: 300000, script: 30000}, unhandledPromptBehavior: dismiss and notify, webauthn:extension:credBlob: true, webauthn:extension:largeBlob: true, webauthn:extension:minPinLength: true, webauthn:extension:prf: true, webauthn:virtualAuthenticators: true}
Session ID: c2d1c9178aa6120cebd4d3559166327a
*** Element info: {Using=xpath, value=//div[@class=&apos;tag green&apos;]}
	at java.base/jdk.internal.reflect.DirectConstructorHandleAccessor.newInstance(DirectConstructorHandleAccessor.java:67)
	at java.base/java.lang.reflect.Constructor.newInstanceWithCaller(Constructor.java:499)
	at java.base/java.lang.reflect.Constructor.newInstance(Constructor.java:483)
	at org.openqa.selenium.remote.http.W3CHttpResponseCodec.createException(W3CHttpResponseCodec.java:187)
	at org.openqa.selenium.remote.http.W3CHttpResponseCodec.decode(W3CHttpResponseCodec.java:122)
	at org.openqa.selenium.remote.http.W3CHttpResponseCodec.decode(W3CHttpResponseCodec.java:49)
	at org.openqa.selenium.remote.HttpCommandExecutor.execute(HttpCommandExecutor.java:158)
	at org.openqa.selenium.remote.service.DriverCommandExecutor.execute(DriverCommandExecutor.java:83)
	at org.openqa.selenium.remote.RemoteWebDriver.execute(RemoteWebDriver.java:552)
	at org.openqa.selenium.remote.RemoteWebDriver.findElement(RemoteWebDriver.java:323)
	at org.openqa.selenium.remote.RemoteWebDriver.findElementByXPath(RemoteWebDriver.java:428)
	at org.openqa.selenium.By$ByXPath.findElement(By.java:353)
	at org.openqa.selenium.remote.RemoteWebDriver.findElement(RemoteWebDriver.java:315)
	at username_match.testCase70001(username_match.java:2213)
	at java.base/jdk.internal.reflect.DirectMethodHandleAccessor.invoke(DirectMethodHandleAccessor.java:104)
	at java.base/java.lang.reflect.Method.invoke(Method.java:577)
	at org.testng.internal.MethodInvocationHelper.invokeMethod(MethodInvocationHelper.java:124)
	at org.testng.internal.Invoker.invokeMethod(Invoker.java:583)
	at org.testng.internal.Invoker.invokeTestMethod(Invoker.java:719)
	at org.testng.internal.Invoker.invokeTestMethods(Invoker.java:989)
	at org.testng.internal.TestMethodWorker.invokeTestMethods(TestMethodWorker.java:125)
	at org.testng.internal.TestMethodWorker.run(TestMethodWorker.java:109)
	at java.base/java.util.concurrent.ThreadPoolExecutor.runWorker(ThreadPoolExecutor.java:1136)
	at java.base/java.util.concurrent.ThreadPoolExecutor$Worker.run(ThreadPoolExecutor.java:635)
	at java.base/java.lang.Thread.run(Thread.java:833)
</pre></div></td>
<td>21</td>
<td>username_match@7241a47d</td></tr>
</table><p>
<table width='100%' border='1' class='invocation-passed'>
<tr><td colspan='4' align='center'><b>PASSED TESTS</b></td></tr>
<tr><td><b>Test method</b></td>
<td width="30%"><b>Exception</b></td>
<td width="10%"><b>Time (seconds)</b></td>
<td><b>Instance</b></td>
</tr>
<tr>
<td title='username_match.TheEconomist10001()'><b>TheEconomist10001</b><br>Test class: username_match</td>
<td></td>
<td>35</td>
<td>username_match@7241a47d</td></tr>
<tr>
<td title='username_match.testCase10001()'><b>testCase10001</b><br>Test class: username_match</td>
<td></td>
<td>23</td>
<td>username_match@7241a47d</td></tr>
<tr>
<td title='username_match.testCase10002()'><b>testCase10002</b><br>Test class: username_match</td>
<td></td>
<td>23</td>
<td>username_match@7241a47d</td></tr>
<tr>
<td title='username_match.testCase10003()'><b>testCase10003</b><br>Test class: username_match</td>
<td></td>
<td>23</td>
<td>username_match@7241a47d</td></tr>
<tr>
<td title='username_match.testCase10004()'><b>testCase10004</b><br>Test class: username_match</td>
<td></td>
<td>23</td>
<td>username_match@7241a47d</td></tr>
<tr>
<td title='username_match.testCase10005()'><b>testCase10005</b><br>Test class: username_match</td>
<td></td>
<td>23</td>
<td>username_match@7241a47d</td></tr>
<tr>
<td title='username_match.testCase11001()'><b>testCase11001</b><br>Test class: username_match</td>
<td></td>
<td>27</td>
<td>username_match@7241a47d</td></tr>
<tr>
<td title='username_match.testCase11002()'><b>testCase11002</b><br>Test class: username_match</td>
<td></td>
<td>25</td>
<td>username_match@7241a47d</td></tr>
<tr>
<td title='username_match.testCase11004()'><b>testCase11004</b><br>Test class: username_match</td>
<td></td>
<td>25</td>
<td>username_match@7241a47d</td></tr>
<tr>
<td title='username_match.testCase11005()'><b>testCase11005</b><br>Test class: username_match</td>
<td></td>
<td>28</td>
<td>username_match@7241a47d</td></tr>
<tr>
<td title='username_match.testCase13001()'><b>testCase13001</b><br>Test class: username_match</td>
<td></td>
<td>27</td>
<td>username_match@7241a47d</td></tr>
<tr>
<td title='username_match.testCase13002()'><b>testCase13002</b><br>Test class: username_match</td>
<td></td>
<td>23</td>
<td>username_match@7241a47d</td></tr>
<tr>
<td title='username_match.testCase13003()'><b>testCase13003</b><br>Test class: username_match</td>
<td></td>
<td>24</td>
<td>username_match@7241a47d</td></tr>
<tr>
<td title='username_match.testCase13004()'><b>testCase13004</b><br>Test class: username_match</td>
<td></td>
<td>24</td>
<td>username_match@7241a47d</td></tr>
<tr>
<td title='username_match.testCase13005()'><b>testCase13005</b><br>Test class: username_match</td>
<td></td>
<td>23</td>
<td>username_match@7241a47d</td></tr>
<tr>
<td title='username_match.testCase20001()'><b>testCase20001</b><br>Test class: username_match</td>
<td></td>
<td>28</td>
<td>username_match@7241a47d</td></tr>
<tr>
<td title='username_match.testCase20002()'><b>testCase20002</b><br>Test class: username_match</td>
<td></td>
<td>27</td>
<td>username_match@7241a47d</td></tr>
<tr>
<td title='username_match.testCase20003()'><b>testCase20003</b><br>Test class: username_match</td>
<td></td>
<td>27</td>
<td>username_match@7241a47d</td></tr>
<tr>
<td title='username_match.testCase20004()'><b>testCase20004</b><br>Test class: username_match</td>
<td></td>
<td>27</td>
<td>username_match@7241a47d</td></tr>
<tr>
<td title='username_match.testCase20005()'><b>testCase20005</b><br>Test class: username_match</td>
<td></td>
<td>28</td>
<td>username_match@7241a47d</td></tr>
<tr>
<td title='username_match.testCase40001()'><b>testCase40001</b><br>Test class: username_match</td>
<td></td>
<td>25</td>
<td>username_match@7241a47d</td></tr>
<tr>
<td title='username_match.testCase40002()'><b>testCase40002</b><br>Test class: username_match</td>
<td></td>
<td>25</td>
<td>username_match@7241a47d</td></tr>
<tr>
<td title='username_match.testCase40003()'><b>testCase40003</b><br>Test class: username_match</td>
<td></td>
<td>25</td>
<td>username_match@7241a47d</td></tr>
<tr>
<td title='username_match.testCase40004()'><b>testCase40004</b><br>Test class: username_match</td>
<td></td>
<td>25</td>
<td>username_match@7241a47d</td></tr>
<tr>
<td title='username_match.testCase40005()'><b>testCase40005</b><br>Test class: username_match</td>
<td></td>
<td>25</td>
<td>username_match@7241a47d</td></tr>
<tr>
<td title='username_match.testCase50001()'><b>testCase50001</b><br>Test class: username_match</td>
<td></td>
<td>25</td>
<td>username_match@7241a47d</td></tr>
<tr>
<td title='username_match.testCase50002()'><b>testCase50002</b><br>Test class: username_match</td>
<td></td>
<td>26</td>
<td>username_match@7241a47d</td></tr>
<tr>
<td title='username_match.testCase50003()'><b>testCase50003</b><br>Test class: username_match</td>
<td></td>
<td>25</td>
<td>username_match@7241a47d</td></tr>
<tr>
<td title='username_match.testCase50004()'><b>testCase50004</b><br>Test class: username_match</td>
<td></td>
<td>28</td>
<td>username_match@7241a47d</td></tr>
<tr>
<td title='username_match.testCase50005()'><b>testCase50005</b><br>Test class: username_match</td>
<td></td>
<td>26</td>
<td>username_match@7241a47d</td></tr>
<tr>
<td title='username_match.testCase60001()'><b>testCase60001</b><br>Test class: username_match</td>
<td></td>
<td>26</td>
<td>username_match@7241a47d</td></tr>
<tr>
<td title='username_match.testCase60002()'><b>testCase60002</b><br>Test class: username_match</td>
<td></td>
<td>27</td>
<td>username_match@7241a47d</td></tr>
<tr>
<td title='username_match.testCase60003()'><b>testCase60003</b><br>Test class: username_match</td>
<td></td>
<td>27</td>
<td>username_match@7241a47d</td></tr>
<tr>
<td title='username_match.testCase60004()'><b>testCase60004</b><br>Test class: username_match</td>
<td></td>
<td>26</td>
<td>username_match@7241a47d</td></tr>
<tr>
<td title='username_match.testCase60005()'><b>testCase60005</b><br>Test class: username_match</td>
<td></td>
<td>25</td>
<td>username_match@7241a47d</td></tr>
<tr>
<td title='username_match.testCase70002()'><b>testCase70002</b><br>Test class: username_match</td>
<td></td>
<td>25</td>
<td>username_match@7241a47d</td></tr>
<tr>
<td title='username_match.testCase70003()'><b>testCase70003</b><br>Test class: username_match</td>
<td></td>
<td>25</td>
<td>username_match@7241a47d</td></tr>
<tr>
<td title='username_match.testCase70004()'><b>testCase70004</b><br>Test class: username_match</td>
<td></td>
<td>25</td>
<td>username_match@7241a47d</td></tr>
<tr>
<td title='username_match.testCase70005()'><b>testCase70005</b><br>Test class: username_match</td>
<td></td>
<td>25</td>
<td>username_match@7241a47d</td></tr>
<tr>
<td title='username_match.testCase80001()'><b>testCase80001</b><br>Test class: username_match</td>
<td></td>
<td>26</td>
<td>username_match@7241a47d</td></tr>
<tr>
<td title='username_match.testCase80002()'><b>testCase80002</b><br>Test class: username_match</td>
<td></td>
<td>25</td>
<td>username_match@7241a47d</td></tr>
<tr>
<td title='username_match.testCase80003()'><b>testCase80003</b><br>Test class: username_match</td>
<td></td>
<td>27</td>
<td>username_match@7241a47d</td></tr>
<tr>
<td title='username_match.testCase80004()'><b>testCase80004</b><br>Test class: username_match</td>
<td></td>
<td>26</td>
<td>username_match@7241a47d</td></tr>
<tr>
<td title='username_match.testCase80005()'><b>testCase80005</b><br>Test class: username_match</td>
<td></td>
<td>26</td>
<td>username_match@7241a47d</td></tr>
</table><p>
</body>
</html>