<?xml version="1.0" encoding="UTF-8"?>
<testng-results ignored="0" total="190" passed="167" failed="23" skipped="0">
  <reporter-output>
  </reporter-output>
  <suite started-at="2024-03-05T09:43:13Z" name="Default suite" finished-at="2024-03-05T10:48:23Z" duration-ms="3909670">
    <groups>
    </groups>
    <test started-at="2024-03-05T09:43:13Z" name="Default test" finished-at="2024-03-05T10:48:23Z" duration-ms="3909670">
      <class name="Testng_UI">
        <test-method is-config="true" signature="setUp()[pri:0, instance:Testng_UI@49d3c823]" started-at="2024-03-05T09:43:00Z" name="setUp" finished-at="2024-03-05T09:43:13Z" duration-ms="13582" status="PASS">
          <reporter-output>
          </reporter-output>
        </test-method> <!-- setUp -->
        <test-method is-config="true" signature="maximizeWindow()[pri:0, instance:Testng_UI@49d3c823]" started-at="2024-03-05T09:43:13Z" name="maximizeWindow" finished-at="2024-03-05T09:43:14Z" duration-ms="160" status="PASS">
          <reporter-output>
          </reporter-output>
        </test-method> <!-- maximizeWindow -->
        <test-method signature="TheEconomist0001()[pri:0, instance:Testng_UI@49d3c823]" started-at="2024-03-05T09:43:14Z" name="TheEconomist0001" finished-at="2024-03-05T09:43:43Z" duration-ms="29867" status="PASS">
          <reporter-output>
          </reporter-output>
        </test-method> <!-- TheEconomist0001 -->
        <test-method is-config="true" signature="maximizeWindow()[pri:0, instance:Testng_UI@49d3c823]" started-at="2024-03-05T09:43:43Z" name="maximizeWindow" finished-at="2024-03-05T09:43:43Z" duration-ms="10" status="PASS">
          <reporter-output>
          </reporter-output>
        </test-method> <!-- maximizeWindow -->
        <test-method signature="CNN0002()[pri:1, instance:Testng_UI@49d3c823]" started-at="2024-03-05T09:43:43Z" name="CNN0002" finished-at="2024-03-05T09:44:12Z" duration-ms="28344" status="PASS">
          <reporter-output>
          </reporter-output>
        </test-method> <!-- CNN0002 -->
        <test-method is-config="true" signature="maximizeWindow()[pri:0, instance:Testng_UI@49d3c823]" started-at="2024-03-05T09:44:12Z" name="maximizeWindow" finished-at="2024-03-05T09:44:12Z" duration-ms="9" status="PASS">
          <reporter-output>
          </reporter-output>
        </test-method> <!-- maximizeWindow -->
        <test-method signature="NO_URL_TO_VERIFY30001()[pri:2, instance:Testng_UI@49d3c823]" started-at="2024-03-05T09:44:12Z" name="NO_URL_TO_VERIFY30001" finished-at="2024-03-05T09:44:33Z" duration-ms="20993" status="PASS">
          <reporter-output>
          </reporter-output>
        </test-method> <!-- NO_URL_TO_VERIFY30001 -->
        <test-method is-config="true" signature="maximizeWindow()[pri:0, instance:Testng_UI@49d3c823]" started-at="2024-03-05T09:44:33Z" name="maximizeWindow" finished-at="2024-03-05T09:44:33Z" duration-ms="9" status="PASS">
          <reporter-output>
          </reporter-output>
        </test-method> <!-- maximizeWindow -->
        <test-method signature="NO_URL_TO_VERIFY30002()[pri:3, instance:Testng_UI@49d3c823]" started-at="2024-03-05T09:44:33Z" name="NO_URL_TO_VERIFY30002" finished-at="2024-03-05T09:44:52Z" duration-ms="19170" status="PASS">
          <reporter-output>
          </reporter-output>
        </test-method> <!-- NO_URL_TO_VERIFY30002 -->
        <test-method is-config="true" signature="maximizeWindow()[pri:0, instance:Testng_UI@49d3c823]" started-at="2024-03-05T09:44:52Z" name="maximizeWindow" finished-at="2024-03-05T09:44:52Z" duration-ms="6" status="PASS">
          <reporter-output>
          </reporter-output>
        </test-method> <!-- maximizeWindow -->
        <test-method signature="NO_URL_TO_VERIFY30003()[pri:4, instance:Testng_UI@49d3c823]" started-at="2024-03-05T09:44:52Z" name="NO_URL_TO_VERIFY30003" finished-at="2024-03-05T09:45:12Z" duration-ms="20079" status="PASS">
          <reporter-output>
          </reporter-output>
        </test-method> <!-- NO_URL_TO_VERIFY30003 -->
        <test-method is-config="true" signature="maximizeWindow()[pri:0, instance:Testng_UI@49d3c823]" started-at="2024-03-05T09:45:12Z" name="maximizeWindow" finished-at="2024-03-05T09:45:12Z" duration-ms="20" status="PASS">
          <reporter-output>
          </reporter-output>
        </test-method> <!-- maximizeWindow -->
        <test-method signature="NO_URL_TO_VERIFY30004()[pri:4, instance:Testng_UI@49d3c823]" started-at="2024-03-05T09:45:12Z" name="NO_URL_TO_VERIFY30004" finished-at="2024-03-05T09:45:32Z" duration-ms="19832" status="PASS">
          <reporter-output>
          </reporter-output>
        </test-method> <!-- NO_URL_TO_VERIFY30004 -->
        <test-method is-config="true" signature="maximizeWindow()[pri:0, instance:Testng_UI@49d3c823]" started-at="2024-03-05T09:45:32Z" name="maximizeWindow" finished-at="2024-03-05T09:45:32Z" duration-ms="9" status="PASS">
          <reporter-output>
          </reporter-output>
        </test-method> <!-- maximizeWindow -->
        <test-method signature="NO_URL_TO_VERIFY30005()[pri:5, instance:Testng_UI@49d3c823]" started-at="2024-03-05T09:45:32Z" name="NO_URL_TO_VERIFY30005" finished-at="2024-03-05T09:45:54Z" duration-ms="22113" status="PASS">
          <reporter-output>
          </reporter-output>
        </test-method> <!-- NO_URL_TO_VERIFY30005 -->
        <test-method is-config="true" signature="maximizeWindow()[pri:0, instance:Testng_UI@49d3c823]" started-at="2024-03-05T09:45:54Z" name="maximizeWindow" finished-at="2024-03-05T09:45:54Z" duration-ms="10" status="PASS">
          <reporter-output>
          </reporter-output>
        </test-method> <!-- maximizeWindow -->
        <test-method signature="NO_URL_TO_VERIFY_Negative30006()[pri:6, instance:Testng_UI@49d3c823]" started-at="2024-03-05T09:45:54Z" name="NO_URL_TO_VERIFY_Negative30006" finished-at="2024-03-05T09:46:13Z" duration-ms="18831" status="PASS">
          <reporter-output>
          </reporter-output>
        </test-method> <!-- NO_URL_TO_VERIFY_Negative30006 -->
        <test-method is-config="true" signature="maximizeWindow()[pri:0, instance:Testng_UI@49d3c823]" started-at="2024-03-05T09:46:13Z" name="maximizeWindow" finished-at="2024-03-05T09:46:13Z" duration-ms="8" status="PASS">
          <reporter-output>
          </reporter-output>
        </test-method> <!-- maximizeWindow -->
        <test-method signature="NO_URL_TO_VERIFY_Negative30007()[pri:7, instance:Testng_UI@49d3c823]" started-at="2024-03-05T09:46:13Z" name="NO_URL_TO_VERIFY_Negative30007" finished-at="2024-03-05T09:46:36Z" duration-ms="23064" status="PASS">
          <reporter-output>
          </reporter-output>
        </test-method> <!-- NO_URL_TO_VERIFY_Negative30007 -->
        <test-method is-config="true" signature="maximizeWindow()[pri:0, instance:Testng_UI@49d3c823]" started-at="2024-03-05T09:46:36Z" name="maximizeWindow" finished-at="2024-03-05T09:46:36Z" duration-ms="9" status="PASS">
          <reporter-output>
          </reporter-output>
        </test-method> <!-- maximizeWindow -->
        <test-method signature="NO_URL_TO_VERIFY_Negative30008()[pri:8, instance:Testng_UI@49d3c823]" started-at="2024-03-05T09:46:36Z" name="NO_URL_TO_VERIFY_Negative30008" finished-at="2024-03-05T09:46:59Z" duration-ms="23274" status="PASS">
          <reporter-output>
          </reporter-output>
        </test-method> <!-- NO_URL_TO_VERIFY_Negative30008 -->
        <test-method is-config="true" signature="maximizeWindow()[pri:0, instance:Testng_UI@49d3c823]" started-at="2024-03-05T09:46:59Z" name="maximizeWindow" finished-at="2024-03-05T09:46:59Z" duration-ms="8" status="PASS">
          <reporter-output>
          </reporter-output>
        </test-method> <!-- maximizeWindow -->
        <test-method signature="NO_URL_TO_VERIFY_Negative30009()[pri:9, instance:Testng_UI@49d3c823]" started-at="2024-03-05T09:46:59Z" name="NO_URL_TO_VERIFY_Negative30009" finished-at="2024-03-05T09:47:24Z" duration-ms="25050" status="PASS">
          <reporter-output>
          </reporter-output>
        </test-method> <!-- NO_URL_TO_VERIFY_Negative30009 -->
        <test-method is-config="true" signature="maximizeWindow()[pri:0, instance:Testng_UI@49d3c823]" started-at="2024-03-05T09:47:24Z" name="maximizeWindow" finished-at="2024-03-05T09:47:24Z" duration-ms="11" status="PASS">
          <reporter-output>
          </reporter-output>
        </test-method> <!-- maximizeWindow -->
        <test-method signature="NO_URL_TO_VERIFY30010_Negative30010()[pri:10, instance:Testng_UI@49d3c823]" started-at="2024-03-05T09:47:24Z" name="NO_URL_TO_VERIFY30010_Negative30010" finished-at="2024-03-05T09:47:50Z" duration-ms="25231" status="PASS">
          <reporter-output>
          </reporter-output>
        </test-method> <!-- NO_URL_TO_VERIFY30010_Negative30010 -->
        <test-method is-config="true" signature="maximizeWindow()[pri:0, instance:Testng_UI@49d3c823]" started-at="2024-03-05T09:47:50Z" name="maximizeWindow" finished-at="2024-03-05T09:47:50Z" duration-ms="12" status="PASS">
          <reporter-output>
          </reporter-output>
        </test-method> <!-- maximizeWindow -->
        <test-method signature="NO_URL_TO_VERIFY_Negative30011()[pri:11, instance:Testng_UI@49d3c823]" started-at="2024-03-05T09:47:50Z" name="NO_URL_TO_VERIFY_Negative30011" finished-at="2024-03-05T09:48:15Z" duration-ms="25420" status="PASS">
          <reporter-output>
          </reporter-output>
        </test-method> <!-- NO_URL_TO_VERIFY_Negative30011 -->
        <test-method is-config="true" signature="maximizeWindow()[pri:0, instance:Testng_UI@49d3c823]" started-at="2024-03-05T09:48:15Z" name="maximizeWindow" finished-at="2024-03-05T09:48:15Z" duration-ms="10" status="PASS">
          <reporter-output>
          </reporter-output>
        </test-method> <!-- maximizeWindow -->
        <test-method signature="CANNOT_VERIFY_IMAGE_ATTACHMENT40001()[pri:12, instance:Testng_UI@49d3c823]" started-at="2024-03-05T09:48:15Z" name="CANNOT_VERIFY_IMAGE_ATTACHMENT40001" finished-at="2024-03-05T09:48:34Z" duration-ms="19418" status="PASS">
          <reporter-output>
          </reporter-output>
        </test-method> <!-- CANNOT_VERIFY_IMAGE_ATTACHMENT40001 -->
        <test-method is-config="true" signature="maximizeWindow()[pri:0, instance:Testng_UI@49d3c823]" started-at="2024-03-05T09:48:34Z" name="maximizeWindow" finished-at="2024-03-05T09:48:34Z" duration-ms="7" status="PASS">
          <reporter-output>
          </reporter-output>
        </test-method> <!-- maximizeWindow -->
        <test-method signature="CANNOT_VERIFY_IMAGE_ATTACHMENT40002()[pri:13, instance:Testng_UI@49d3c823]" started-at="2024-03-05T09:48:34Z" name="CANNOT_VERIFY_IMAGE_ATTACHMENT40002" finished-at="2024-03-05T09:48:55Z" duration-ms="20483" status="PASS">
          <reporter-output>
          </reporter-output>
        </test-method> <!-- CANNOT_VERIFY_IMAGE_ATTACHMENT40002 -->
        <test-method is-config="true" signature="maximizeWindow()[pri:0, instance:Testng_UI@49d3c823]" started-at="2024-03-05T09:48:55Z" name="maximizeWindow" finished-at="2024-03-05T09:48:55Z" duration-ms="7" status="PASS">
          <reporter-output>
          </reporter-output>
        </test-method> <!-- maximizeWindow -->
        <test-method signature="CANNOT_VERIFY_IMAGE_ATTACHMENT40003()[pri:14, instance:Testng_UI@49d3c823]" started-at="2024-03-05T09:48:55Z" name="CANNOT_VERIFY_IMAGE_ATTACHMENT40003" finished-at="2024-03-05T09:49:15Z" duration-ms="20234" status="PASS">
          <reporter-output>
          </reporter-output>
        </test-method> <!-- CANNOT_VERIFY_IMAGE_ATTACHMENT40003 -->
        <test-method is-config="true" signature="maximizeWindow()[pri:0, instance:Testng_UI@49d3c823]" started-at="2024-03-05T09:49:15Z" name="maximizeWindow" finished-at="2024-03-05T09:49:15Z" duration-ms="9" status="PASS">
          <reporter-output>
          </reporter-output>
        </test-method> <!-- maximizeWindow -->
        <test-method signature="CANNOT_VERIFY_IMAGE_ATTACHMENT40004()[pri:15, instance:Testng_UI@49d3c823]" started-at="2024-03-05T09:49:15Z" name="CANNOT_VERIFY_IMAGE_ATTACHMENT40004" finished-at="2024-03-05T09:49:32Z" duration-ms="16862" status="PASS">
          <reporter-output>
          </reporter-output>
        </test-method> <!-- CANNOT_VERIFY_IMAGE_ATTACHMENT40004 -->
        <test-method is-config="true" signature="maximizeWindow()[pri:0, instance:Testng_UI@49d3c823]" started-at="2024-03-05T09:49:32Z" name="maximizeWindow" finished-at="2024-03-05T09:49:32Z" duration-ms="8" status="PASS">
          <reporter-output>
          </reporter-output>
        </test-method> <!-- maximizeWindow -->
        <test-method signature="CANNOT_VERIFY_IMAGE_ATTACHMENT40005()[pri:16, instance:Testng_UI@49d3c823]" started-at="2024-03-05T09:49:32Z" name="CANNOT_VERIFY_IMAGE_ATTACHMENT40005" finished-at="2024-03-05T09:49:48Z" duration-ms="16266" status="PASS">
          <reporter-output>
          </reporter-output>
        </test-method> <!-- CANNOT_VERIFY_IMAGE_ATTACHMENT40005 -->
        <test-method is-config="true" signature="maximizeWindow()[pri:0, instance:Testng_UI@49d3c823]" started-at="2024-03-05T09:49:48Z" name="maximizeWindow" finished-at="2024-03-05T09:49:48Z" duration-ms="10" status="PASS">
          <reporter-output>
          </reporter-output>
        </test-method> <!-- maximizeWindow -->
        <test-method signature="CANNOT_VERIFY_IMAGE_ATTACHMENT_Negative40006()[pri:17, instance:Testng_UI@49d3c823]" started-at="2024-03-05T09:49:48Z" name="CANNOT_VERIFY_IMAGE_ATTACHMENT_Negative40006" finished-at="2024-03-05T09:50:07Z" duration-ms="18256" status="PASS">
          <reporter-output>
          </reporter-output>
        </test-method> <!-- CANNOT_VERIFY_IMAGE_ATTACHMENT_Negative40006 -->
        <test-method is-config="true" signature="maximizeWindow()[pri:0, instance:Testng_UI@49d3c823]" started-at="2024-03-05T09:50:07Z" name="maximizeWindow" finished-at="2024-03-05T09:50:07Z" duration-ms="7" status="PASS">
          <reporter-output>
          </reporter-output>
        </test-method> <!-- maximizeWindow -->
        <test-method signature="CANNOT_VERIFY_IMAGE_ATTACHMENT_Negative40007()[pri:18, instance:Testng_UI@49d3c823]" started-at="2024-03-05T09:50:07Z" name="CANNOT_VERIFY_IMAGE_ATTACHMENT_Negative40007" finished-at="2024-03-05T09:50:25Z" duration-ms="18125" status="PASS">
          <reporter-output>
          </reporter-output>
        </test-method> <!-- CANNOT_VERIFY_IMAGE_ATTACHMENT_Negative40007 -->
        <test-method is-config="true" signature="maximizeWindow()[pri:0, instance:Testng_UI@49d3c823]" started-at="2024-03-05T09:50:25Z" name="maximizeWindow" finished-at="2024-03-05T09:50:25Z" duration-ms="10" status="PASS">
          <reporter-output>
          </reporter-output>
        </test-method> <!-- maximizeWindow -->
        <test-method signature="CANNOT_VERIFY_IMAGE_ATTACHMENT_Negative40008()[pri:19, instance:Testng_UI@49d3c823]" started-at="2024-03-05T09:50:25Z" name="CANNOT_VERIFY_IMAGE_ATTACHMENT_Negative40008" finished-at="2024-03-05T09:50:43Z" duration-ms="18437" status="PASS">
          <reporter-output>
          </reporter-output>
        </test-method> <!-- CANNOT_VERIFY_IMAGE_ATTACHMENT_Negative40008 -->
        <test-method is-config="true" signature="maximizeWindow()[pri:0, instance:Testng_UI@49d3c823]" started-at="2024-03-05T09:50:43Z" name="maximizeWindow" finished-at="2024-03-05T09:50:43Z" duration-ms="7" status="PASS">
          <reporter-output>
          </reporter-output>
        </test-method> <!-- maximizeWindow -->
        <test-method signature="CANNOT_VERIFY_IMAGE_ATTACHMENT_Negative40009()[pri:20, instance:Testng_UI@49d3c823]" started-at="2024-03-05T09:50:43Z" name="CANNOT_VERIFY_IMAGE_ATTACHMENT_Negative40009" finished-at="2024-03-05T09:51:02Z" duration-ms="18788" status="PASS">
          <reporter-output>
          </reporter-output>
        </test-method> <!-- CANNOT_VERIFY_IMAGE_ATTACHMENT_Negative40009 -->
        <test-method is-config="true" signature="maximizeWindow()[pri:0, instance:Testng_UI@49d3c823]" started-at="2024-03-05T09:51:02Z" name="maximizeWindow" finished-at="2024-03-05T09:51:02Z" duration-ms="11" status="PASS">
          <reporter-output>
          </reporter-output>
        </test-method> <!-- maximizeWindow -->
        <test-method signature="CANNOT_VERIFY_IMAGE_ATTACHMENT_Negative40010()[pri:21, instance:Testng_UI@49d3c823]" started-at="2024-03-05T09:51:02Z" name="CANNOT_VERIFY_IMAGE_ATTACHMENT_Negative40010" finished-at="2024-03-05T09:51:21Z" duration-ms="18627" status="PASS">
          <reporter-output>
          </reporter-output>
        </test-method> <!-- CANNOT_VERIFY_IMAGE_ATTACHMENT_Negative40010 -->
        <test-method is-config="true" signature="maximizeWindow()[pri:0, instance:Testng_UI@49d3c823]" started-at="2024-03-05T09:51:21Z" name="maximizeWindow" finished-at="2024-03-05T09:51:21Z" duration-ms="10" status="PASS">
          <reporter-output>
          </reporter-output>
        </test-method> <!-- maximizeWindow -->
        <test-method signature="CANNOT_VERIFY_IMAGE_ATTACHMENT_Negative40011()[pri:22, instance:Testng_UI@49d3c823]" started-at="2024-03-05T09:51:21Z" name="CANNOT_VERIFY_IMAGE_ATTACHMENT_Negative40011" finished-at="2024-03-05T09:51:39Z" duration-ms="18551" status="PASS">
          <reporter-output>
          </reporter-output>
        </test-method> <!-- CANNOT_VERIFY_IMAGE_ATTACHMENT_Negative40011 -->
        <test-method is-config="true" signature="maximizeWindow()[pri:0, instance:Testng_UI@49d3c823]" started-at="2024-03-05T09:51:39Z" name="maximizeWindow" finished-at="2024-03-05T09:51:39Z" duration-ms="8" status="PASS">
          <reporter-output>
          </reporter-output>
        </test-method> <!-- maximizeWindow -->
        <test-method signature="CANNOT_VERIFY_VIDEO_ATTACHMENT5001()[pri:23, instance:Testng_UI@49d3c823]" started-at="2024-03-05T09:51:39Z" name="CANNOT_VERIFY_VIDEO_ATTACHMENT5001" finished-at="2024-03-05T09:51:55Z" duration-ms="15797" status="FAIL">
          <exception class="org.openqa.selenium.NoSuchElementException">
            <message>
              <![CDATA[no such element: Unable to locate element: {"method":"xpath","selector":"//a[normalize-space()='CNN']"}
  (Session info: chrome=115.0.5790.0)
For documentation on this error, please visit: https://www.seleniumhq.org/exceptions/no_such_element.html
Build info: version: '3.141.59', revision: 'e82be7d358', time: '2018-11-14T08:17:03'
System info: host: 'PRAKASH-4948', ip: '192.168.104.34', os.name: 'Windows 11', os.arch: 'amd64', os.version: '10.0', java.version: '18.0.2.1'
Driver info: org.openqa.selenium.chrome.ChromeDriver
Capabilities {acceptInsecureCerts: false, browserName: chrome, browserVersion: 115.0.5790.0, chrome: {chromedriverVersion: 114.0.5735.90 (386bc09e8f4f..., userDataDir: C:\Users\praka\AppData\Loca...}, goog:chromeOptions: {debuggerAddress: localhost:64564}, javascriptEnabled: true, networkConnectionEnabled: false, pageLoadStrategy: normal, platform: WINDOWS, platformName: WINDOWS, proxy: Proxy(), setWindowRect: true, strictFileInteractability: false, timeouts: {implicit: 0, pageLoad: 300000, script: 30000}, unhandledPromptBehavior: dismiss and notify, webauthn:extension:credBlob: true, webauthn:extension:largeBlob: true, webauthn:extension:minPinLength: true, webauthn:extension:prf: true, webauthn:virtualAuthenticators: true}
Session ID: 4d51670a08f81d1f35990f93f8a85827
*** Element info: {Using=xpath, value=//a[normalize-space()='CNN']}]]>
            </message>
            <full-stacktrace>
              <![CDATA[org.openqa.selenium.NoSuchElementException: no such element: Unable to locate element: {"method":"xpath","selector":"//a[normalize-space()='CNN']"}
  (Session info: chrome=115.0.5790.0)
For documentation on this error, please visit: https://www.seleniumhq.org/exceptions/no_such_element.html
Build info: version: '3.141.59', revision: 'e82be7d358', time: '2018-11-14T08:17:03'
System info: host: 'PRAKASH-4948', ip: '192.168.104.34', os.name: 'Windows 11', os.arch: 'amd64', os.version: '10.0', java.version: '18.0.2.1'
Driver info: org.openqa.selenium.chrome.ChromeDriver
Capabilities {acceptInsecureCerts: false, browserName: chrome, browserVersion: 115.0.5790.0, chrome: {chromedriverVersion: 114.0.5735.90 (386bc09e8f4f..., userDataDir: C:\Users\praka\AppData\Loca...}, goog:chromeOptions: {debuggerAddress: localhost:64564}, javascriptEnabled: true, networkConnectionEnabled: false, pageLoadStrategy: normal, platform: WINDOWS, platformName: WINDOWS, proxy: Proxy(), setWindowRect: true, strictFileInteractability: false, timeouts: {implicit: 0, pageLoad: 300000, script: 30000}, unhandledPromptBehavior: dismiss and notify, webauthn:extension:credBlob: true, webauthn:extension:largeBlob: true, webauthn:extension:minPinLength: true, webauthn:extension:prf: true, webauthn:virtualAuthenticators: true}
Session ID: 4d51670a08f81d1f35990f93f8a85827
*** Element info: {Using=xpath, value=//a[normalize-space()='CNN']}
at java.base/jdk.internal.reflect.DirectConstructorHandleAccessor.newInstance(DirectConstructorHandleAccessor.java:67)
at java.base/java.lang.reflect.Constructor.newInstanceWithCaller(Constructor.java:499)
at java.base/java.lang.reflect.Constructor.newInstance(Constructor.java:483)
at org.openqa.selenium.remote.http.W3CHttpResponseCodec.createException(W3CHttpResponseCodec.java:187)
at org.openqa.selenium.remote.http.W3CHttpResponseCodec.decode(W3CHttpResponseCodec.java:122)
at org.openqa.selenium.remote.http.W3CHttpResponseCodec.decode(W3CHttpResponseCodec.java:49)
at org.openqa.selenium.remote.HttpCommandExecutor.execute(HttpCommandExecutor.java:158)
at org.openqa.selenium.remote.service.DriverCommandExecutor.execute(DriverCommandExecutor.java:83)
at org.openqa.selenium.remote.RemoteWebDriver.execute(RemoteWebDriver.java:552)
at org.openqa.selenium.remote.RemoteWebDriver.findElement(RemoteWebDriver.java:323)
at org.openqa.selenium.remote.RemoteWebDriver.findElementByXPath(RemoteWebDriver.java:428)
at org.openqa.selenium.By$ByXPath.findElement(By.java:353)
at org.openqa.selenium.remote.RemoteWebDriver.findElement(RemoteWebDriver.java:315)
at Testng_UI.CANNOT_VERIFY_VIDEO_ATTACHMENT5001(Testng_UI.java:2054)
at java.base/jdk.internal.reflect.DirectMethodHandleAccessor.invoke(DirectMethodHandleAccessor.java:104)
at java.base/java.lang.reflect.Method.invoke(Method.java:577)
at org.testng.internal.MethodInvocationHelper.invokeMethod(MethodInvocationHelper.java:124)
at org.testng.internal.Invoker.invokeMethod(Invoker.java:583)
at org.testng.internal.Invoker.invokeTestMethod(Invoker.java:719)
at org.testng.internal.Invoker.invokeTestMethods(Invoker.java:989)
at org.testng.internal.TestMethodWorker.invokeTestMethods(TestMethodWorker.java:125)
at org.testng.internal.TestMethodWorker.run(TestMethodWorker.java:109)
at org.testng.TestRunner.privateRun(TestRunner.java:648)
at org.testng.TestRunner.run(TestRunner.java:505)
at org.testng.SuiteRunner.runTest(SuiteRunner.java:455)
at org.testng.SuiteRunner.runSequentially(SuiteRunner.java:450)
at org.testng.SuiteRunner.privateRun(SuiteRunner.java:415)
at org.testng.SuiteRunner.run(SuiteRunner.java:364)
at org.testng.SuiteRunnerWorker.runSuite(SuiteRunnerWorker.java:52)
at org.testng.SuiteRunnerWorker.run(SuiteRunnerWorker.java:84)
at org.testng.TestNG.runSuitesSequentially(TestNG.java:1208)
at org.testng.TestNG.runSuitesLocally(TestNG.java:1137)
at org.testng.TestNG.runSuites(TestNG.java:1049)
at org.testng.TestNG.run(TestNG.java:1017)
at org.testng.remote.AbstractRemoteTestNG.run(AbstractRemoteTestNG.java:115)
at org.testng.remote.RemoteTestNG.initAndRun(RemoteTestNG.java:251)
at org.testng.remote.RemoteTestNG.main(RemoteTestNG.java:77)
]]>
            </full-stacktrace>
          </exception> <!-- org.openqa.selenium.NoSuchElementException -->
          <reporter-output>
          </reporter-output>
        </test-method> <!-- CANNOT_VERIFY_VIDEO_ATTACHMENT5001 -->
        <test-method is-config="true" signature="maximizeWindow()[pri:0, instance:Testng_UI@49d3c823]" started-at="2024-03-05T09:51:55Z" name="maximizeWindow" finished-at="2024-03-05T09:51:55Z" duration-ms="7" status="PASS">
          <reporter-output>
          </reporter-output>
        </test-method> <!-- maximizeWindow -->
        <test-method signature="CANNOT_VERIFY_VIDEO_ATTACHMENT5002()[pri:24, instance:Testng_UI@49d3c823]" started-at="2024-03-05T09:51:55Z" name="CANNOT_VERIFY_VIDEO_ATTACHMENT5002" finished-at="2024-03-05T09:52:10Z" duration-ms="14653" status="FAIL">
          <exception class="java.lang.AssertionError">
            <message>
              <![CDATA[Status does not match expected expected [Inconclusive] but found [Unreferenced]]]>
            </message>
            <full-stacktrace>
              <![CDATA[java.lang.AssertionError: Status does not match expected expected [Inconclusive] but found [Unreferenced]
at org.testng.Assert.fail(Assert.java:96)
at org.testng.Assert.failNotEquals(Assert.java:776)
at org.testng.Assert.assertEqualsImpl(Assert.java:137)
at org.testng.Assert.assertEquals(Assert.java:118)
at org.testng.Assert.assertEquals(Assert.java:453)
at Testng_UI.CANNOT_VERIFY_VIDEO_ATTACHMENT5002(Testng_UI.java:2137)
at java.base/jdk.internal.reflect.DirectMethodHandleAccessor.invoke(DirectMethodHandleAccessor.java:104)
at java.base/java.lang.reflect.Method.invoke(Method.java:577)
at org.testng.internal.MethodInvocationHelper.invokeMethod(MethodInvocationHelper.java:124)
at org.testng.internal.Invoker.invokeMethod(Invoker.java:583)
at org.testng.internal.Invoker.invokeTestMethod(Invoker.java:719)
at org.testng.internal.Invoker.invokeTestMethods(Invoker.java:989)
at org.testng.internal.TestMethodWorker.invokeTestMethods(TestMethodWorker.java:125)
at org.testng.internal.TestMethodWorker.run(TestMethodWorker.java:109)
at org.testng.TestRunner.privateRun(TestRunner.java:648)
at org.testng.TestRunner.run(TestRunner.java:505)
at org.testng.SuiteRunner.runTest(SuiteRunner.java:455)
at org.testng.SuiteRunner.runSequentially(SuiteRunner.java:450)
at org.testng.SuiteRunner.privateRun(SuiteRunner.java:415)
at org.testng.SuiteRunner.run(SuiteRunner.java:364)
at org.testng.SuiteRunnerWorker.runSuite(SuiteRunnerWorker.java:52)
at org.testng.SuiteRunnerWorker.run(SuiteRunnerWorker.java:84)
at org.testng.TestNG.runSuitesSequentially(TestNG.java:1208)
at org.testng.TestNG.runSuitesLocally(TestNG.java:1137)
at org.testng.TestNG.runSuites(TestNG.java:1049)
at org.testng.TestNG.run(TestNG.java:1017)
at org.testng.remote.AbstractRemoteTestNG.run(AbstractRemoteTestNG.java:115)
at org.testng.remote.RemoteTestNG.initAndRun(RemoteTestNG.java:251)
at org.testng.remote.RemoteTestNG.main(RemoteTestNG.java:77)
]]>
            </full-stacktrace>
          </exception> <!-- java.lang.AssertionError -->
          <reporter-output>
          </reporter-output>
        </test-method> <!-- CANNOT_VERIFY_VIDEO_ATTACHMENT5002 -->
        <test-method is-config="true" signature="maximizeWindow()[pri:0, instance:Testng_UI@49d3c823]" started-at="2024-03-05T09:52:10Z" name="maximizeWindow" finished-at="2024-03-05T09:52:10Z" duration-ms="7" status="PASS">
          <reporter-output>
          </reporter-output>
        </test-method> <!-- maximizeWindow -->
        <test-method signature="CANNOT_VERIFY_VIDEO_ATTACHMENT5003()[pri:25, instance:Testng_UI@49d3c823]" started-at="2024-03-05T09:52:10Z" name="CANNOT_VERIFY_VIDEO_ATTACHMENT5003" finished-at="2024-03-05T09:52:24Z" duration-ms="14682" status="FAIL">
          <exception class="java.lang.AssertionError">
            <message>
              <![CDATA[Status does not match expected expected [Inconclusive] but found [Unreferenced]]]>
            </message>
            <full-stacktrace>
              <![CDATA[java.lang.AssertionError: Status does not match expected expected [Inconclusive] but found [Unreferenced]
at org.testng.Assert.fail(Assert.java:96)
at org.testng.Assert.failNotEquals(Assert.java:776)
at org.testng.Assert.assertEqualsImpl(Assert.java:137)
at org.testng.Assert.assertEquals(Assert.java:118)
at org.testng.Assert.assertEquals(Assert.java:453)
at Testng_UI.CANNOT_VERIFY_VIDEO_ATTACHMENT5003(Testng_UI.java:2230)
at java.base/jdk.internal.reflect.DirectMethodHandleAccessor.invoke(DirectMethodHandleAccessor.java:104)
at java.base/java.lang.reflect.Method.invoke(Method.java:577)
at org.testng.internal.MethodInvocationHelper.invokeMethod(MethodInvocationHelper.java:124)
at org.testng.internal.Invoker.invokeMethod(Invoker.java:583)
at org.testng.internal.Invoker.invokeTestMethod(Invoker.java:719)
at org.testng.internal.Invoker.invokeTestMethods(Invoker.java:989)
at org.testng.internal.TestMethodWorker.invokeTestMethods(TestMethodWorker.java:125)
at org.testng.internal.TestMethodWorker.run(TestMethodWorker.java:109)
at org.testng.TestRunner.privateRun(TestRunner.java:648)
at org.testng.TestRunner.run(TestRunner.java:505)
at org.testng.SuiteRunner.runTest(SuiteRunner.java:455)
at org.testng.SuiteRunner.runSequentially(SuiteRunner.java:450)
at org.testng.SuiteRunner.privateRun(SuiteRunner.java:415)
at org.testng.SuiteRunner.run(SuiteRunner.java:364)
at org.testng.SuiteRunnerWorker.runSuite(SuiteRunnerWorker.java:52)
at org.testng.SuiteRunnerWorker.run(SuiteRunnerWorker.java:84)
at org.testng.TestNG.runSuitesSequentially(TestNG.java:1208)
at org.testng.TestNG.runSuitesLocally(TestNG.java:1137)
at org.testng.TestNG.runSuites(TestNG.java:1049)
at org.testng.TestNG.run(TestNG.java:1017)
at org.testng.remote.AbstractRemoteTestNG.run(AbstractRemoteTestNG.java:115)
at org.testng.remote.RemoteTestNG.initAndRun(RemoteTestNG.java:251)
at org.testng.remote.RemoteTestNG.main(RemoteTestNG.java:77)
]]>
            </full-stacktrace>
          </exception> <!-- java.lang.AssertionError -->
          <reporter-output>
          </reporter-output>
        </test-method> <!-- CANNOT_VERIFY_VIDEO_ATTACHMENT5003 -->
        <test-method is-config="true" signature="maximizeWindow()[pri:0, instance:Testng_UI@49d3c823]" started-at="2024-03-05T09:52:24Z" name="maximizeWindow" finished-at="2024-03-05T09:52:24Z" duration-ms="8" status="PASS">
          <reporter-output>
          </reporter-output>
        </test-method> <!-- maximizeWindow -->
        <test-method signature="CANNOT_VERIFY_VIDEO_ATTACHMENT5004()[pri:26, instance:Testng_UI@49d3c823]" started-at="2024-03-05T09:52:24Z" name="CANNOT_VERIFY_VIDEO_ATTACHMENT5004" finished-at="2024-03-05T09:52:34Z" duration-ms="9177" status="FAIL">
          <exception class="org.openqa.selenium.StaleElementReferenceException">
            <message>
              <![CDATA[stale element reference: stale element not found
  (Session info: chrome=115.0.5790.0)
For documentation on this error, please visit: https://www.seleniumhq.org/exceptions/stale_element_reference.html
Build info: version: '3.141.59', revision: 'e82be7d358', time: '2018-11-14T08:17:03'
System info: host: 'PRAKASH-4948', ip: '192.168.104.34', os.name: 'Windows 11', os.arch: 'amd64', os.version: '10.0', java.version: '18.0.2.1'
Driver info: org.openqa.selenium.chrome.ChromeDriver
Capabilities {acceptInsecureCerts: false, browserName: chrome, browserVersion: 115.0.5790.0, chrome: {chromedriverVersion: 114.0.5735.90 (386bc09e8f4f..., userDataDir: C:\Users\praka\AppData\Loca...}, goog:chromeOptions: {debuggerAddress: localhost:64564}, javascriptEnabled: true, networkConnectionEnabled: false, pageLoadStrategy: normal, platform: WINDOWS, platformName: WINDOWS, proxy: Proxy(), setWindowRect: true, strictFileInteractability: false, timeouts: {implicit: 0, pageLoad: 300000, script: 30000}, unhandledPromptBehavior: dismiss and notify, webauthn:extension:credBlob: true, webauthn:extension:largeBlob: true, webauthn:extension:minPinLength: true, webauthn:extension:prf: true, webauthn:virtualAuthenticators: true}
Session ID: 4d51670a08f81d1f35990f93f8a85827]]>
            </message>
            <full-stacktrace>
              <![CDATA[org.openqa.selenium.StaleElementReferenceException: stale element reference: stale element not found
  (Session info: chrome=115.0.5790.0)
For documentation on this error, please visit: https://www.seleniumhq.org/exceptions/stale_element_reference.html
Build info: version: '3.141.59', revision: 'e82be7d358', time: '2018-11-14T08:17:03'
System info: host: 'PRAKASH-4948', ip: '192.168.104.34', os.name: 'Windows 11', os.arch: 'amd64', os.version: '10.0', java.version: '18.0.2.1'
Driver info: org.openqa.selenium.chrome.ChromeDriver
Capabilities {acceptInsecureCerts: false, browserName: chrome, browserVersion: 115.0.5790.0, chrome: {chromedriverVersion: 114.0.5735.90 (386bc09e8f4f..., userDataDir: C:\Users\praka\AppData\Loca...}, goog:chromeOptions: {debuggerAddress: localhost:64564}, javascriptEnabled: true, networkConnectionEnabled: false, pageLoadStrategy: normal, platform: WINDOWS, platformName: WINDOWS, proxy: Proxy(), setWindowRect: true, strictFileInteractability: false, timeouts: {implicit: 0, pageLoad: 300000, script: 30000}, unhandledPromptBehavior: dismiss and notify, webauthn:extension:credBlob: true, webauthn:extension:largeBlob: true, webauthn:extension:minPinLength: true, webauthn:extension:prf: true, webauthn:virtualAuthenticators: true}
Session ID: 4d51670a08f81d1f35990f93f8a85827
at java.base/jdk.internal.reflect.DirectConstructorHandleAccessor.newInstance(DirectConstructorHandleAccessor.java:67)
at java.base/java.lang.reflect.Constructor.newInstanceWithCaller(Constructor.java:499)
at java.base/java.lang.reflect.Constructor.newInstance(Constructor.java:483)
at org.openqa.selenium.remote.http.W3CHttpResponseCodec.createException(W3CHttpResponseCodec.java:187)
at org.openqa.selenium.remote.http.W3CHttpResponseCodec.decode(W3CHttpResponseCodec.java:122)
at org.openqa.selenium.remote.http.W3CHttpResponseCodec.decode(W3CHttpResponseCodec.java:49)
at org.openqa.selenium.remote.HttpCommandExecutor.execute(HttpCommandExecutor.java:158)
at org.openqa.selenium.remote.service.DriverCommandExecutor.execute(DriverCommandExecutor.java:83)
at org.openqa.selenium.remote.RemoteWebDriver.execute(RemoteWebDriver.java:552)
at org.openqa.selenium.remote.RemoteWebDriver.executeScript(RemoteWebDriver.java:489)
at Testng_UI.CANNOT_VERIFY_VIDEO_ATTACHMENT5004(Testng_UI.java:2297)
at java.base/jdk.internal.reflect.DirectMethodHandleAccessor.invoke(DirectMethodHandleAccessor.java:104)
at java.base/java.lang.reflect.Method.invoke(Method.java:577)
at org.testng.internal.MethodInvocationHelper.invokeMethod(MethodInvocationHelper.java:124)
at org.testng.internal.Invoker.invokeMethod(Invoker.java:583)
at org.testng.internal.Invoker.invokeTestMethod(Invoker.java:719)
at org.testng.internal.Invoker.invokeTestMethods(Invoker.java:989)
at org.testng.internal.TestMethodWorker.invokeTestMethods(TestMethodWorker.java:125)
at org.testng.internal.TestMethodWorker.run(TestMethodWorker.java:109)
at org.testng.TestRunner.privateRun(TestRunner.java:648)
at org.testng.TestRunner.run(TestRunner.java:505)
at org.testng.SuiteRunner.runTest(SuiteRunner.java:455)
at org.testng.SuiteRunner.runSequentially(SuiteRunner.java:450)
at org.testng.SuiteRunner.privateRun(SuiteRunner.java:415)
at org.testng.SuiteRunner.run(SuiteRunner.java:364)
at org.testng.SuiteRunnerWorker.runSuite(SuiteRunnerWorker.java:52)
at org.testng.SuiteRunnerWorker.run(SuiteRunnerWorker.java:84)
at org.testng.TestNG.runSuitesSequentially(TestNG.java:1208)
at org.testng.TestNG.runSuitesLocally(TestNG.java:1137)
at org.testng.TestNG.runSuites(TestNG.java:1049)
at org.testng.TestNG.run(TestNG.java:1017)
at org.testng.remote.AbstractRemoteTestNG.run(AbstractRemoteTestNG.java:115)
at org.testng.remote.RemoteTestNG.initAndRun(RemoteTestNG.java:251)
at org.testng.remote.RemoteTestNG.main(RemoteTestNG.java:77)
]]>
            </full-stacktrace>
          </exception> <!-- org.openqa.selenium.StaleElementReferenceException -->
          <reporter-output>
          </reporter-output>
        </test-method> <!-- CANNOT_VERIFY_VIDEO_ATTACHMENT5004 -->
        <test-method is-config="true" signature="maximizeWindow()[pri:0, instance:Testng_UI@49d3c823]" started-at="2024-03-05T09:52:34Z" name="maximizeWindow" finished-at="2024-03-05T09:52:34Z" duration-ms="10" status="PASS">
          <reporter-output>
          </reporter-output>
        </test-method> <!-- maximizeWindow -->
        <test-method signature="CANNOT_VERIFY_VIDEO_ATTACHMENT5005()[pri:27, instance:Testng_UI@49d3c823]" started-at="2024-03-05T09:52:34Z" name="CANNOT_VERIFY_VIDEO_ATTACHMENT5005" finished-at="2024-03-05T09:52:49Z" duration-ms="15595" status="FAIL">
          <exception class="org.openqa.selenium.NoSuchElementException">
            <message>
              <![CDATA[no such element: Unable to locate element: {"method":"xpath","selector":"//a[normalize-space()='CNN']"}
  (Session info: chrome=115.0.5790.0)
For documentation on this error, please visit: https://www.seleniumhq.org/exceptions/no_such_element.html
Build info: version: '3.141.59', revision: 'e82be7d358', time: '2018-11-14T08:17:03'
System info: host: 'PRAKASH-4948', ip: '192.168.104.34', os.name: 'Windows 11', os.arch: 'amd64', os.version: '10.0', java.version: '18.0.2.1'
Driver info: org.openqa.selenium.chrome.ChromeDriver
Capabilities {acceptInsecureCerts: false, browserName: chrome, browserVersion: 115.0.5790.0, chrome: {chromedriverVersion: 114.0.5735.90 (386bc09e8f4f..., userDataDir: C:\Users\praka\AppData\Loca...}, goog:chromeOptions: {debuggerAddress: localhost:64564}, javascriptEnabled: true, networkConnectionEnabled: false, pageLoadStrategy: normal, platform: WINDOWS, platformName: WINDOWS, proxy: Proxy(), setWindowRect: true, strictFileInteractability: false, timeouts: {implicit: 0, pageLoad: 300000, script: 30000}, unhandledPromptBehavior: dismiss and notify, webauthn:extension:credBlob: true, webauthn:extension:largeBlob: true, webauthn:extension:minPinLength: true, webauthn:extension:prf: true, webauthn:virtualAuthenticators: true}
Session ID: 4d51670a08f81d1f35990f93f8a85827
*** Element info: {Using=xpath, value=//a[normalize-space()='CNN']}]]>
            </message>
            <full-stacktrace>
              <![CDATA[org.openqa.selenium.NoSuchElementException: no such element: Unable to locate element: {"method":"xpath","selector":"//a[normalize-space()='CNN']"}
  (Session info: chrome=115.0.5790.0)
For documentation on this error, please visit: https://www.seleniumhq.org/exceptions/no_such_element.html
Build info: version: '3.141.59', revision: 'e82be7d358', time: '2018-11-14T08:17:03'
System info: host: 'PRAKASH-4948', ip: '192.168.104.34', os.name: 'Windows 11', os.arch: 'amd64', os.version: '10.0', java.version: '18.0.2.1'
Driver info: org.openqa.selenium.chrome.ChromeDriver
Capabilities {acceptInsecureCerts: false, browserName: chrome, browserVersion: 115.0.5790.0, chrome: {chromedriverVersion: 114.0.5735.90 (386bc09e8f4f..., userDataDir: C:\Users\praka\AppData\Loca...}, goog:chromeOptions: {debuggerAddress: localhost:64564}, javascriptEnabled: true, networkConnectionEnabled: false, pageLoadStrategy: normal, platform: WINDOWS, platformName: WINDOWS, proxy: Proxy(), setWindowRect: true, strictFileInteractability: false, timeouts: {implicit: 0, pageLoad: 300000, script: 30000}, unhandledPromptBehavior: dismiss and notify, webauthn:extension:credBlob: true, webauthn:extension:largeBlob: true, webauthn:extension:minPinLength: true, webauthn:extension:prf: true, webauthn:virtualAuthenticators: true}
Session ID: 4d51670a08f81d1f35990f93f8a85827
*** Element info: {Using=xpath, value=//a[normalize-space()='CNN']}
at java.base/jdk.internal.reflect.DirectConstructorHandleAccessor.newInstance(DirectConstructorHandleAccessor.java:67)
at java.base/java.lang.reflect.Constructor.newInstanceWithCaller(Constructor.java:499)
at java.base/java.lang.reflect.Constructor.newInstance(Constructor.java:483)
at org.openqa.selenium.remote.http.W3CHttpResponseCodec.createException(W3CHttpResponseCodec.java:187)
at org.openqa.selenium.remote.http.W3CHttpResponseCodec.decode(W3CHttpResponseCodec.java:122)
at org.openqa.selenium.remote.http.W3CHttpResponseCodec.decode(W3CHttpResponseCodec.java:49)
at org.openqa.selenium.remote.HttpCommandExecutor.execute(HttpCommandExecutor.java:158)
at org.openqa.selenium.remote.service.DriverCommandExecutor.execute(DriverCommandExecutor.java:83)
at org.openqa.selenium.remote.RemoteWebDriver.execute(RemoteWebDriver.java:552)
at org.openqa.selenium.remote.RemoteWebDriver.findElement(RemoteWebDriver.java:323)
at org.openqa.selenium.remote.RemoteWebDriver.findElementByXPath(RemoteWebDriver.java:428)
at org.openqa.selenium.By$ByXPath.findElement(By.java:353)
at org.openqa.selenium.remote.RemoteWebDriver.findElement(RemoteWebDriver.java:315)
at Testng_UI.CANNOT_VERIFY_VIDEO_ATTACHMENT5005(Testng_UI.java:2427)
at java.base/jdk.internal.reflect.DirectMethodHandleAccessor.invoke(DirectMethodHandleAccessor.java:104)
at java.base/java.lang.reflect.Method.invoke(Method.java:577)
at org.testng.internal.MethodInvocationHelper.invokeMethod(MethodInvocationHelper.java:124)
at org.testng.internal.Invoker.invokeMethod(Invoker.java:583)
at org.testng.internal.Invoker.invokeTestMethod(Invoker.java:719)
at org.testng.internal.Invoker.invokeTestMethods(Invoker.java:989)
at org.testng.internal.TestMethodWorker.invokeTestMethods(TestMethodWorker.java:125)
at org.testng.internal.TestMethodWorker.run(TestMethodWorker.java:109)
at org.testng.TestRunner.privateRun(TestRunner.java:648)
at org.testng.TestRunner.run(TestRunner.java:505)
at org.testng.SuiteRunner.runTest(SuiteRunner.java:455)
at org.testng.SuiteRunner.runSequentially(SuiteRunner.java:450)
at org.testng.SuiteRunner.privateRun(SuiteRunner.java:415)
at org.testng.SuiteRunner.run(SuiteRunner.java:364)
at org.testng.SuiteRunnerWorker.runSuite(SuiteRunnerWorker.java:52)
at org.testng.SuiteRunnerWorker.run(SuiteRunnerWorker.java:84)
at org.testng.TestNG.runSuitesSequentially(TestNG.java:1208)
at org.testng.TestNG.runSuitesLocally(TestNG.java:1137)
at org.testng.TestNG.runSuites(TestNG.java:1049)
at org.testng.TestNG.run(TestNG.java:1017)
at org.testng.remote.AbstractRemoteTestNG.run(AbstractRemoteTestNG.java:115)
at org.testng.remote.RemoteTestNG.initAndRun(RemoteTestNG.java:251)
at org.testng.remote.RemoteTestNG.main(RemoteTestNG.java:77)
]]>
            </full-stacktrace>
          </exception> <!-- org.openqa.selenium.NoSuchElementException -->
          <reporter-output>
          </reporter-output>
        </test-method> <!-- CANNOT_VERIFY_VIDEO_ATTACHMENT5005 -->
        <test-method is-config="true" signature="maximizeWindow()[pri:0, instance:Testng_UI@49d3c823]" started-at="2024-03-05T09:52:49Z" name="maximizeWindow" finished-at="2024-03-05T09:52:49Z" duration-ms="14" status="PASS">
          <reporter-output>
          </reporter-output>
        </test-method> <!-- maximizeWindow -->
        <test-method signature="CANNOT_VERIFY_VIDEO_ATTACHMENT_Negative5006()[pri:28, instance:Testng_UI@49d3c823]" started-at="2024-03-05T09:52:49Z" name="CANNOT_VERIFY_VIDEO_ATTACHMENT_Negative5006" finished-at="2024-03-05T09:53:05Z" duration-ms="16200" status="FAIL">
          <exception class="org.openqa.selenium.NoSuchElementException">
            <message>
              <![CDATA[no such element: Unable to locate element: {"method":"xpath","selector":"//a[normalize-space()='CNN']"}
  (Session info: chrome=115.0.5790.0)
For documentation on this error, please visit: https://www.seleniumhq.org/exceptions/no_such_element.html
Build info: version: '3.141.59', revision: 'e82be7d358', time: '2018-11-14T08:17:03'
System info: host: 'PRAKASH-4948', ip: '192.168.104.34', os.name: 'Windows 11', os.arch: 'amd64', os.version: '10.0', java.version: '18.0.2.1'
Driver info: org.openqa.selenium.chrome.ChromeDriver
Capabilities {acceptInsecureCerts: false, browserName: chrome, browserVersion: 115.0.5790.0, chrome: {chromedriverVersion: 114.0.5735.90 (386bc09e8f4f..., userDataDir: C:\Users\praka\AppData\Loca...}, goog:chromeOptions: {debuggerAddress: localhost:64564}, javascriptEnabled: true, networkConnectionEnabled: false, pageLoadStrategy: normal, platform: WINDOWS, platformName: WINDOWS, proxy: Proxy(), setWindowRect: true, strictFileInteractability: false, timeouts: {implicit: 0, pageLoad: 300000, script: 30000}, unhandledPromptBehavior: dismiss and notify, webauthn:extension:credBlob: true, webauthn:extension:largeBlob: true, webauthn:extension:minPinLength: true, webauthn:extension:prf: true, webauthn:virtualAuthenticators: true}
Session ID: 4d51670a08f81d1f35990f93f8a85827
*** Element info: {Using=xpath, value=//a[normalize-space()='CNN']}]]>
            </message>
            <full-stacktrace>
              <![CDATA[org.openqa.selenium.NoSuchElementException: no such element: Unable to locate element: {"method":"xpath","selector":"//a[normalize-space()='CNN']"}
  (Session info: chrome=115.0.5790.0)
For documentation on this error, please visit: https://www.seleniumhq.org/exceptions/no_such_element.html
Build info: version: '3.141.59', revision: 'e82be7d358', time: '2018-11-14T08:17:03'
System info: host: 'PRAKASH-4948', ip: '192.168.104.34', os.name: 'Windows 11', os.arch: 'amd64', os.version: '10.0', java.version: '18.0.2.1'
Driver info: org.openqa.selenium.chrome.ChromeDriver
Capabilities {acceptInsecureCerts: false, browserName: chrome, browserVersion: 115.0.5790.0, chrome: {chromedriverVersion: 114.0.5735.90 (386bc09e8f4f..., userDataDir: C:\Users\praka\AppData\Loca...}, goog:chromeOptions: {debuggerAddress: localhost:64564}, javascriptEnabled: true, networkConnectionEnabled: false, pageLoadStrategy: normal, platform: WINDOWS, platformName: WINDOWS, proxy: Proxy(), setWindowRect: true, strictFileInteractability: false, timeouts: {implicit: 0, pageLoad: 300000, script: 30000}, unhandledPromptBehavior: dismiss and notify, webauthn:extension:credBlob: true, webauthn:extension:largeBlob: true, webauthn:extension:minPinLength: true, webauthn:extension:prf: true, webauthn:virtualAuthenticators: true}
Session ID: 4d51670a08f81d1f35990f93f8a85827
*** Element info: {Using=xpath, value=//a[normalize-space()='CNN']}
at java.base/jdk.internal.reflect.DirectConstructorHandleAccessor.newInstance(DirectConstructorHandleAccessor.java:67)
at java.base/java.lang.reflect.Constructor.newInstanceWithCaller(Constructor.java:499)
at java.base/java.lang.reflect.Constructor.newInstance(Constructor.java:483)
at org.openqa.selenium.remote.http.W3CHttpResponseCodec.createException(W3CHttpResponseCodec.java:187)
at org.openqa.selenium.remote.http.W3CHttpResponseCodec.decode(W3CHttpResponseCodec.java:122)
at org.openqa.selenium.remote.http.W3CHttpResponseCodec.decode(W3CHttpResponseCodec.java:49)
at org.openqa.selenium.remote.HttpCommandExecutor.execute(HttpCommandExecutor.java:158)
at org.openqa.selenium.remote.service.DriverCommandExecutor.execute(DriverCommandExecutor.java:83)
at org.openqa.selenium.remote.RemoteWebDriver.execute(RemoteWebDriver.java:552)
at org.openqa.selenium.remote.RemoteWebDriver.findElement(RemoteWebDriver.java:323)
at org.openqa.selenium.remote.RemoteWebDriver.findElementByXPath(RemoteWebDriver.java:428)
at org.openqa.selenium.By$ByXPath.findElement(By.java:353)
at org.openqa.selenium.remote.RemoteWebDriver.findElement(RemoteWebDriver.java:315)
at Testng_UI.CANNOT_VERIFY_VIDEO_ATTACHMENT_Negative5006(Testng_UI.java:2521)
at java.base/jdk.internal.reflect.DirectMethodHandleAccessor.invoke(DirectMethodHandleAccessor.java:104)
at java.base/java.lang.reflect.Method.invoke(Method.java:577)
at org.testng.internal.MethodInvocationHelper.invokeMethod(MethodInvocationHelper.java:124)
at org.testng.internal.Invoker.invokeMethod(Invoker.java:583)
at org.testng.internal.Invoker.invokeTestMethod(Invoker.java:719)
at org.testng.internal.Invoker.invokeTestMethods(Invoker.java:989)
at org.testng.internal.TestMethodWorker.invokeTestMethods(TestMethodWorker.java:125)
at org.testng.internal.TestMethodWorker.run(TestMethodWorker.java:109)
at org.testng.TestRunner.privateRun(TestRunner.java:648)
at org.testng.TestRunner.run(TestRunner.java:505)
at org.testng.SuiteRunner.runTest(SuiteRunner.java:455)
at org.testng.SuiteRunner.runSequentially(SuiteRunner.java:450)
at org.testng.SuiteRunner.privateRun(SuiteRunner.java:415)
at org.testng.SuiteRunner.run(SuiteRunner.java:364)
at org.testng.SuiteRunnerWorker.runSuite(SuiteRunnerWorker.java:52)
at org.testng.SuiteRunnerWorker.run(SuiteRunnerWorker.java:84)
at org.testng.TestNG.runSuitesSequentially(TestNG.java:1208)
at org.testng.TestNG.runSuitesLocally(TestNG.java:1137)
at org.testng.TestNG.runSuites(TestNG.java:1049)
at org.testng.TestNG.run(TestNG.java:1017)
at org.testng.remote.AbstractRemoteTestNG.run(AbstractRemoteTestNG.java:115)
at org.testng.remote.RemoteTestNG.initAndRun(RemoteTestNG.java:251)
at org.testng.remote.RemoteTestNG.main(RemoteTestNG.java:77)
]]>
            </full-stacktrace>
          </exception> <!-- org.openqa.selenium.NoSuchElementException -->
          <reporter-output>
          </reporter-output>
        </test-method> <!-- CANNOT_VERIFY_VIDEO_ATTACHMENT_Negative5006 -->
        <test-method is-config="true" signature="maximizeWindow()[pri:0, instance:Testng_UI@49d3c823]" started-at="2024-03-05T09:53:05Z" name="maximizeWindow" finished-at="2024-03-05T09:53:05Z" duration-ms="9" status="PASS">
          <reporter-output>
          </reporter-output>
        </test-method> <!-- maximizeWindow -->
        <test-method signature="CANNOT_VERIFY_VIDEO_ATTACHMENT_Negative5007()[pri:29, instance:Testng_UI@49d3c823]" started-at="2024-03-05T09:53:05Z" name="CANNOT_VERIFY_VIDEO_ATTACHMENT_Negative5007" finished-at="2024-03-05T09:53:21Z" duration-ms="15809" status="FAIL">
          <exception class="org.openqa.selenium.NoSuchElementException">
            <message>
              <![CDATA[no such element: Unable to locate element: {"method":"xpath","selector":"//a[normalize-space()='CNN']"}
  (Session info: chrome=115.0.5790.0)
For documentation on this error, please visit: https://www.seleniumhq.org/exceptions/no_such_element.html
Build info: version: '3.141.59', revision: 'e82be7d358', time: '2018-11-14T08:17:03'
System info: host: 'PRAKASH-4948', ip: '192.168.104.34', os.name: 'Windows 11', os.arch: 'amd64', os.version: '10.0', java.version: '18.0.2.1'
Driver info: org.openqa.selenium.chrome.ChromeDriver
Capabilities {acceptInsecureCerts: false, browserName: chrome, browserVersion: 115.0.5790.0, chrome: {chromedriverVersion: 114.0.5735.90 (386bc09e8f4f..., userDataDir: C:\Users\praka\AppData\Loca...}, goog:chromeOptions: {debuggerAddress: localhost:64564}, javascriptEnabled: true, networkConnectionEnabled: false, pageLoadStrategy: normal, platform: WINDOWS, platformName: WINDOWS, proxy: Proxy(), setWindowRect: true, strictFileInteractability: false, timeouts: {implicit: 0, pageLoad: 300000, script: 30000}, unhandledPromptBehavior: dismiss and notify, webauthn:extension:credBlob: true, webauthn:extension:largeBlob: true, webauthn:extension:minPinLength: true, webauthn:extension:prf: true, webauthn:virtualAuthenticators: true}
Session ID: 4d51670a08f81d1f35990f93f8a85827
*** Element info: {Using=xpath, value=//a[normalize-space()='CNN']}]]>
            </message>
            <full-stacktrace>
              <![CDATA[org.openqa.selenium.NoSuchElementException: no such element: Unable to locate element: {"method":"xpath","selector":"//a[normalize-space()='CNN']"}
  (Session info: chrome=115.0.5790.0)
For documentation on this error, please visit: https://www.seleniumhq.org/exceptions/no_such_element.html
Build info: version: '3.141.59', revision: 'e82be7d358', time: '2018-11-14T08:17:03'
System info: host: 'PRAKASH-4948', ip: '192.168.104.34', os.name: 'Windows 11', os.arch: 'amd64', os.version: '10.0', java.version: '18.0.2.1'
Driver info: org.openqa.selenium.chrome.ChromeDriver
Capabilities {acceptInsecureCerts: false, browserName: chrome, browserVersion: 115.0.5790.0, chrome: {chromedriverVersion: 114.0.5735.90 (386bc09e8f4f..., userDataDir: C:\Users\praka\AppData\Loca...}, goog:chromeOptions: {debuggerAddress: localhost:64564}, javascriptEnabled: true, networkConnectionEnabled: false, pageLoadStrategy: normal, platform: WINDOWS, platformName: WINDOWS, proxy: Proxy(), setWindowRect: true, strictFileInteractability: false, timeouts: {implicit: 0, pageLoad: 300000, script: 30000}, unhandledPromptBehavior: dismiss and notify, webauthn:extension:credBlob: true, webauthn:extension:largeBlob: true, webauthn:extension:minPinLength: true, webauthn:extension:prf: true, webauthn:virtualAuthenticators: true}
Session ID: 4d51670a08f81d1f35990f93f8a85827
*** Element info: {Using=xpath, value=//a[normalize-space()='CNN']}
at java.base/jdk.internal.reflect.DirectConstructorHandleAccessor.newInstance(DirectConstructorHandleAccessor.java:67)
at java.base/java.lang.reflect.Constructor.newInstanceWithCaller(Constructor.java:499)
at java.base/java.lang.reflect.Constructor.newInstance(Constructor.java:483)
at org.openqa.selenium.remote.http.W3CHttpResponseCodec.createException(W3CHttpResponseCodec.java:187)
at org.openqa.selenium.remote.http.W3CHttpResponseCodec.decode(W3CHttpResponseCodec.java:122)
at org.openqa.selenium.remote.http.W3CHttpResponseCodec.decode(W3CHttpResponseCodec.java:49)
at org.openqa.selenium.remote.HttpCommandExecutor.execute(HttpCommandExecutor.java:158)
at org.openqa.selenium.remote.service.DriverCommandExecutor.execute(DriverCommandExecutor.java:83)
at org.openqa.selenium.remote.RemoteWebDriver.execute(RemoteWebDriver.java:552)
at org.openqa.selenium.remote.RemoteWebDriver.findElement(RemoteWebDriver.java:323)
at org.openqa.selenium.remote.RemoteWebDriver.findElementByXPath(RemoteWebDriver.java:428)
at org.openqa.selenium.By$ByXPath.findElement(By.java:353)
at org.openqa.selenium.remote.RemoteWebDriver.findElement(RemoteWebDriver.java:315)
at Testng_UI.CANNOT_VERIFY_VIDEO_ATTACHMENT_Negative5007(Testng_UI.java:2615)
at java.base/jdk.internal.reflect.DirectMethodHandleAccessor.invoke(DirectMethodHandleAccessor.java:104)
at java.base/java.lang.reflect.Method.invoke(Method.java:577)
at org.testng.internal.MethodInvocationHelper.invokeMethod(MethodInvocationHelper.java:124)
at org.testng.internal.Invoker.invokeMethod(Invoker.java:583)
at org.testng.internal.Invoker.invokeTestMethod(Invoker.java:719)
at org.testng.internal.Invoker.invokeTestMethods(Invoker.java:989)
at org.testng.internal.TestMethodWorker.invokeTestMethods(TestMethodWorker.java:125)
at org.testng.internal.TestMethodWorker.run(TestMethodWorker.java:109)
at org.testng.TestRunner.privateRun(TestRunner.java:648)
at org.testng.TestRunner.run(TestRunner.java:505)
at org.testng.SuiteRunner.runTest(SuiteRunner.java:455)
at org.testng.SuiteRunner.runSequentially(SuiteRunner.java:450)
at org.testng.SuiteRunner.privateRun(SuiteRunner.java:415)
at org.testng.SuiteRunner.run(SuiteRunner.java:364)
at org.testng.SuiteRunnerWorker.runSuite(SuiteRunnerWorker.java:52)
at org.testng.SuiteRunnerWorker.run(SuiteRunnerWorker.java:84)
at org.testng.TestNG.runSuitesSequentially(TestNG.java:1208)
at org.testng.TestNG.runSuitesLocally(TestNG.java:1137)
at org.testng.TestNG.runSuites(TestNG.java:1049)
at org.testng.TestNG.run(TestNG.java:1017)
at org.testng.remote.AbstractRemoteTestNG.run(AbstractRemoteTestNG.java:115)
at org.testng.remote.RemoteTestNG.initAndRun(RemoteTestNG.java:251)
at org.testng.remote.RemoteTestNG.main(RemoteTestNG.java:77)
]]>
            </full-stacktrace>
          </exception> <!-- org.openqa.selenium.NoSuchElementException -->
          <reporter-output>
          </reporter-output>
        </test-method> <!-- CANNOT_VERIFY_VIDEO_ATTACHMENT_Negative5007 -->
        <test-method is-config="true" signature="maximizeWindow()[pri:0, instance:Testng_UI@49d3c823]" started-at="2024-03-05T09:53:21Z" name="maximizeWindow" finished-at="2024-03-05T09:53:21Z" duration-ms="8" status="PASS">
          <reporter-output>
          </reporter-output>
        </test-method> <!-- maximizeWindow -->
        <test-method signature="CANNOT_VERIFY_VIDEO_ATTACHMENT_Negative5008()[pri:30, instance:Testng_UI@49d3c823]" started-at="2024-03-05T09:53:21Z" name="CANNOT_VERIFY_VIDEO_ATTACHMENT_Negative5008" finished-at="2024-03-05T09:53:37Z" duration-ms="16254" status="FAIL">
          <exception class="org.openqa.selenium.NoSuchElementException">
            <message>
              <![CDATA[no such element: Unable to locate element: {"method":"xpath","selector":"//a[normalize-space()='CNN']"}
  (Session info: chrome=115.0.5790.0)
For documentation on this error, please visit: https://www.seleniumhq.org/exceptions/no_such_element.html
Build info: version: '3.141.59', revision: 'e82be7d358', time: '2018-11-14T08:17:03'
System info: host: 'PRAKASH-4948', ip: '192.168.104.34', os.name: 'Windows 11', os.arch: 'amd64', os.version: '10.0', java.version: '18.0.2.1'
Driver info: org.openqa.selenium.chrome.ChromeDriver
Capabilities {acceptInsecureCerts: false, browserName: chrome, browserVersion: 115.0.5790.0, chrome: {chromedriverVersion: 114.0.5735.90 (386bc09e8f4f..., userDataDir: C:\Users\praka\AppData\Loca...}, goog:chromeOptions: {debuggerAddress: localhost:64564}, javascriptEnabled: true, networkConnectionEnabled: false, pageLoadStrategy: normal, platform: WINDOWS, platformName: WINDOWS, proxy: Proxy(), setWindowRect: true, strictFileInteractability: false, timeouts: {implicit: 0, pageLoad: 300000, script: 30000}, unhandledPromptBehavior: dismiss and notify, webauthn:extension:credBlob: true, webauthn:extension:largeBlob: true, webauthn:extension:minPinLength: true, webauthn:extension:prf: true, webauthn:virtualAuthenticators: true}
Session ID: 4d51670a08f81d1f35990f93f8a85827
*** Element info: {Using=xpath, value=//a[normalize-space()='CNN']}]]>
            </message>
            <full-stacktrace>
              <![CDATA[org.openqa.selenium.NoSuchElementException: no such element: Unable to locate element: {"method":"xpath","selector":"//a[normalize-space()='CNN']"}
  (Session info: chrome=115.0.5790.0)
For documentation on this error, please visit: https://www.seleniumhq.org/exceptions/no_such_element.html
Build info: version: '3.141.59', revision: 'e82be7d358', time: '2018-11-14T08:17:03'
System info: host: 'PRAKASH-4948', ip: '192.168.104.34', os.name: 'Windows 11', os.arch: 'amd64', os.version: '10.0', java.version: '18.0.2.1'
Driver info: org.openqa.selenium.chrome.ChromeDriver
Capabilities {acceptInsecureCerts: false, browserName: chrome, browserVersion: 115.0.5790.0, chrome: {chromedriverVersion: 114.0.5735.90 (386bc09e8f4f..., userDataDir: C:\Users\praka\AppData\Loca...}, goog:chromeOptions: {debuggerAddress: localhost:64564}, javascriptEnabled: true, networkConnectionEnabled: false, pageLoadStrategy: normal, platform: WINDOWS, platformName: WINDOWS, proxy: Proxy(), setWindowRect: true, strictFileInteractability: false, timeouts: {implicit: 0, pageLoad: 300000, script: 30000}, unhandledPromptBehavior: dismiss and notify, webauthn:extension:credBlob: true, webauthn:extension:largeBlob: true, webauthn:extension:minPinLength: true, webauthn:extension:prf: true, webauthn:virtualAuthenticators: true}
Session ID: 4d51670a08f81d1f35990f93f8a85827
*** Element info: {Using=xpath, value=//a[normalize-space()='CNN']}
at java.base/jdk.internal.reflect.DirectConstructorHandleAccessor.newInstance(DirectConstructorHandleAccessor.java:67)
at java.base/java.lang.reflect.Constructor.newInstanceWithCaller(Constructor.java:499)
at java.base/java.lang.reflect.Constructor.newInstance(Constructor.java:483)
at org.openqa.selenium.remote.http.W3CHttpResponseCodec.createException(W3CHttpResponseCodec.java:187)
at org.openqa.selenium.remote.http.W3CHttpResponseCodec.decode(W3CHttpResponseCodec.java:122)
at org.openqa.selenium.remote.http.W3CHttpResponseCodec.decode(W3CHttpResponseCodec.java:49)
at org.openqa.selenium.remote.HttpCommandExecutor.execute(HttpCommandExecutor.java:158)
at org.openqa.selenium.remote.service.DriverCommandExecutor.execute(DriverCommandExecutor.java:83)
at org.openqa.selenium.remote.RemoteWebDriver.execute(RemoteWebDriver.java:552)
at org.openqa.selenium.remote.RemoteWebDriver.findElement(RemoteWebDriver.java:323)
at org.openqa.selenium.remote.RemoteWebDriver.findElementByXPath(RemoteWebDriver.java:428)
at org.openqa.selenium.By$ByXPath.findElement(By.java:353)
at org.openqa.selenium.remote.RemoteWebDriver.findElement(RemoteWebDriver.java:315)
at Testng_UI.CANNOT_VERIFY_VIDEO_ATTACHMENT_Negative5008(Testng_UI.java:2708)
at java.base/jdk.internal.reflect.DirectMethodHandleAccessor.invoke(DirectMethodHandleAccessor.java:104)
at java.base/java.lang.reflect.Method.invoke(Method.java:577)
at org.testng.internal.MethodInvocationHelper.invokeMethod(MethodInvocationHelper.java:124)
at org.testng.internal.Invoker.invokeMethod(Invoker.java:583)
at org.testng.internal.Invoker.invokeTestMethod(Invoker.java:719)
at org.testng.internal.Invoker.invokeTestMethods(Invoker.java:989)
at org.testng.internal.TestMethodWorker.invokeTestMethods(TestMethodWorker.java:125)
at org.testng.internal.TestMethodWorker.run(TestMethodWorker.java:109)
at org.testng.TestRunner.privateRun(TestRunner.java:648)
at org.testng.TestRunner.run(TestRunner.java:505)
at org.testng.SuiteRunner.runTest(SuiteRunner.java:455)
at org.testng.SuiteRunner.runSequentially(SuiteRunner.java:450)
at org.testng.SuiteRunner.privateRun(SuiteRunner.java:415)
at org.testng.SuiteRunner.run(SuiteRunner.java:364)
at org.testng.SuiteRunnerWorker.runSuite(SuiteRunnerWorker.java:52)
at org.testng.SuiteRunnerWorker.run(SuiteRunnerWorker.java:84)
at org.testng.TestNG.runSuitesSequentially(TestNG.java:1208)
at org.testng.TestNG.runSuitesLocally(TestNG.java:1137)
at org.testng.TestNG.runSuites(TestNG.java:1049)
at org.testng.TestNG.run(TestNG.java:1017)
at org.testng.remote.AbstractRemoteTestNG.run(AbstractRemoteTestNG.java:115)
at org.testng.remote.RemoteTestNG.initAndRun(RemoteTestNG.java:251)
at org.testng.remote.RemoteTestNG.main(RemoteTestNG.java:77)
]]>
            </full-stacktrace>
          </exception> <!-- org.openqa.selenium.NoSuchElementException -->
          <reporter-output>
          </reporter-output>
        </test-method> <!-- CANNOT_VERIFY_VIDEO_ATTACHMENT_Negative5008 -->
        <test-method is-config="true" signature="maximizeWindow()[pri:0, instance:Testng_UI@49d3c823]" started-at="2024-03-05T09:53:37Z" name="maximizeWindow" finished-at="2024-03-05T09:53:37Z" duration-ms="7" status="PASS">
          <reporter-output>
          </reporter-output>
        </test-method> <!-- maximizeWindow -->
        <test-method signature="CANNOT_VERIFY_VIDEO_ATTACHMENT_Negative5009()[pri:31, instance:Testng_UI@49d3c823]" started-at="2024-03-05T09:53:37Z" name="CANNOT_VERIFY_VIDEO_ATTACHMENT_Negative5009" finished-at="2024-03-05T09:53:53Z" duration-ms="15601" status="FAIL">
          <exception class="org.openqa.selenium.NoSuchElementException">
            <message>
              <![CDATA[no such element: Unable to locate element: {"method":"xpath","selector":"//a[normalize-space()='CNN']"}
  (Session info: chrome=115.0.5790.0)
For documentation on this error, please visit: https://www.seleniumhq.org/exceptions/no_such_element.html
Build info: version: '3.141.59', revision: 'e82be7d358', time: '2018-11-14T08:17:03'
System info: host: 'PRAKASH-4948', ip: '192.168.104.34', os.name: 'Windows 11', os.arch: 'amd64', os.version: '10.0', java.version: '18.0.2.1'
Driver info: org.openqa.selenium.chrome.ChromeDriver
Capabilities {acceptInsecureCerts: false, browserName: chrome, browserVersion: 115.0.5790.0, chrome: {chromedriverVersion: 114.0.5735.90 (386bc09e8f4f..., userDataDir: C:\Users\praka\AppData\Loca...}, goog:chromeOptions: {debuggerAddress: localhost:64564}, javascriptEnabled: true, networkConnectionEnabled: false, pageLoadStrategy: normal, platform: WINDOWS, platformName: WINDOWS, proxy: Proxy(), setWindowRect: true, strictFileInteractability: false, timeouts: {implicit: 0, pageLoad: 300000, script: 30000}, unhandledPromptBehavior: dismiss and notify, webauthn:extension:credBlob: true, webauthn:extension:largeBlob: true, webauthn:extension:minPinLength: true, webauthn:extension:prf: true, webauthn:virtualAuthenticators: true}
Session ID: 4d51670a08f81d1f35990f93f8a85827
*** Element info: {Using=xpath, value=//a[normalize-space()='CNN']}]]>
            </message>
            <full-stacktrace>
              <![CDATA[org.openqa.selenium.NoSuchElementException: no such element: Unable to locate element: {"method":"xpath","selector":"//a[normalize-space()='CNN']"}
  (Session info: chrome=115.0.5790.0)
For documentation on this error, please visit: https://www.seleniumhq.org/exceptions/no_such_element.html
Build info: version: '3.141.59', revision: 'e82be7d358', time: '2018-11-14T08:17:03'
System info: host: 'PRAKASH-4948', ip: '192.168.104.34', os.name: 'Windows 11', os.arch: 'amd64', os.version: '10.0', java.version: '18.0.2.1'
Driver info: org.openqa.selenium.chrome.ChromeDriver
Capabilities {acceptInsecureCerts: false, browserName: chrome, browserVersion: 115.0.5790.0, chrome: {chromedriverVersion: 114.0.5735.90 (386bc09e8f4f..., userDataDir: C:\Users\praka\AppData\Loca...}, goog:chromeOptions: {debuggerAddress: localhost:64564}, javascriptEnabled: true, networkConnectionEnabled: false, pageLoadStrategy: normal, platform: WINDOWS, platformName: WINDOWS, proxy: Proxy(), setWindowRect: true, strictFileInteractability: false, timeouts: {implicit: 0, pageLoad: 300000, script: 30000}, unhandledPromptBehavior: dismiss and notify, webauthn:extension:credBlob: true, webauthn:extension:largeBlob: true, webauthn:extension:minPinLength: true, webauthn:extension:prf: true, webauthn:virtualAuthenticators: true}
Session ID: 4d51670a08f81d1f35990f93f8a85827
*** Element info: {Using=xpath, value=//a[normalize-space()='CNN']}
at java.base/jdk.internal.reflect.DirectConstructorHandleAccessor.newInstance(DirectConstructorHandleAccessor.java:67)
at java.base/java.lang.reflect.Constructor.newInstanceWithCaller(Constructor.java:499)
at java.base/java.lang.reflect.Constructor.newInstance(Constructor.java:483)
at org.openqa.selenium.remote.http.W3CHttpResponseCodec.createException(W3CHttpResponseCodec.java:187)
at org.openqa.selenium.remote.http.W3CHttpResponseCodec.decode(W3CHttpResponseCodec.java:122)
at org.openqa.selenium.remote.http.W3CHttpResponseCodec.decode(W3CHttpResponseCodec.java:49)
at org.openqa.selenium.remote.HttpCommandExecutor.execute(HttpCommandExecutor.java:158)
at org.openqa.selenium.remote.service.DriverCommandExecutor.execute(DriverCommandExecutor.java:83)
at org.openqa.selenium.remote.RemoteWebDriver.execute(RemoteWebDriver.java:552)
at org.openqa.selenium.remote.RemoteWebDriver.findElement(RemoteWebDriver.java:323)
at org.openqa.selenium.remote.RemoteWebDriver.findElementByXPath(RemoteWebDriver.java:428)
at org.openqa.selenium.By$ByXPath.findElement(By.java:353)
at org.openqa.selenium.remote.RemoteWebDriver.findElement(RemoteWebDriver.java:315)
at Testng_UI.CANNOT_VERIFY_VIDEO_ATTACHMENT_Negative5009(Testng_UI.java:2801)
at java.base/jdk.internal.reflect.DirectMethodHandleAccessor.invoke(DirectMethodHandleAccessor.java:104)
at java.base/java.lang.reflect.Method.invoke(Method.java:577)
at org.testng.internal.MethodInvocationHelper.invokeMethod(MethodInvocationHelper.java:124)
at org.testng.internal.Invoker.invokeMethod(Invoker.java:583)
at org.testng.internal.Invoker.invokeTestMethod(Invoker.java:719)
at org.testng.internal.Invoker.invokeTestMethods(Invoker.java:989)
at org.testng.internal.TestMethodWorker.invokeTestMethods(TestMethodWorker.java:125)
at org.testng.internal.TestMethodWorker.run(TestMethodWorker.java:109)
at org.testng.TestRunner.privateRun(TestRunner.java:648)
at org.testng.TestRunner.run(TestRunner.java:505)
at org.testng.SuiteRunner.runTest(SuiteRunner.java:455)
at org.testng.SuiteRunner.runSequentially(SuiteRunner.java:450)
at org.testng.SuiteRunner.privateRun(SuiteRunner.java:415)
at org.testng.SuiteRunner.run(SuiteRunner.java:364)
at org.testng.SuiteRunnerWorker.runSuite(SuiteRunnerWorker.java:52)
at org.testng.SuiteRunnerWorker.run(SuiteRunnerWorker.java:84)
at org.testng.TestNG.runSuitesSequentially(TestNG.java:1208)
at org.testng.TestNG.runSuitesLocally(TestNG.java:1137)
at org.testng.TestNG.runSuites(TestNG.java:1049)
at org.testng.TestNG.run(TestNG.java:1017)
at org.testng.remote.AbstractRemoteTestNG.run(AbstractRemoteTestNG.java:115)
at org.testng.remote.RemoteTestNG.initAndRun(RemoteTestNG.java:251)
at org.testng.remote.RemoteTestNG.main(RemoteTestNG.java:77)
]]>
            </full-stacktrace>
          </exception> <!-- org.openqa.selenium.NoSuchElementException -->
          <reporter-output>
          </reporter-output>
        </test-method> <!-- CANNOT_VERIFY_VIDEO_ATTACHMENT_Negative5009 -->
        <test-method is-config="true" signature="maximizeWindow()[pri:0, instance:Testng_UI@49d3c823]" started-at="2024-03-05T09:53:53Z" name="maximizeWindow" finished-at="2024-03-05T09:53:53Z" duration-ms="8" status="PASS">
          <reporter-output>
          </reporter-output>
        </test-method> <!-- maximizeWindow -->
        <test-method signature="CANNOT_VERIFY_VIDEO_ATTACHMENT_Negative5010()[pri:32, instance:Testng_UI@49d3c823]" started-at="2024-03-05T09:53:53Z" name="CANNOT_VERIFY_VIDEO_ATTACHMENT_Negative5010" finished-at="2024-03-05T09:54:08Z" duration-ms="15449" status="FAIL">
          <exception class="org.openqa.selenium.NoSuchElementException">
            <message>
              <![CDATA[no such element: Unable to locate element: {"method":"xpath","selector":"//a[normalize-space()='CNN']"}
  (Session info: chrome=115.0.5790.0)
For documentation on this error, please visit: https://www.seleniumhq.org/exceptions/no_such_element.html
Build info: version: '3.141.59', revision: 'e82be7d358', time: '2018-11-14T08:17:03'
System info: host: 'PRAKASH-4948', ip: '192.168.104.34', os.name: 'Windows 11', os.arch: 'amd64', os.version: '10.0', java.version: '18.0.2.1'
Driver info: org.openqa.selenium.chrome.ChromeDriver
Capabilities {acceptInsecureCerts: false, browserName: chrome, browserVersion: 115.0.5790.0, chrome: {chromedriverVersion: 114.0.5735.90 (386bc09e8f4f..., userDataDir: C:\Users\praka\AppData\Loca...}, goog:chromeOptions: {debuggerAddress: localhost:64564}, javascriptEnabled: true, networkConnectionEnabled: false, pageLoadStrategy: normal, platform: WINDOWS, platformName: WINDOWS, proxy: Proxy(), setWindowRect: true, strictFileInteractability: false, timeouts: {implicit: 0, pageLoad: 300000, script: 30000}, unhandledPromptBehavior: dismiss and notify, webauthn:extension:credBlob: true, webauthn:extension:largeBlob: true, webauthn:extension:minPinLength: true, webauthn:extension:prf: true, webauthn:virtualAuthenticators: true}
Session ID: 4d51670a08f81d1f35990f93f8a85827
*** Element info: {Using=xpath, value=//a[normalize-space()='CNN']}]]>
            </message>
            <full-stacktrace>
              <![CDATA[org.openqa.selenium.NoSuchElementException: no such element: Unable to locate element: {"method":"xpath","selector":"//a[normalize-space()='CNN']"}
  (Session info: chrome=115.0.5790.0)
For documentation on this error, please visit: https://www.seleniumhq.org/exceptions/no_such_element.html
Build info: version: '3.141.59', revision: 'e82be7d358', time: '2018-11-14T08:17:03'
System info: host: 'PRAKASH-4948', ip: '192.168.104.34', os.name: 'Windows 11', os.arch: 'amd64', os.version: '10.0', java.version: '18.0.2.1'
Driver info: org.openqa.selenium.chrome.ChromeDriver
Capabilities {acceptInsecureCerts: false, browserName: chrome, browserVersion: 115.0.5790.0, chrome: {chromedriverVersion: 114.0.5735.90 (386bc09e8f4f..., userDataDir: C:\Users\praka\AppData\Loca...}, goog:chromeOptions: {debuggerAddress: localhost:64564}, javascriptEnabled: true, networkConnectionEnabled: false, pageLoadStrategy: normal, platform: WINDOWS, platformName: WINDOWS, proxy: Proxy(), setWindowRect: true, strictFileInteractability: false, timeouts: {implicit: 0, pageLoad: 300000, script: 30000}, unhandledPromptBehavior: dismiss and notify, webauthn:extension:credBlob: true, webauthn:extension:largeBlob: true, webauthn:extension:minPinLength: true, webauthn:extension:prf: true, webauthn:virtualAuthenticators: true}
Session ID: 4d51670a08f81d1f35990f93f8a85827
*** Element info: {Using=xpath, value=//a[normalize-space()='CNN']}
at java.base/jdk.internal.reflect.DirectConstructorHandleAccessor.newInstance(DirectConstructorHandleAccessor.java:67)
at java.base/java.lang.reflect.Constructor.newInstanceWithCaller(Constructor.java:499)
at java.base/java.lang.reflect.Constructor.newInstance(Constructor.java:483)
at org.openqa.selenium.remote.http.W3CHttpResponseCodec.createException(W3CHttpResponseCodec.java:187)
at org.openqa.selenium.remote.http.W3CHttpResponseCodec.decode(W3CHttpResponseCodec.java:122)
at org.openqa.selenium.remote.http.W3CHttpResponseCodec.decode(W3CHttpResponseCodec.java:49)
at org.openqa.selenium.remote.HttpCommandExecutor.execute(HttpCommandExecutor.java:158)
at org.openqa.selenium.remote.service.DriverCommandExecutor.execute(DriverCommandExecutor.java:83)
at org.openqa.selenium.remote.RemoteWebDriver.execute(RemoteWebDriver.java:552)
at org.openqa.selenium.remote.RemoteWebDriver.findElement(RemoteWebDriver.java:323)
at org.openqa.selenium.remote.RemoteWebDriver.findElementByXPath(RemoteWebDriver.java:428)
at org.openqa.selenium.By$ByXPath.findElement(By.java:353)
at org.openqa.selenium.remote.RemoteWebDriver.findElement(RemoteWebDriver.java:315)
at Testng_UI.CANNOT_VERIFY_VIDEO_ATTACHMENT_Negative5010(Testng_UI.java:2895)
at java.base/jdk.internal.reflect.DirectMethodHandleAccessor.invoke(DirectMethodHandleAccessor.java:104)
at java.base/java.lang.reflect.Method.invoke(Method.java:577)
at org.testng.internal.MethodInvocationHelper.invokeMethod(MethodInvocationHelper.java:124)
at org.testng.internal.Invoker.invokeMethod(Invoker.java:583)
at org.testng.internal.Invoker.invokeTestMethod(Invoker.java:719)
at org.testng.internal.Invoker.invokeTestMethods(Invoker.java:989)
at org.testng.internal.TestMethodWorker.invokeTestMethods(TestMethodWorker.java:125)
at org.testng.internal.TestMethodWorker.run(TestMethodWorker.java:109)
at org.testng.TestRunner.privateRun(TestRunner.java:648)
at org.testng.TestRunner.run(TestRunner.java:505)
at org.testng.SuiteRunner.runTest(SuiteRunner.java:455)
at org.testng.SuiteRunner.runSequentially(SuiteRunner.java:450)
at org.testng.SuiteRunner.privateRun(SuiteRunner.java:415)
at org.testng.SuiteRunner.run(SuiteRunner.java:364)
at org.testng.SuiteRunnerWorker.runSuite(SuiteRunnerWorker.java:52)
at org.testng.SuiteRunnerWorker.run(SuiteRunnerWorker.java:84)
at org.testng.TestNG.runSuitesSequentially(TestNG.java:1208)
at org.testng.TestNG.runSuitesLocally(TestNG.java:1137)
at org.testng.TestNG.runSuites(TestNG.java:1049)
at org.testng.TestNG.run(TestNG.java:1017)
at org.testng.remote.AbstractRemoteTestNG.run(AbstractRemoteTestNG.java:115)
at org.testng.remote.RemoteTestNG.initAndRun(RemoteTestNG.java:251)
at org.testng.remote.RemoteTestNG.main(RemoteTestNG.java:77)
]]>
            </full-stacktrace>
          </exception> <!-- org.openqa.selenium.NoSuchElementException -->
          <reporter-output>
          </reporter-output>
        </test-method> <!-- CANNOT_VERIFY_VIDEO_ATTACHMENT_Negative5010 -->
        <test-method is-config="true" signature="maximizeWindow()[pri:0, instance:Testng_UI@49d3c823]" started-at="2024-03-05T09:54:08Z" name="maximizeWindow" finished-at="2024-03-05T09:54:08Z" duration-ms="9" status="PASS">
          <reporter-output>
          </reporter-output>
        </test-method> <!-- maximizeWindow -->
        <test-method signature="CANNOT_VERIFY_VIDEO_ATTACHMENT_Negative5011()[pri:33, instance:Testng_UI@49d3c823]" started-at="2024-03-05T09:54:08Z" name="CANNOT_VERIFY_VIDEO_ATTACHMENT_Negative5011" finished-at="2024-03-05T09:54:24Z" duration-ms="15758" status="FAIL">
          <exception class="org.openqa.selenium.NoSuchElementException">
            <message>
              <![CDATA[no such element: Unable to locate element: {"method":"xpath","selector":"//a[normalize-space()='CNN']"}
  (Session info: chrome=115.0.5790.0)
For documentation on this error, please visit: https://www.seleniumhq.org/exceptions/no_such_element.html
Build info: version: '3.141.59', revision: 'e82be7d358', time: '2018-11-14T08:17:03'
System info: host: 'PRAKASH-4948', ip: '192.168.104.34', os.name: 'Windows 11', os.arch: 'amd64', os.version: '10.0', java.version: '18.0.2.1'
Driver info: org.openqa.selenium.chrome.ChromeDriver
Capabilities {acceptInsecureCerts: false, browserName: chrome, browserVersion: 115.0.5790.0, chrome: {chromedriverVersion: 114.0.5735.90 (386bc09e8f4f..., userDataDir: C:\Users\praka\AppData\Loca...}, goog:chromeOptions: {debuggerAddress: localhost:64564}, javascriptEnabled: true, networkConnectionEnabled: false, pageLoadStrategy: normal, platform: WINDOWS, platformName: WINDOWS, proxy: Proxy(), setWindowRect: true, strictFileInteractability: false, timeouts: {implicit: 0, pageLoad: 300000, script: 30000}, unhandledPromptBehavior: dismiss and notify, webauthn:extension:credBlob: true, webauthn:extension:largeBlob: true, webauthn:extension:minPinLength: true, webauthn:extension:prf: true, webauthn:virtualAuthenticators: true}
Session ID: 4d51670a08f81d1f35990f93f8a85827
*** Element info: {Using=xpath, value=//a[normalize-space()='CNN']}]]>
            </message>
            <full-stacktrace>
              <![CDATA[org.openqa.selenium.NoSuchElementException: no such element: Unable to locate element: {"method":"xpath","selector":"//a[normalize-space()='CNN']"}
  (Session info: chrome=115.0.5790.0)
For documentation on this error, please visit: https://www.seleniumhq.org/exceptions/no_such_element.html
Build info: version: '3.141.59', revision: 'e82be7d358', time: '2018-11-14T08:17:03'
System info: host: 'PRAKASH-4948', ip: '192.168.104.34', os.name: 'Windows 11', os.arch: 'amd64', os.version: '10.0', java.version: '18.0.2.1'
Driver info: org.openqa.selenium.chrome.ChromeDriver
Capabilities {acceptInsecureCerts: false, browserName: chrome, browserVersion: 115.0.5790.0, chrome: {chromedriverVersion: 114.0.5735.90 (386bc09e8f4f..., userDataDir: C:\Users\praka\AppData\Loca...}, goog:chromeOptions: {debuggerAddress: localhost:64564}, javascriptEnabled: true, networkConnectionEnabled: false, pageLoadStrategy: normal, platform: WINDOWS, platformName: WINDOWS, proxy: Proxy(), setWindowRect: true, strictFileInteractability: false, timeouts: {implicit: 0, pageLoad: 300000, script: 30000}, unhandledPromptBehavior: dismiss and notify, webauthn:extension:credBlob: true, webauthn:extension:largeBlob: true, webauthn:extension:minPinLength: true, webauthn:extension:prf: true, webauthn:virtualAuthenticators: true}
Session ID: 4d51670a08f81d1f35990f93f8a85827
*** Element info: {Using=xpath, value=//a[normalize-space()='CNN']}
at java.base/jdk.internal.reflect.DirectConstructorHandleAccessor.newInstance(DirectConstructorHandleAccessor.java:67)
at java.base/java.lang.reflect.Constructor.newInstanceWithCaller(Constructor.java:499)
at java.base/java.lang.reflect.Constructor.newInstance(Constructor.java:483)
at org.openqa.selenium.remote.http.W3CHttpResponseCodec.createException(W3CHttpResponseCodec.java:187)
at org.openqa.selenium.remote.http.W3CHttpResponseCodec.decode(W3CHttpResponseCodec.java:122)
at org.openqa.selenium.remote.http.W3CHttpResponseCodec.decode(W3CHttpResponseCodec.java:49)
at org.openqa.selenium.remote.HttpCommandExecutor.execute(HttpCommandExecutor.java:158)
at org.openqa.selenium.remote.service.DriverCommandExecutor.execute(DriverCommandExecutor.java:83)
at org.openqa.selenium.remote.RemoteWebDriver.execute(RemoteWebDriver.java:552)
at org.openqa.selenium.remote.RemoteWebDriver.findElement(RemoteWebDriver.java:323)
at org.openqa.selenium.remote.RemoteWebDriver.findElementByXPath(RemoteWebDriver.java:428)
at org.openqa.selenium.By$ByXPath.findElement(By.java:353)
at org.openqa.selenium.remote.RemoteWebDriver.findElement(RemoteWebDriver.java:315)
at Testng_UI.CANNOT_VERIFY_VIDEO_ATTACHMENT_Negative5011(Testng_UI.java:2988)
at java.base/jdk.internal.reflect.DirectMethodHandleAccessor.invoke(DirectMethodHandleAccessor.java:104)
at java.base/java.lang.reflect.Method.invoke(Method.java:577)
at org.testng.internal.MethodInvocationHelper.invokeMethod(MethodInvocationHelper.java:124)
at org.testng.internal.Invoker.invokeMethod(Invoker.java:583)
at org.testng.internal.Invoker.invokeTestMethod(Invoker.java:719)
at org.testng.internal.Invoker.invokeTestMethods(Invoker.java:989)
at org.testng.internal.TestMethodWorker.invokeTestMethods(TestMethodWorker.java:125)
at org.testng.internal.TestMethodWorker.run(TestMethodWorker.java:109)
at org.testng.TestRunner.privateRun(TestRunner.java:648)
at org.testng.TestRunner.run(TestRunner.java:505)
at org.testng.SuiteRunner.runTest(SuiteRunner.java:455)
at org.testng.SuiteRunner.runSequentially(SuiteRunner.java:450)
at org.testng.SuiteRunner.privateRun(SuiteRunner.java:415)
at org.testng.SuiteRunner.run(SuiteRunner.java:364)
at org.testng.SuiteRunnerWorker.runSuite(SuiteRunnerWorker.java:52)
at org.testng.SuiteRunnerWorker.run(SuiteRunnerWorker.java:84)
at org.testng.TestNG.runSuitesSequentially(TestNG.java:1208)
at org.testng.TestNG.runSuitesLocally(TestNG.java:1137)
at org.testng.TestNG.runSuites(TestNG.java:1049)
at org.testng.TestNG.run(TestNG.java:1017)
at org.testng.remote.AbstractRemoteTestNG.run(AbstractRemoteTestNG.java:115)
at org.testng.remote.RemoteTestNG.initAndRun(RemoteTestNG.java:251)
at org.testng.remote.RemoteTestNG.main(RemoteTestNG.java:77)
]]>
            </full-stacktrace>
          </exception> <!-- org.openqa.selenium.NoSuchElementException -->
          <reporter-output>
          </reporter-output>
        </test-method> <!-- CANNOT_VERIFY_VIDEO_ATTACHMENT_Negative5011 -->
        <test-method is-config="true" signature="maximizeWindow()[pri:0, instance:Testng_UI@49d3c823]" started-at="2024-03-05T09:54:24Z" name="maximizeWindow" finished-at="2024-03-05T09:54:24Z" duration-ms="8" status="PASS">
          <reporter-output>
          </reporter-output>
        </test-method> <!-- maximizeWindow -->
        <test-method signature="PUBLISHER_MATCH60001()[pri:34, instance:Testng_UI@49d3c823]" started-at="2024-03-05T09:54:24Z" name="PUBLISHER_MATCH60001" finished-at="2024-03-05T09:54:46Z" duration-ms="21274" status="PASS">
          <reporter-output>
          </reporter-output>
        </test-method> <!-- PUBLISHER_MATCH60001 -->
        <test-method is-config="true" signature="maximizeWindow()[pri:0, instance:Testng_UI@49d3c823]" started-at="2024-03-05T09:54:46Z" name="maximizeWindow" finished-at="2024-03-05T09:54:46Z" duration-ms="6" status="PASS">
          <reporter-output>
          </reporter-output>
        </test-method> <!-- maximizeWindow -->
        <test-method signature="PUBLISHER_MATCH60002()[pri:35, instance:Testng_UI@49d3c823]" started-at="2024-03-05T09:54:46Z" name="PUBLISHER_MATCH60002" finished-at="2024-03-05T09:55:07Z" duration-ms="21513" status="PASS">
          <reporter-output>
          </reporter-output>
        </test-method> <!-- PUBLISHER_MATCH60002 -->
        <test-method is-config="true" signature="maximizeWindow()[pri:0, instance:Testng_UI@49d3c823]" started-at="2024-03-05T09:55:07Z" name="maximizeWindow" finished-at="2024-03-05T09:55:07Z" duration-ms="9" status="PASS">
          <reporter-output>
          </reporter-output>
        </test-method> <!-- maximizeWindow -->
        <test-method signature="PUBLISHER_MATCH60003()[pri:36, instance:Testng_UI@49d3c823]" started-at="2024-03-05T09:55:07Z" name="PUBLISHER_MATCH60003" finished-at="2024-03-05T09:55:28Z" duration-ms="21400" status="PASS">
          <reporter-output>
          </reporter-output>
        </test-method> <!-- PUBLISHER_MATCH60003 -->
        <test-method is-config="true" signature="maximizeWindow()[pri:0, instance:Testng_UI@49d3c823]" started-at="2024-03-05T09:55:28Z" name="maximizeWindow" finished-at="2024-03-05T09:55:28Z" duration-ms="11" status="PASS">
          <reporter-output>
          </reporter-output>
        </test-method> <!-- maximizeWindow -->
        <test-method signature="PUBLISHER_MATCH60004()[pri:37, instance:Testng_UI@49d3c823]" started-at="2024-03-05T09:55:28Z" name="PUBLISHER_MATCH60004" finished-at="2024-03-05T09:55:50Z" duration-ms="21443" status="PASS">
          <reporter-output>
          </reporter-output>
        </test-method> <!-- PUBLISHER_MATCH60004 -->
        <test-method is-config="true" signature="maximizeWindow()[pri:0, instance:Testng_UI@49d3c823]" started-at="2024-03-05T09:55:50Z" name="maximizeWindow" finished-at="2024-03-05T09:55:50Z" duration-ms="8" status="PASS">
          <reporter-output>
          </reporter-output>
        </test-method> <!-- maximizeWindow -->
        <test-method signature="PUBLISHER_MATCH60005()[pri:38, instance:Testng_UI@49d3c823]" started-at="2024-03-05T09:55:50Z" name="PUBLISHER_MATCH60005" finished-at="2024-03-05T09:56:11Z" duration-ms="21408" status="PASS">
          <reporter-output>
          </reporter-output>
        </test-method> <!-- PUBLISHER_MATCH60005 -->
        <test-method is-config="true" signature="maximizeWindow()[pri:0, instance:Testng_UI@49d3c823]" started-at="2024-03-05T09:56:11Z" name="maximizeWindow" finished-at="2024-03-05T09:56:11Z" duration-ms="8" status="PASS">
          <reporter-output>
          </reporter-output>
        </test-method> <!-- maximizeWindow -->
        <test-method signature="PUBLISHER_MATCH_Negative60006()[pri:39, instance:Testng_UI@49d3c823]" started-at="2024-03-05T09:56:11Z" name="PUBLISHER_MATCH_Negative60006" finished-at="2024-03-05T09:56:33Z" duration-ms="21632" status="PASS">
          <reporter-output>
          </reporter-output>
        </test-method> <!-- PUBLISHER_MATCH_Negative60006 -->
        <test-method is-config="true" signature="maximizeWindow()[pri:0, instance:Testng_UI@49d3c823]" started-at="2024-03-05T09:56:33Z" name="maximizeWindow" finished-at="2024-03-05T09:56:33Z" duration-ms="8" status="PASS">
          <reporter-output>
          </reporter-output>
        </test-method> <!-- maximizeWindow -->
        <test-method signature="PUBLISHER_MATCH_Negative60007()[pri:40, instance:Testng_UI@49d3c823]" started-at="2024-03-05T09:56:33Z" name="PUBLISHER_MATCH_Negative60007" finished-at="2024-03-05T09:56:54Z" duration-ms="21351" status="PASS">
          <reporter-output>
          </reporter-output>
        </test-method> <!-- PUBLISHER_MATCH_Negative60007 -->
        <test-method is-config="true" signature="maximizeWindow()[pri:0, instance:Testng_UI@49d3c823]" started-at="2024-03-05T09:56:54Z" name="maximizeWindow" finished-at="2024-03-05T09:56:54Z" duration-ms="9" status="PASS">
          <reporter-output>
          </reporter-output>
        </test-method> <!-- maximizeWindow -->
        <test-method signature="PUBLISHER_MATCH_Negative60008()[pri:41, instance:Testng_UI@49d3c823]" started-at="2024-03-05T09:56:54Z" name="PUBLISHER_MATCH_Negative60008" finished-at="2024-03-05T09:57:16Z" duration-ms="21445" status="PASS">
          <reporter-output>
          </reporter-output>
        </test-method> <!-- PUBLISHER_MATCH_Negative60008 -->
        <test-method is-config="true" signature="maximizeWindow()[pri:0, instance:Testng_UI@49d3c823]" started-at="2024-03-05T09:57:16Z" name="maximizeWindow" finished-at="2024-03-05T09:57:16Z" duration-ms="10" status="PASS">
          <reporter-output>
          </reporter-output>
        </test-method> <!-- maximizeWindow -->
        <test-method signature="PUBLISHER_MATCH_Negative60009()[pri:42, instance:Testng_UI@49d3c823]" started-at="2024-03-05T09:57:16Z" name="PUBLISHER_MATCH_Negative60009" finished-at="2024-03-05T09:57:37Z" duration-ms="21279" status="PASS">
          <reporter-output>
          </reporter-output>
        </test-method> <!-- PUBLISHER_MATCH_Negative60009 -->
        <test-method is-config="true" signature="maximizeWindow()[pri:0, instance:Testng_UI@49d3c823]" started-at="2024-03-05T09:57:37Z" name="maximizeWindow" finished-at="2024-03-05T09:57:37Z" duration-ms="9" status="PASS">
          <reporter-output>
          </reporter-output>
        </test-method> <!-- maximizeWindow -->
        <test-method signature="PUBLISHER_MATCH_Negative60010()[pri:43, instance:Testng_UI@49d3c823]" started-at="2024-03-05T09:57:37Z" name="PUBLISHER_MATCH_Negative60010" finished-at="2024-03-05T09:58:03Z" duration-ms="26260" status="PASS">
          <reporter-output>
          </reporter-output>
        </test-method> <!-- PUBLISHER_MATCH_Negative60010 -->
        <test-method is-config="true" signature="maximizeWindow()[pri:0, instance:Testng_UI@49d3c823]" started-at="2024-03-05T09:58:03Z" name="maximizeWindow" finished-at="2024-03-05T09:58:03Z" duration-ms="11" status="PASS">
          <reporter-output>
          </reporter-output>
        </test-method> <!-- maximizeWindow -->
        <test-method signature="PUBLISHER_MATCH_Negative60011()[pri:44, instance:Testng_UI@49d3c823]" started-at="2024-03-05T09:58:03Z" name="PUBLISHER_MATCH_Negative60011" finished-at="2024-03-05T09:58:25Z" duration-ms="21296" status="PASS">
          <reporter-output>
          </reporter-output>
        </test-method> <!-- PUBLISHER_MATCH_Negative60011 -->
        <test-method is-config="true" signature="maximizeWindow()[pri:0, instance:Testng_UI@49d3c823]" started-at="2024-03-05T09:58:25Z" name="maximizeWindow" finished-at="2024-03-05T09:58:25Z" duration-ms="9" status="PASS">
          <reporter-output>
          </reporter-output>
        </test-method> <!-- maximizeWindow -->
        <test-method signature="EXACT_HEADLINE_MATCH70001()[pri:45, instance:Testng_UI@49d3c823]" started-at="2024-03-05T09:58:25Z" name="EXACT_HEADLINE_MATCH70001" finished-at="2024-03-05T09:58:45Z" duration-ms="20518" status="PASS">
          <reporter-output>
          </reporter-output>
        </test-method> <!-- EXACT_HEADLINE_MATCH70001 -->
        <test-method is-config="true" signature="maximizeWindow()[pri:0, instance:Testng_UI@49d3c823]" started-at="2024-03-05T09:58:45Z" name="maximizeWindow" finished-at="2024-03-05T09:58:45Z" duration-ms="10" status="PASS">
          <reporter-output>
          </reporter-output>
        </test-method> <!-- maximizeWindow -->
        <test-method signature="EXACT_HEADLINE_MATCH70002()[pri:46, instance:Testng_UI@49d3c823]" started-at="2024-03-05T09:58:45Z" name="EXACT_HEADLINE_MATCH70002" finished-at="2024-03-05T09:59:06Z" duration-ms="20577" status="PASS">
          <reporter-output>
          </reporter-output>
        </test-method> <!-- EXACT_HEADLINE_MATCH70002 -->
        <test-method is-config="true" signature="maximizeWindow()[pri:0, instance:Testng_UI@49d3c823]" started-at="2024-03-05T09:59:06Z" name="maximizeWindow" finished-at="2024-03-05T09:59:06Z" duration-ms="6" status="PASS">
          <reporter-output>
          </reporter-output>
        </test-method> <!-- maximizeWindow -->
        <test-method signature="EXACT_HEADLINE_MATCH70003()[pri:47, instance:Testng_UI@49d3c823]" started-at="2024-03-05T09:59:06Z" name="EXACT_HEADLINE_MATCH70003" finished-at="2024-03-05T09:59:26Z" duration-ms="20506" status="PASS">
          <reporter-output>
          </reporter-output>
        </test-method> <!-- EXACT_HEADLINE_MATCH70003 -->
        <test-method is-config="true" signature="maximizeWindow()[pri:0, instance:Testng_UI@49d3c823]" started-at="2024-03-05T09:59:26Z" name="maximizeWindow" finished-at="2024-03-05T09:59:26Z" duration-ms="7" status="PASS">
          <reporter-output>
          </reporter-output>
        </test-method> <!-- maximizeWindow -->
        <test-method signature="EXACT_HEADLINE_MATCH70004()[pri:48, instance:Testng_UI@49d3c823]" started-at="2024-03-05T09:59:26Z" name="EXACT_HEADLINE_MATCH70004" finished-at="2024-03-05T09:59:47Z" duration-ms="20369" status="PASS">
          <reporter-output>
          </reporter-output>
        </test-method> <!-- EXACT_HEADLINE_MATCH70004 -->
        <test-method is-config="true" signature="maximizeWindow()[pri:0, instance:Testng_UI@49d3c823]" started-at="2024-03-05T09:59:47Z" name="maximizeWindow" finished-at="2024-03-05T09:59:47Z" duration-ms="10" status="PASS">
          <reporter-output>
          </reporter-output>
        </test-method> <!-- maximizeWindow -->
        <test-method signature="EXACT_HEADLINE_MATCH70005()[pri:49, instance:Testng_UI@49d3c823]" started-at="2024-03-05T09:59:47Z" name="EXACT_HEADLINE_MATCH70005" finished-at="2024-03-05T10:00:12Z" duration-ms="25338" status="PASS">
          <reporter-output>
          </reporter-output>
        </test-method> <!-- EXACT_HEADLINE_MATCH70005 -->
        <test-method is-config="true" signature="maximizeWindow()[pri:0, instance:Testng_UI@49d3c823]" started-at="2024-03-05T10:00:12Z" name="maximizeWindow" finished-at="2024-03-05T10:00:12Z" duration-ms="10" status="PASS">
          <reporter-output>
          </reporter-output>
        </test-method> <!-- maximizeWindow -->
        <test-method signature="EXACT_HEADLINE_MATCH_Negative70006()[pri:50, instance:Testng_UI@49d3c823]" started-at="2024-03-05T10:00:12Z" name="EXACT_HEADLINE_MATCH_Negative70006" finished-at="2024-03-05T10:00:32Z" duration-ms="20250" status="PASS">
          <reporter-output>
          </reporter-output>
        </test-method> <!-- EXACT_HEADLINE_MATCH_Negative70006 -->
        <test-method is-config="true" signature="maximizeWindow()[pri:0, instance:Testng_UI@49d3c823]" started-at="2024-03-05T10:00:32Z" name="maximizeWindow" finished-at="2024-03-05T10:00:32Z" duration-ms="6" status="PASS">
          <reporter-output>
          </reporter-output>
        </test-method> <!-- maximizeWindow -->
        <test-method signature="EXACT_HEADLINE_MATCH_Negative70007()[pri:51, instance:Testng_UI@49d3c823]" started-at="2024-03-05T10:00:32Z" name="EXACT_HEADLINE_MATCH_Negative70007" finished-at="2024-03-05T10:00:53Z" duration-ms="20576" status="PASS">
          <reporter-output>
          </reporter-output>
        </test-method> <!-- EXACT_HEADLINE_MATCH_Negative70007 -->
        <test-method is-config="true" signature="maximizeWindow()[pri:0, instance:Testng_UI@49d3c823]" started-at="2024-03-05T10:00:53Z" name="maximizeWindow" finished-at="2024-03-05T10:00:53Z" duration-ms="10" status="PASS">
          <reporter-output>
          </reporter-output>
        </test-method> <!-- maximizeWindow -->
        <test-method signature="EXACT_HEADLINE_MATCH_Negative70008()[pri:53, instance:Testng_UI@49d3c823]" started-at="2024-03-05T10:00:53Z" name="EXACT_HEADLINE_MATCH_Negative70008" finished-at="2024-03-05T10:01:13Z" duration-ms="20351" status="PASS">
          <reporter-output>
          </reporter-output>
        </test-method> <!-- EXACT_HEADLINE_MATCH_Negative70008 -->
        <test-method is-config="true" signature="maximizeWindow()[pri:0, instance:Testng_UI@49d3c823]" started-at="2024-03-05T10:01:13Z" name="maximizeWindow" finished-at="2024-03-05T10:01:13Z" duration-ms="8" status="PASS">
          <reporter-output>
          </reporter-output>
        </test-method> <!-- maximizeWindow -->
        <test-method signature="EXACT_HEADLINE_MATCH_Negative70009()[pri:53, instance:Testng_UI@49d3c823]" started-at="2024-03-05T10:01:13Z" name="EXACT_HEADLINE_MATCH_Negative70009" finished-at="2024-03-05T10:01:34Z" duration-ms="20390" status="PASS">
          <reporter-output>
          </reporter-output>
        </test-method> <!-- EXACT_HEADLINE_MATCH_Negative70009 -->
        <test-method is-config="true" signature="maximizeWindow()[pri:0, instance:Testng_UI@49d3c823]" started-at="2024-03-05T10:01:34Z" name="maximizeWindow" finished-at="2024-03-05T10:01:34Z" duration-ms="10" status="PASS">
          <reporter-output>
          </reporter-output>
        </test-method> <!-- maximizeWindow -->
        <test-method signature="EXACT_HEADLINE_MATCH_Negative70010()[pri:54, instance:Testng_UI@49d3c823]" started-at="2024-03-05T10:01:34Z" name="EXACT_HEADLINE_MATCH_Negative70010" finished-at="2024-03-05T10:01:54Z" duration-ms="20423" status="PASS">
          <reporter-output>
          </reporter-output>
        </test-method> <!-- EXACT_HEADLINE_MATCH_Negative70010 -->
        <test-method is-config="true" signature="maximizeWindow()[pri:0, instance:Testng_UI@49d3c823]" started-at="2024-03-05T10:01:54Z" name="maximizeWindow" finished-at="2024-03-05T10:01:54Z" duration-ms="9" status="PASS">
          <reporter-output>
          </reporter-output>
        </test-method> <!-- maximizeWindow -->
        <test-method signature="EXACT_HEADLINE_MATCH_Negative70011()[pri:55, instance:Testng_UI@49d3c823]" started-at="2024-03-05T10:01:54Z" name="EXACT_HEADLINE_MATCH_Negative70011" finished-at="2024-03-05T10:02:14Z" duration-ms="20395" status="PASS">
          <reporter-output>
          </reporter-output>
        </test-method> <!-- EXACT_HEADLINE_MATCH_Negative70011 -->
        <test-method is-config="true" signature="maximizeWindow()[pri:0, instance:Testng_UI@49d3c823]" started-at="2024-03-05T10:02:14Z" name="maximizeWindow" finished-at="2024-03-05T10:02:14Z" duration-ms="8" status="PASS">
          <reporter-output>
          </reporter-output>
        </test-method> <!-- maximizeWindow -->
        <test-method signature="SEMANTIC_HEADLINE_MATCH80001()[pri:56, instance:Testng_UI@49d3c823]" started-at="2024-03-05T10:02:14Z" name="SEMANTIC_HEADLINE_MATCH80001" finished-at="2024-03-05T10:02:36Z" duration-ms="21512" status="PASS">
          <reporter-output>
          </reporter-output>
        </test-method> <!-- SEMANTIC_HEADLINE_MATCH80001 -->
        <test-method is-config="true" signature="maximizeWindow()[pri:0, instance:Testng_UI@49d3c823]" started-at="2024-03-05T10:02:36Z" name="maximizeWindow" finished-at="2024-03-05T10:02:36Z" duration-ms="7" status="PASS">
          <reporter-output>
          </reporter-output>
        </test-method> <!-- maximizeWindow -->
        <test-method signature="SEMANTIC_HEADLINE_MATCH8002()[pri:57, instance:Testng_UI@49d3c823]" started-at="2024-03-05T10:02:36Z" name="SEMANTIC_HEADLINE_MATCH8002" finished-at="2024-03-05T10:02:57Z" duration-ms="20544" status="PASS">
          <reporter-output>
          </reporter-output>
        </test-method> <!-- SEMANTIC_HEADLINE_MATCH8002 -->
        <test-method is-config="true" signature="maximizeWindow()[pri:0, instance:Testng_UI@49d3c823]" started-at="2024-03-05T10:02:57Z" name="maximizeWindow" finished-at="2024-03-05T10:02:57Z" duration-ms="9" status="PASS">
          <reporter-output>
          </reporter-output>
        </test-method> <!-- maximizeWindow -->
        <test-method signature="SEMANTIC_HEADLINE_MATCH8003()[pri:58, instance:Testng_UI@49d3c823]" started-at="2024-03-05T10:02:57Z" name="SEMANTIC_HEADLINE_MATCH8003" finished-at="2024-03-05T10:03:16Z" duration-ms="19333" status="PASS">
          <reporter-output>
          </reporter-output>
        </test-method> <!-- SEMANTIC_HEADLINE_MATCH8003 -->
        <test-method is-config="true" signature="maximizeWindow()[pri:0, instance:Testng_UI@49d3c823]" started-at="2024-03-05T10:03:16Z" name="maximizeWindow" finished-at="2024-03-05T10:03:16Z" duration-ms="8" status="PASS">
          <reporter-output>
          </reporter-output>
        </test-method> <!-- maximizeWindow -->
        <test-method signature="SEMANTIC_HEADLINE_MATCH8004()[pri:59, instance:Testng_UI@49d3c823]" started-at="2024-03-05T10:03:16Z" name="SEMANTIC_HEADLINE_MATCH8004" finished-at="2024-03-05T10:03:35Z" duration-ms="19575" status="PASS">
          <reporter-output>
          </reporter-output>
        </test-method> <!-- SEMANTIC_HEADLINE_MATCH8004 -->
        <test-method is-config="true" signature="maximizeWindow()[pri:0, instance:Testng_UI@49d3c823]" started-at="2024-03-05T10:03:35Z" name="maximizeWindow" finished-at="2024-03-05T10:03:35Z" duration-ms="7" status="PASS">
          <reporter-output>
          </reporter-output>
        </test-method> <!-- maximizeWindow -->
        <test-method signature="SEMANTIC_HEADLINE_MATCH8005()[pri:60, instance:Testng_UI@49d3c823]" started-at="2024-03-05T10:03:35Z" name="SEMANTIC_HEADLINE_MATCH8005" finished-at="2024-03-05T10:03:55Z" duration-ms="19499" status="PASS">
          <reporter-output>
          </reporter-output>
        </test-method> <!-- SEMANTIC_HEADLINE_MATCH8005 -->
        <test-method is-config="true" signature="maximizeWindow()[pri:0, instance:Testng_UI@49d3c823]" started-at="2024-03-05T10:03:55Z" name="maximizeWindow" finished-at="2024-03-05T10:03:55Z" duration-ms="8" status="PASS">
          <reporter-output>
          </reporter-output>
        </test-method> <!-- maximizeWindow -->
        <test-method signature="SEMANTIC_HEADLINE_MATCH_Negative8006()[pri:61, instance:Testng_UI@49d3c823]" started-at="2024-03-05T10:03:55Z" name="SEMANTIC_HEADLINE_MATCH_Negative8006" finished-at="2024-03-05T10:04:14Z" duration-ms="19437" status="PASS">
          <reporter-output>
          </reporter-output>
        </test-method> <!-- SEMANTIC_HEADLINE_MATCH_Negative8006 -->
        <test-method is-config="true" signature="maximizeWindow()[pri:0, instance:Testng_UI@49d3c823]" started-at="2024-03-05T10:04:14Z" name="maximizeWindow" finished-at="2024-03-05T10:04:14Z" duration-ms="6" status="PASS">
          <reporter-output>
          </reporter-output>
        </test-method> <!-- maximizeWindow -->
        <test-method signature="SEMANTIC_HEADLINE_MATCH_Negative80007()[pri:62, instance:Testng_UI@49d3c823]" started-at="2024-03-05T10:04:14Z" name="SEMANTIC_HEADLINE_MATCH_Negative80007" finished-at="2024-03-05T10:04:34Z" duration-ms="19490" status="PASS">
          <reporter-output>
          </reporter-output>
        </test-method> <!-- SEMANTIC_HEADLINE_MATCH_Negative80007 -->
        <test-method is-config="true" signature="maximizeWindow()[pri:0, instance:Testng_UI@49d3c823]" started-at="2024-03-05T10:04:34Z" name="maximizeWindow" finished-at="2024-03-05T10:04:34Z" duration-ms="6" status="PASS">
          <reporter-output>
          </reporter-output>
        </test-method> <!-- maximizeWindow -->
        <test-method signature="SEMANTIC_HEADLINE_MATCH_Negative80008()[pri:63, instance:Testng_UI@49d3c823]" started-at="2024-03-05T10:04:34Z" name="SEMANTIC_HEADLINE_MATCH_Negative80008" finished-at="2024-03-05T10:04:53Z" duration-ms="19383" status="PASS">
          <reporter-output>
          </reporter-output>
        </test-method> <!-- SEMANTIC_HEADLINE_MATCH_Negative80008 -->
        <test-method is-config="true" signature="maximizeWindow()[pri:0, instance:Testng_UI@49d3c823]" started-at="2024-03-05T10:04:53Z" name="maximizeWindow" finished-at="2024-03-05T10:04:53Z" duration-ms="8" status="PASS">
          <reporter-output>
          </reporter-output>
        </test-method> <!-- maximizeWindow -->
        <test-method signature="SEMANTIC_HEADLINE_MATCH_Negative80009()[pri:64, instance:Testng_UI@49d3c823]" started-at="2024-03-05T10:04:53Z" name="SEMANTIC_HEADLINE_MATCH_Negative80009" finished-at="2024-03-05T10:05:13Z" duration-ms="19206" status="PASS">
          <reporter-output>
          </reporter-output>
        </test-method> <!-- SEMANTIC_HEADLINE_MATCH_Negative80009 -->
        <test-method is-config="true" signature="maximizeWindow()[pri:0, instance:Testng_UI@49d3c823]" started-at="2024-03-05T10:05:13Z" name="maximizeWindow" finished-at="2024-03-05T10:05:13Z" duration-ms="8" status="PASS">
          <reporter-output>
          </reporter-output>
        </test-method> <!-- maximizeWindow -->
        <test-method signature="SEMANTIC_HEADLINE_MATCH_Negative80010()[pri:65, instance:Testng_UI@49d3c823]" started-at="2024-03-05T10:05:13Z" name="SEMANTIC_HEADLINE_MATCH_Negative80010" finished-at="2024-03-05T10:05:32Z" duration-ms="19489" status="PASS">
          <reporter-output>
          </reporter-output>
        </test-method> <!-- SEMANTIC_HEADLINE_MATCH_Negative80010 -->
        <test-method is-config="true" signature="maximizeWindow()[pri:0, instance:Testng_UI@49d3c823]" started-at="2024-03-05T10:05:32Z" name="maximizeWindow" finished-at="2024-03-05T10:05:32Z" duration-ms="7" status="PASS">
          <reporter-output>
          </reporter-output>
        </test-method> <!-- maximizeWindow -->
        <test-method signature="SEMANTIC_HEADLINE_MATCH_Negative8011()[pri:66, instance:Testng_UI@49d3c823]" started-at="2024-03-05T10:05:32Z" name="SEMANTIC_HEADLINE_MATCH_Negative8011" finished-at="2024-03-05T10:05:51Z" duration-ms="19463" status="PASS">
          <reporter-output>
          </reporter-output>
        </test-method> <!-- SEMANTIC_HEADLINE_MATCH_Negative8011 -->
        <test-method is-config="true" signature="maximizeWindow()[pri:0, instance:Testng_UI@49d3c823]" started-at="2024-03-05T10:05:51Z" name="maximizeWindow" finished-at="2024-03-05T10:05:51Z" duration-ms="7" status="PASS">
          <reporter-output>
          </reporter-output>
        </test-method> <!-- maximizeWindow -->
        <test-method signature="SEMANTIC_HEADLINE_CONTRADICTION90001()[pri:67, instance:Testng_UI@49d3c823]" started-at="2024-03-05T10:05:51Z" name="SEMANTIC_HEADLINE_CONTRADICTION90001" finished-at="2024-03-05T10:06:12Z" duration-ms="20909" status="PASS">
          <reporter-output>
          </reporter-output>
        </test-method> <!-- SEMANTIC_HEADLINE_CONTRADICTION90001 -->
        <test-method is-config="true" signature="maximizeWindow()[pri:0, instance:Testng_UI@49d3c823]" started-at="2024-03-05T10:06:12Z" name="maximizeWindow" finished-at="2024-03-05T10:06:12Z" duration-ms="9" status="PASS">
          <reporter-output>
          </reporter-output>
        </test-method> <!-- maximizeWindow -->
        <test-method signature="SEMANTIC_HEADLINE_CONTRADICTION90002()[pri:68, instance:Testng_UI@49d3c823]" started-at="2024-03-05T10:06:12Z" name="SEMANTIC_HEADLINE_CONTRADICTION90002" finished-at="2024-03-05T10:06:34Z" duration-ms="21367" status="PASS">
          <reporter-output>
          </reporter-output>
        </test-method> <!-- SEMANTIC_HEADLINE_CONTRADICTION90002 -->
        <test-method is-config="true" signature="maximizeWindow()[pri:0, instance:Testng_UI@49d3c823]" started-at="2024-03-05T10:06:34Z" name="maximizeWindow" finished-at="2024-03-05T10:06:34Z" duration-ms="9" status="PASS">
          <reporter-output>
          </reporter-output>
        </test-method> <!-- maximizeWindow -->
        <test-method signature="SEMANTIC_HEADLINE_CONTRADICTION90003()[pri:69, instance:Testng_UI@49d3c823]" started-at="2024-03-05T10:06:34Z" name="SEMANTIC_HEADLINE_CONTRADICTION90003" finished-at="2024-03-05T10:06:55Z" duration-ms="21411" status="PASS">
          <reporter-output>
          </reporter-output>
        </test-method> <!-- SEMANTIC_HEADLINE_CONTRADICTION90003 -->
        <test-method is-config="true" signature="maximizeWindow()[pri:0, instance:Testng_UI@49d3c823]" started-at="2024-03-05T10:06:55Z" name="maximizeWindow" finished-at="2024-03-05T10:06:55Z" duration-ms="8" status="PASS">
          <reporter-output>
          </reporter-output>
        </test-method> <!-- maximizeWindow -->
        <test-method signature="SEMANTIC_HEADLINE_CONTRADICTION90004()[pri:70, instance:Testng_UI@49d3c823]" started-at="2024-03-05T10:06:55Z" name="SEMANTIC_HEADLINE_CONTRADICTION90004" finished-at="2024-03-05T10:07:17Z" duration-ms="21342" status="PASS">
          <reporter-output>
          </reporter-output>
        </test-method> <!-- SEMANTIC_HEADLINE_CONTRADICTION90004 -->
        <test-method is-config="true" signature="maximizeWindow()[pri:0, instance:Testng_UI@49d3c823]" started-at="2024-03-05T10:07:17Z" name="maximizeWindow" finished-at="2024-03-05T10:07:17Z" duration-ms="8" status="PASS">
          <reporter-output>
          </reporter-output>
        </test-method> <!-- maximizeWindow -->
        <test-method signature="SEMANTIC_HEADLINE_CONTRADICTION90005()[pri:71, instance:Testng_UI@49d3c823]" started-at="2024-03-05T10:07:17Z" name="SEMANTIC_HEADLINE_CONTRADICTION90005" finished-at="2024-03-05T10:07:26Z" duration-ms="8969" status="FAIL">
          <exception class="org.openqa.selenium.StaleElementReferenceException">
            <message>
              <![CDATA[stale element reference: stale element not found
  (Session info: chrome=115.0.5790.0)
For documentation on this error, please visit: https://www.seleniumhq.org/exceptions/stale_element_reference.html
Build info: version: '3.141.59', revision: 'e82be7d358', time: '2018-11-14T08:17:03'
System info: host: 'PRAKASH-4948', ip: '192.168.104.34', os.name: 'Windows 11', os.arch: 'amd64', os.version: '10.0', java.version: '18.0.2.1'
Driver info: org.openqa.selenium.chrome.ChromeDriver
Capabilities {acceptInsecureCerts: false, browserName: chrome, browserVersion: 115.0.5790.0, chrome: {chromedriverVersion: 114.0.5735.90 (386bc09e8f4f..., userDataDir: C:\Users\praka\AppData\Loca...}, goog:chromeOptions: {debuggerAddress: localhost:64564}, javascriptEnabled: true, networkConnectionEnabled: false, pageLoadStrategy: normal, platform: WINDOWS, platformName: WINDOWS, proxy: Proxy(), setWindowRect: true, strictFileInteractability: false, timeouts: {implicit: 0, pageLoad: 300000, script: 30000}, unhandledPromptBehavior: dismiss and notify, webauthn:extension:credBlob: true, webauthn:extension:largeBlob: true, webauthn:extension:minPinLength: true, webauthn:extension:prf: true, webauthn:virtualAuthenticators: true}
Session ID: 4d51670a08f81d1f35990f93f8a85827]]>
            </message>
            <full-stacktrace>
              <![CDATA[org.openqa.selenium.StaleElementReferenceException: stale element reference: stale element not found
  (Session info: chrome=115.0.5790.0)
For documentation on this error, please visit: https://www.seleniumhq.org/exceptions/stale_element_reference.html
Build info: version: '3.141.59', revision: 'e82be7d358', time: '2018-11-14T08:17:03'
System info: host: 'PRAKASH-4948', ip: '192.168.104.34', os.name: 'Windows 11', os.arch: 'amd64', os.version: '10.0', java.version: '18.0.2.1'
Driver info: org.openqa.selenium.chrome.ChromeDriver
Capabilities {acceptInsecureCerts: false, browserName: chrome, browserVersion: 115.0.5790.0, chrome: {chromedriverVersion: 114.0.5735.90 (386bc09e8f4f..., userDataDir: C:\Users\praka\AppData\Loca...}, goog:chromeOptions: {debuggerAddress: localhost:64564}, javascriptEnabled: true, networkConnectionEnabled: false, pageLoadStrategy: normal, platform: WINDOWS, platformName: WINDOWS, proxy: Proxy(), setWindowRect: true, strictFileInteractability: false, timeouts: {implicit: 0, pageLoad: 300000, script: 30000}, unhandledPromptBehavior: dismiss and notify, webauthn:extension:credBlob: true, webauthn:extension:largeBlob: true, webauthn:extension:minPinLength: true, webauthn:extension:prf: true, webauthn:virtualAuthenticators: true}
Session ID: 4d51670a08f81d1f35990f93f8a85827
at java.base/jdk.internal.reflect.DirectConstructorHandleAccessor.newInstance(DirectConstructorHandleAccessor.java:67)
at java.base/java.lang.reflect.Constructor.newInstanceWithCaller(Constructor.java:499)
at java.base/java.lang.reflect.Constructor.newInstance(Constructor.java:483)
at org.openqa.selenium.remote.http.W3CHttpResponseCodec.createException(W3CHttpResponseCodec.java:187)
at org.openqa.selenium.remote.http.W3CHttpResponseCodec.decode(W3CHttpResponseCodec.java:122)
at org.openqa.selenium.remote.http.W3CHttpResponseCodec.decode(W3CHttpResponseCodec.java:49)
at org.openqa.selenium.remote.HttpCommandExecutor.execute(HttpCommandExecutor.java:158)
at org.openqa.selenium.remote.service.DriverCommandExecutor.execute(DriverCommandExecutor.java:83)
at org.openqa.selenium.remote.RemoteWebDriver.execute(RemoteWebDriver.java:552)
at org.openqa.selenium.remote.RemoteWebDriver.executeScript(RemoteWebDriver.java:489)
at Testng_UI.SEMANTIC_HEADLINE_CONTRADICTION90005(Testng_UI.java:6457)
at java.base/jdk.internal.reflect.DirectMethodHandleAccessor.invoke(DirectMethodHandleAccessor.java:104)
at java.base/java.lang.reflect.Method.invoke(Method.java:577)
at org.testng.internal.MethodInvocationHelper.invokeMethod(MethodInvocationHelper.java:124)
at org.testng.internal.Invoker.invokeMethod(Invoker.java:583)
at org.testng.internal.Invoker.invokeTestMethod(Invoker.java:719)
at org.testng.internal.Invoker.invokeTestMethods(Invoker.java:989)
at org.testng.internal.TestMethodWorker.invokeTestMethods(TestMethodWorker.java:125)
at org.testng.internal.TestMethodWorker.run(TestMethodWorker.java:109)
at org.testng.TestRunner.privateRun(TestRunner.java:648)
at org.testng.TestRunner.run(TestRunner.java:505)
at org.testng.SuiteRunner.runTest(SuiteRunner.java:455)
at org.testng.SuiteRunner.runSequentially(SuiteRunner.java:450)
at org.testng.SuiteRunner.privateRun(SuiteRunner.java:415)
at org.testng.SuiteRunner.run(SuiteRunner.java:364)
at org.testng.SuiteRunnerWorker.runSuite(SuiteRunnerWorker.java:52)
at org.testng.SuiteRunnerWorker.run(SuiteRunnerWorker.java:84)
at org.testng.TestNG.runSuitesSequentially(TestNG.java:1208)
at org.testng.TestNG.runSuitesLocally(TestNG.java:1137)
at org.testng.TestNG.runSuites(TestNG.java:1049)
at org.testng.TestNG.run(TestNG.java:1017)
at org.testng.remote.AbstractRemoteTestNG.run(AbstractRemoteTestNG.java:115)
at org.testng.remote.RemoteTestNG.initAndRun(RemoteTestNG.java:251)
at org.testng.remote.RemoteTestNG.main(RemoteTestNG.java:77)
]]>
            </full-stacktrace>
          </exception> <!-- org.openqa.selenium.StaleElementReferenceException -->
          <reporter-output>
          </reporter-output>
        </test-method> <!-- SEMANTIC_HEADLINE_CONTRADICTION90005 -->
        <test-method is-config="true" signature="maximizeWindow()[pri:0, instance:Testng_UI@49d3c823]" started-at="2024-03-05T10:07:26Z" name="maximizeWindow" finished-at="2024-03-05T10:07:26Z" duration-ms="9" status="PASS">
          <reporter-output>
          </reporter-output>
        </test-method> <!-- maximizeWindow -->
        <test-method signature="SEMANTIC_HEADLINE_CONTRADICTION_Negative90006()[pri:72, instance:Testng_UI@49d3c823]" started-at="2024-03-05T10:07:26Z" name="SEMANTIC_HEADLINE_CONTRADICTION_Negative90006" finished-at="2024-03-05T10:07:47Z" duration-ms="21444" status="PASS">
          <reporter-output>
          </reporter-output>
        </test-method> <!-- SEMANTIC_HEADLINE_CONTRADICTION_Negative90006 -->
        <test-method is-config="true" signature="maximizeWindow()[pri:0, instance:Testng_UI@49d3c823]" started-at="2024-03-05T10:07:47Z" name="maximizeWindow" finished-at="2024-03-05T10:07:47Z" duration-ms="28" status="PASS">
          <reporter-output>
          </reporter-output>
        </test-method> <!-- maximizeWindow -->
        <test-method signature="SEMANTIC_HEADLINE_CONTRADICTION_Negative90007()[pri:73, instance:Testng_UI@49d3c823]" started-at="2024-03-05T10:07:47Z" name="SEMANTIC_HEADLINE_CONTRADICTION_Negative90007" finished-at="2024-03-05T10:08:09Z" duration-ms="21561" status="PASS">
          <reporter-output>
          </reporter-output>
        </test-method> <!-- SEMANTIC_HEADLINE_CONTRADICTION_Negative90007 -->
        <test-method is-config="true" signature="maximizeWindow()[pri:0, instance:Testng_UI@49d3c823]" started-at="2024-03-05T10:08:09Z" name="maximizeWindow" finished-at="2024-03-05T10:08:09Z" duration-ms="8" status="PASS">
          <reporter-output>
          </reporter-output>
        </test-method> <!-- maximizeWindow -->
        <test-method signature="SEMANTIC_HEADLINE_CONTRADICTION_Negative90008()[pri:74, instance:Testng_UI@49d3c823]" started-at="2024-03-05T10:08:09Z" name="SEMANTIC_HEADLINE_CONTRADICTION_Negative90008" finished-at="2024-03-05T10:08:32Z" duration-ms="23499" status="PASS">
          <reporter-output>
          </reporter-output>
        </test-method> <!-- SEMANTIC_HEADLINE_CONTRADICTION_Negative90008 -->
        <test-method is-config="true" signature="maximizeWindow()[pri:0, instance:Testng_UI@49d3c823]" started-at="2024-03-05T10:08:32Z" name="maximizeWindow" finished-at="2024-03-05T10:08:32Z" duration-ms="5" status="PASS">
          <reporter-output>
          </reporter-output>
        </test-method> <!-- maximizeWindow -->
        <test-method signature="SEMANTIC_HEADLINE_CONTRADICTION_Negative90009()[pri:75, instance:Testng_UI@49d3c823]" started-at="2024-03-05T10:08:32Z" name="SEMANTIC_HEADLINE_CONTRADICTION_Negative90009" finished-at="2024-03-05T10:08:41Z" duration-ms="8999" status="FAIL">
          <exception class="org.openqa.selenium.StaleElementReferenceException">
            <message>
              <![CDATA[stale element reference: stale element not found
  (Session info: chrome=115.0.5790.0)
For documentation on this error, please visit: https://www.seleniumhq.org/exceptions/stale_element_reference.html
Build info: version: '3.141.59', revision: 'e82be7d358', time: '2018-11-14T08:17:03'
System info: host: 'PRAKASH-4948', ip: '192.168.104.34', os.name: 'Windows 11', os.arch: 'amd64', os.version: '10.0', java.version: '18.0.2.1'
Driver info: org.openqa.selenium.chrome.ChromeDriver
Capabilities {acceptInsecureCerts: false, browserName: chrome, browserVersion: 115.0.5790.0, chrome: {chromedriverVersion: 114.0.5735.90 (386bc09e8f4f..., userDataDir: C:\Users\praka\AppData\Loca...}, goog:chromeOptions: {debuggerAddress: localhost:64564}, javascriptEnabled: true, networkConnectionEnabled: false, pageLoadStrategy: normal, platform: WINDOWS, platformName: WINDOWS, proxy: Proxy(), setWindowRect: true, strictFileInteractability: false, timeouts: {implicit: 0, pageLoad: 300000, script: 30000}, unhandledPromptBehavior: dismiss and notify, webauthn:extension:credBlob: true, webauthn:extension:largeBlob: true, webauthn:extension:minPinLength: true, webauthn:extension:prf: true, webauthn:virtualAuthenticators: true}
Session ID: 4d51670a08f81d1f35990f93f8a85827]]>
            </message>
            <full-stacktrace>
              <![CDATA[org.openqa.selenium.StaleElementReferenceException: stale element reference: stale element not found
  (Session info: chrome=115.0.5790.0)
For documentation on this error, please visit: https://www.seleniumhq.org/exceptions/stale_element_reference.html
Build info: version: '3.141.59', revision: 'e82be7d358', time: '2018-11-14T08:17:03'
System info: host: 'PRAKASH-4948', ip: '192.168.104.34', os.name: 'Windows 11', os.arch: 'amd64', os.version: '10.0', java.version: '18.0.2.1'
Driver info: org.openqa.selenium.chrome.ChromeDriver
Capabilities {acceptInsecureCerts: false, browserName: chrome, browserVersion: 115.0.5790.0, chrome: {chromedriverVersion: 114.0.5735.90 (386bc09e8f4f..., userDataDir: C:\Users\praka\AppData\Loca...}, goog:chromeOptions: {debuggerAddress: localhost:64564}, javascriptEnabled: true, networkConnectionEnabled: false, pageLoadStrategy: normal, platform: WINDOWS, platformName: WINDOWS, proxy: Proxy(), setWindowRect: true, strictFileInteractability: false, timeouts: {implicit: 0, pageLoad: 300000, script: 30000}, unhandledPromptBehavior: dismiss and notify, webauthn:extension:credBlob: true, webauthn:extension:largeBlob: true, webauthn:extension:minPinLength: true, webauthn:extension:prf: true, webauthn:virtualAuthenticators: true}
Session ID: 4d51670a08f81d1f35990f93f8a85827
at java.base/jdk.internal.reflect.DirectConstructorHandleAccessor.newInstance(DirectConstructorHandleAccessor.java:67)
at java.base/java.lang.reflect.Constructor.newInstanceWithCaller(Constructor.java:499)
at java.base/java.lang.reflect.Constructor.newInstance(Constructor.java:483)
at org.openqa.selenium.remote.http.W3CHttpResponseCodec.createException(W3CHttpResponseCodec.java:187)
at org.openqa.selenium.remote.http.W3CHttpResponseCodec.decode(W3CHttpResponseCodec.java:122)
at org.openqa.selenium.remote.http.W3CHttpResponseCodec.decode(W3CHttpResponseCodec.java:49)
at org.openqa.selenium.remote.HttpCommandExecutor.execute(HttpCommandExecutor.java:158)
at org.openqa.selenium.remote.service.DriverCommandExecutor.execute(DriverCommandExecutor.java:83)
at org.openqa.selenium.remote.RemoteWebDriver.execute(RemoteWebDriver.java:552)
at org.openqa.selenium.remote.RemoteWebDriver.executeScript(RemoteWebDriver.java:489)
at Testng_UI.SEMANTIC_HEADLINE_CONTRADICTION_Negative90009(Testng_UI.java:6821)
at java.base/jdk.internal.reflect.DirectMethodHandleAccessor.invoke(DirectMethodHandleAccessor.java:104)
at java.base/java.lang.reflect.Method.invoke(Method.java:577)
at org.testng.internal.MethodInvocationHelper.invokeMethod(MethodInvocationHelper.java:124)
at org.testng.internal.Invoker.invokeMethod(Invoker.java:583)
at org.testng.internal.Invoker.invokeTestMethod(Invoker.java:719)
at org.testng.internal.Invoker.invokeTestMethods(Invoker.java:989)
at org.testng.internal.TestMethodWorker.invokeTestMethods(TestMethodWorker.java:125)
at org.testng.internal.TestMethodWorker.run(TestMethodWorker.java:109)
at org.testng.TestRunner.privateRun(TestRunner.java:648)
at org.testng.TestRunner.run(TestRunner.java:505)
at org.testng.SuiteRunner.runTest(SuiteRunner.java:455)
at org.testng.SuiteRunner.runSequentially(SuiteRunner.java:450)
at org.testng.SuiteRunner.privateRun(SuiteRunner.java:415)
at org.testng.SuiteRunner.run(SuiteRunner.java:364)
at org.testng.SuiteRunnerWorker.runSuite(SuiteRunnerWorker.java:52)
at org.testng.SuiteRunnerWorker.run(SuiteRunnerWorker.java:84)
at org.testng.TestNG.runSuitesSequentially(TestNG.java:1208)
at org.testng.TestNG.runSuitesLocally(TestNG.java:1137)
at org.testng.TestNG.runSuites(TestNG.java:1049)
at org.testng.TestNG.run(TestNG.java:1017)
at org.testng.remote.AbstractRemoteTestNG.run(AbstractRemoteTestNG.java:115)
at org.testng.remote.RemoteTestNG.initAndRun(RemoteTestNG.java:251)
at org.testng.remote.RemoteTestNG.main(RemoteTestNG.java:77)
]]>
            </full-stacktrace>
          </exception> <!-- org.openqa.selenium.StaleElementReferenceException -->
          <reporter-output>
          </reporter-output>
        </test-method> <!-- SEMANTIC_HEADLINE_CONTRADICTION_Negative90009 -->
        <test-method is-config="true" signature="maximizeWindow()[pri:0, instance:Testng_UI@49d3c823]" started-at="2024-03-05T10:08:41Z" name="maximizeWindow" finished-at="2024-03-05T10:08:41Z" duration-ms="7" status="PASS">
          <reporter-output>
          </reporter-output>
        </test-method> <!-- maximizeWindow -->
        <test-method signature="SEMANTIC_HEADLINE_CONTRADICTION_Negative90010()[pri:76, instance:Testng_UI@49d3c823]" started-at="2024-03-05T10:08:41Z" name="SEMANTIC_HEADLINE_CONTRADICTION_Negative90010" finished-at="2024-03-05T10:09:02Z" duration-ms="21356" status="PASS">
          <reporter-output>
          </reporter-output>
        </test-method> <!-- SEMANTIC_HEADLINE_CONTRADICTION_Negative90010 -->
        <test-method is-config="true" signature="maximizeWindow()[pri:0, instance:Testng_UI@49d3c823]" started-at="2024-03-05T10:09:02Z" name="maximizeWindow" finished-at="2024-03-05T10:09:02Z" duration-ms="9" status="PASS">
          <reporter-output>
          </reporter-output>
        </test-method> <!-- maximizeWindow -->
        <test-method signature="SEMANTIC_HEADLINE_CONTRADICTION_Negative90011()[pri:77, instance:Testng_UI@49d3c823]" started-at="2024-03-05T10:09:02Z" name="SEMANTIC_HEADLINE_CONTRADICTION_Negative90011" finished-at="2024-03-05T10:09:24Z" duration-ms="21472" status="PASS">
          <reporter-output>
          </reporter-output>
        </test-method> <!-- SEMANTIC_HEADLINE_CONTRADICTION_Negative90011 -->
        <test-method is-config="true" signature="maximizeWindow()[pri:0, instance:Testng_UI@49d3c823]" started-at="2024-03-05T10:09:24Z" name="maximizeWindow" finished-at="2024-03-05T10:09:24Z" duration-ms="7" status="PASS">
          <reporter-output>
          </reporter-output>
        </test-method> <!-- maximizeWindow -->
        <test-method signature="PUBLISHER_MATCH10001()[pri:78, instance:Testng_UI@49d3c823]" started-at="2024-03-05T10:09:24Z" name="PUBLISHER_MATCH10001" finished-at="2024-03-05T10:09:45Z" duration-ms="21474" status="PASS">
          <reporter-output>
          </reporter-output>
        </test-method> <!-- PUBLISHER_MATCH10001 -->
        <test-method is-config="true" signature="maximizeWindow()[pri:0, instance:Testng_UI@49d3c823]" started-at="2024-03-05T10:09:45Z" name="maximizeWindow" finished-at="2024-03-05T10:09:45Z" duration-ms="8" status="PASS">
          <reporter-output>
          </reporter-output>
        </test-method> <!-- maximizeWindow -->
        <test-method signature="PUBLISHER_MATCH10002()[pri:79, instance:Testng_UI@49d3c823]" started-at="2024-03-05T10:09:45Z" name="PUBLISHER_MATCH10002" finished-at="2024-03-05T10:10:07Z" duration-ms="21499" status="PASS">
          <reporter-output>
          </reporter-output>
        </test-method> <!-- PUBLISHER_MATCH10002 -->
        <test-method is-config="true" signature="maximizeWindow()[pri:0, instance:Testng_UI@49d3c823]" started-at="2024-03-05T10:10:07Z" name="maximizeWindow" finished-at="2024-03-05T10:10:07Z" duration-ms="4" status="PASS">
          <reporter-output>
          </reporter-output>
        </test-method> <!-- maximizeWindow -->
        <test-method signature="PUBLISHER_MATCH10003()[pri:80, instance:Testng_UI@49d3c823]" started-at="2024-03-05T10:10:07Z" name="PUBLISHER_MATCH10003" finished-at="2024-03-05T10:10:28Z" duration-ms="21500" status="PASS">
          <reporter-output>
          </reporter-output>
        </test-method> <!-- PUBLISHER_MATCH10003 -->
        <test-method is-config="true" signature="maximizeWindow()[pri:0, instance:Testng_UI@49d3c823]" started-at="2024-03-05T10:10:28Z" name="maximizeWindow" finished-at="2024-03-05T10:10:28Z" duration-ms="9" status="PASS">
          <reporter-output>
          </reporter-output>
        </test-method> <!-- maximizeWindow -->
        <test-method signature="PUBLISHER_MATCH10004()[pri:81, instance:Testng_UI@49d3c823]" started-at="2024-03-05T10:10:28Z" name="PUBLISHER_MATCH10004" finished-at="2024-03-05T10:10:45Z" duration-ms="16075" status="FAIL">
          <exception class="java.lang.AssertionError">
            <message>
              <![CDATA[Status does not match expected expected [Trusted Source] but found []]]>
            </message>
            <full-stacktrace>
              <![CDATA[java.lang.AssertionError: Status does not match expected expected [Trusted Source] but found []
at org.testng.Assert.fail(Assert.java:96)
at org.testng.Assert.failNotEquals(Assert.java:776)
at org.testng.Assert.assertEqualsImpl(Assert.java:137)
at org.testng.Assert.assertEquals(Assert.java:118)
at org.testng.Assert.assertEquals(Assert.java:453)
at Testng_UI.PUBLISHER_MATCH10004(Testng_UI.java:7401)
at java.base/jdk.internal.reflect.DirectMethodHandleAccessor.invoke(DirectMethodHandleAccessor.java:104)
at java.base/java.lang.reflect.Method.invoke(Method.java:577)
at org.testng.internal.MethodInvocationHelper.invokeMethod(MethodInvocationHelper.java:124)
at org.testng.internal.Invoker.invokeMethod(Invoker.java:583)
at org.testng.internal.Invoker.invokeTestMethod(Invoker.java:719)
at org.testng.internal.Invoker.invokeTestMethods(Invoker.java:989)
at org.testng.internal.TestMethodWorker.invokeTestMethods(TestMethodWorker.java:125)
at org.testng.internal.TestMethodWorker.run(TestMethodWorker.java:109)
at org.testng.TestRunner.privateRun(TestRunner.java:648)
at org.testng.TestRunner.run(TestRunner.java:505)
at org.testng.SuiteRunner.runTest(SuiteRunner.java:455)
at org.testng.SuiteRunner.runSequentially(SuiteRunner.java:450)
at org.testng.SuiteRunner.privateRun(SuiteRunner.java:415)
at org.testng.SuiteRunner.run(SuiteRunner.java:364)
at org.testng.SuiteRunnerWorker.runSuite(SuiteRunnerWorker.java:52)
at org.testng.SuiteRunnerWorker.run(SuiteRunnerWorker.java:84)
at org.testng.TestNG.runSuitesSequentially(TestNG.java:1208)
at org.testng.TestNG.runSuitesLocally(TestNG.java:1137)
at org.testng.TestNG.runSuites(TestNG.java:1049)
at org.testng.TestNG.run(TestNG.java:1017)
at org.testng.remote.AbstractRemoteTestNG.run(AbstractRemoteTestNG.java:115)
at org.testng.remote.RemoteTestNG.initAndRun(RemoteTestNG.java:251)
at org.testng.remote.RemoteTestNG.main(RemoteTestNG.java:77)
]]>
            </full-stacktrace>
          </exception> <!-- java.lang.AssertionError -->
          <reporter-output>
          </reporter-output>
        </test-method> <!-- PUBLISHER_MATCH10004 -->
        <test-method is-config="true" signature="maximizeWindow()[pri:0, instance:Testng_UI@49d3c823]" started-at="2024-03-05T10:10:45Z" name="maximizeWindow" finished-at="2024-03-05T10:10:45Z" duration-ms="11" status="PASS">
          <reporter-output>
          </reporter-output>
        </test-method> <!-- maximizeWindow -->
        <test-method signature="PUBLISHER_MATCH10005()[pri:82, instance:Testng_UI@49d3c823]" started-at="2024-03-05T10:10:45Z" name="PUBLISHER_MATCH10005" finished-at="2024-03-05T10:11:06Z" duration-ms="21573" status="PASS">
          <reporter-output>
          </reporter-output>
        </test-method> <!-- PUBLISHER_MATCH10005 -->
        <test-method is-config="true" signature="maximizeWindow()[pri:0, instance:Testng_UI@49d3c823]" started-at="2024-03-05T10:11:06Z" name="maximizeWindow" finished-at="2024-03-05T10:11:06Z" duration-ms="9" status="PASS">
          <reporter-output>
          </reporter-output>
        </test-method> <!-- maximizeWindow -->
        <test-method signature="PUBLISHER_MATCH_Negative10006()[pri:83, instance:Testng_UI@49d3c823]" started-at="2024-03-05T10:11:06Z" name="PUBLISHER_MATCH_Negative10006" finished-at="2024-03-05T10:11:28Z" duration-ms="22095" status="PASS">
          <reporter-output>
          </reporter-output>
        </test-method> <!-- PUBLISHER_MATCH_Negative10006 -->
        <test-method is-config="true" signature="maximizeWindow()[pri:0, instance:Testng_UI@49d3c823]" started-at="2024-03-05T10:11:28Z" name="maximizeWindow" finished-at="2024-03-05T10:11:28Z" duration-ms="10" status="PASS">
          <reporter-output>
          </reporter-output>
        </test-method> <!-- maximizeWindow -->
        <test-method signature="PUBLISHER_MATCH_Negative10007()[pri:84, instance:Testng_UI@49d3c823]" started-at="2024-03-05T10:11:28Z" name="PUBLISHER_MATCH_Negative10007" finished-at="2024-03-05T10:11:50Z" duration-ms="22134" status="PASS">
          <reporter-output>
          </reporter-output>
        </test-method> <!-- PUBLISHER_MATCH_Negative10007 -->
        <test-method is-config="true" signature="maximizeWindow()[pri:0, instance:Testng_UI@49d3c823]" started-at="2024-03-05T10:11:50Z" name="maximizeWindow" finished-at="2024-03-05T10:11:50Z" duration-ms="7" status="PASS">
          <reporter-output>
          </reporter-output>
        </test-method> <!-- maximizeWindow -->
        <test-method signature="PUBLISHER_MATCH_Negative10008()[pri:85, instance:Testng_UI@49d3c823]" started-at="2024-03-05T10:11:50Z" name="PUBLISHER_MATCH_Negative10008" finished-at="2024-03-05T10:12:12Z" duration-ms="22116" status="PASS">
          <reporter-output>
          </reporter-output>
        </test-method> <!-- PUBLISHER_MATCH_Negative10008 -->
        <test-method is-config="true" signature="maximizeWindow()[pri:0, instance:Testng_UI@49d3c823]" started-at="2024-03-05T10:12:12Z" name="maximizeWindow" finished-at="2024-03-05T10:12:12Z" duration-ms="9" status="PASS">
          <reporter-output>
          </reporter-output>
        </test-method> <!-- maximizeWindow -->
        <test-method signature="PUBLISHER_MATCH_Negative10009()[pri:86, instance:Testng_UI@49d3c823]" started-at="2024-03-05T10:12:12Z" name="PUBLISHER_MATCH_Negative10009" finished-at="2024-03-05T10:12:35Z" duration-ms="22203" status="PASS">
          <reporter-output>
          </reporter-output>
        </test-method> <!-- PUBLISHER_MATCH_Negative10009 -->
        <test-method is-config="true" signature="maximizeWindow()[pri:0, instance:Testng_UI@49d3c823]" started-at="2024-03-05T10:12:35Z" name="maximizeWindow" finished-at="2024-03-05T10:12:35Z" duration-ms="10" status="PASS">
          <reporter-output>
          </reporter-output>
        </test-method> <!-- maximizeWindow -->
        <test-method signature="PUBLISHER_MATCH_Negative10010()[pri:87, instance:Testng_UI@49d3c823]" started-at="2024-03-05T10:12:35Z" name="PUBLISHER_MATCH_Negative10010" finished-at="2024-03-05T10:12:56Z" duration-ms="21359" status="PASS">
          <reporter-output>
          </reporter-output>
        </test-method> <!-- PUBLISHER_MATCH_Negative10010 -->
        <test-method is-config="true" signature="maximizeWindow()[pri:0, instance:Testng_UI@49d3c823]" started-at="2024-03-05T10:12:56Z" name="maximizeWindow" finished-at="2024-03-05T10:12:56Z" duration-ms="9" status="PASS">
          <reporter-output>
          </reporter-output>
        </test-method> <!-- maximizeWindow -->
        <test-method signature="PUBLISHER_MATCH_Negative10011()[pri:88, instance:Testng_UI@49d3c823]" started-at="2024-03-05T10:12:56Z" name="PUBLISHER_MATCH_Negative10011" finished-at="2024-03-05T10:13:18Z" duration-ms="22139" status="PASS">
          <reporter-output>
          </reporter-output>
        </test-method> <!-- PUBLISHER_MATCH_Negative10011 -->
        <test-method is-config="true" signature="maximizeWindow()[pri:0, instance:Testng_UI@49d3c823]" started-at="2024-03-05T10:13:18Z" name="maximizeWindow" finished-at="2024-03-05T10:13:18Z" duration-ms="4" status="PASS">
          <reporter-output>
          </reporter-output>
        </test-method> <!-- maximizeWindow -->
        <test-method signature="KNOWN_NEWS_ITEM_WRONG_REFERENCED_PUBLISHER110001()[pri:89, instance:Testng_UI@49d3c823]" started-at="2024-03-05T10:13:18Z" name="KNOWN_NEWS_ITEM_WRONG_REFERENCED_PUBLISHER110001" finished-at="2024-03-05T10:13:40Z" duration-ms="22129" status="PASS">
          <reporter-output>
          </reporter-output>
        </test-method> <!-- KNOWN_NEWS_ITEM_WRONG_REFERENCED_PUBLISHER110001 -->
        <test-method is-config="true" signature="maximizeWindow()[pri:0, instance:Testng_UI@49d3c823]" started-at="2024-03-05T10:13:40Z" name="maximizeWindow" finished-at="2024-03-05T10:13:40Z" duration-ms="10" status="PASS">
          <reporter-output>
          </reporter-output>
        </test-method> <!-- maximizeWindow -->
        <test-method signature="KNOWN_NEWS_ITEM_WRONG_REFERENCED_PUBLISHER110002()[pri:90, instance:Testng_UI@49d3c823]" started-at="2024-03-05T10:13:40Z" name="KNOWN_NEWS_ITEM_WRONG_REFERENCED_PUBLISHER110002" finished-at="2024-03-05T10:14:02Z" duration-ms="22140" status="PASS">
          <reporter-output>
          </reporter-output>
        </test-method> <!-- KNOWN_NEWS_ITEM_WRONG_REFERENCED_PUBLISHER110002 -->
        <test-method is-config="true" signature="maximizeWindow()[pri:0, instance:Testng_UI@49d3c823]" started-at="2024-03-05T10:14:02Z" name="maximizeWindow" finished-at="2024-03-05T10:14:02Z" duration-ms="10" status="PASS">
          <reporter-output>
          </reporter-output>
        </test-method> <!-- maximizeWindow -->
        <test-method signature="KNOWN_NEWS_ITEM_WRONG_REFERENCED_PUBLISHER110003()[pri:91, instance:Testng_UI@49d3c823]" started-at="2024-03-05T10:14:02Z" name="KNOWN_NEWS_ITEM_WRONG_REFERENCED_PUBLISHER110003" finished-at="2024-03-05T10:14:25Z" duration-ms="22095" status="PASS">
          <reporter-output>
          </reporter-output>
        </test-method> <!-- KNOWN_NEWS_ITEM_WRONG_REFERENCED_PUBLISHER110003 -->
        <test-method is-config="true" signature="maximizeWindow()[pri:0, instance:Testng_UI@49d3c823]" started-at="2024-03-05T10:14:25Z" name="maximizeWindow" finished-at="2024-03-05T10:14:25Z" duration-ms="7" status="PASS">
          <reporter-output>
          </reporter-output>
        </test-method> <!-- maximizeWindow -->
        <test-method signature="KNOWN_NEWS_ITEM_WRONG_REFERENCED_PUBLISHER110004()[pri:92, instance:Testng_UI@49d3c823]" started-at="2024-03-05T10:14:25Z" name="KNOWN_NEWS_ITEM_WRONG_REFERENCED_PUBLISHER110004" finished-at="2024-03-05T10:14:47Z" duration-ms="22186" status="PASS">
          <reporter-output>
          </reporter-output>
        </test-method> <!-- KNOWN_NEWS_ITEM_WRONG_REFERENCED_PUBLISHER110004 -->
        <test-method is-config="true" signature="maximizeWindow()[pri:0, instance:Testng_UI@49d3c823]" started-at="2024-03-05T10:14:47Z" name="maximizeWindow" finished-at="2024-03-05T10:14:47Z" duration-ms="6" status="PASS">
          <reporter-output>
          </reporter-output>
        </test-method> <!-- maximizeWindow -->
        <test-method signature="KNOWN_NEWS_ITEM_WRONG_REFERENCED_PUBLISHER110005()[pri:93, instance:Testng_UI@49d3c823]" started-at="2024-03-05T10:14:47Z" name="KNOWN_NEWS_ITEM_WRONG_REFERENCED_PUBLISHER110005" finished-at="2024-03-05T10:15:09Z" duration-ms="22128" status="PASS">
          <reporter-output>
          </reporter-output>
        </test-method> <!-- KNOWN_NEWS_ITEM_WRONG_REFERENCED_PUBLISHER110005 -->
        <test-method is-config="true" signature="maximizeWindow()[pri:0, instance:Testng_UI@49d3c823]" started-at="2024-03-05T10:15:09Z" name="maximizeWindow" finished-at="2024-03-05T10:15:09Z" duration-ms="11" status="PASS">
          <reporter-output>
          </reporter-output>
        </test-method> <!-- maximizeWindow -->
        <test-method signature="KNOWN_NEWS_ITEM_WRONG_REFERENCED_PUBLISHER_Negative110006()[pri:94, instance:Testng_UI@49d3c823]" started-at="2024-03-05T10:15:09Z" name="KNOWN_NEWS_ITEM_WRONG_REFERENCED_PUBLISHER_Negative110006" finished-at="2024-03-05T10:15:26Z" duration-ms="17050" status="FAIL">
          <exception class="java.lang.AssertionError">
            <message>
              <![CDATA[Status does not match expected expected [Trustedl] but found [Suspicious]]]>
            </message>
            <full-stacktrace>
              <![CDATA[java.lang.AssertionError: Status does not match expected expected [Trustedl] but found [Suspicious]
at org.testng.Assert.fail(Assert.java:96)
at org.testng.Assert.failNotEquals(Assert.java:776)
at org.testng.Assert.assertEqualsImpl(Assert.java:137)
at org.testng.Assert.assertEquals(Assert.java:118)
at org.testng.Assert.assertEquals(Assert.java:453)
at Testng_UI.KNOWN_NEWS_ITEM_WRONG_REFERENCED_PUBLISHER_Negative110006(Testng_UI.java:8608)
at java.base/jdk.internal.reflect.DirectMethodHandleAccessor.invoke(DirectMethodHandleAccessor.java:104)
at java.base/java.lang.reflect.Method.invoke(Method.java:577)
at org.testng.internal.MethodInvocationHelper.invokeMethod(MethodInvocationHelper.java:124)
at org.testng.internal.Invoker.invokeMethod(Invoker.java:583)
at org.testng.internal.Invoker.invokeTestMethod(Invoker.java:719)
at org.testng.internal.Invoker.invokeTestMethods(Invoker.java:989)
at org.testng.internal.TestMethodWorker.invokeTestMethods(TestMethodWorker.java:125)
at org.testng.internal.TestMethodWorker.run(TestMethodWorker.java:109)
at org.testng.TestRunner.privateRun(TestRunner.java:648)
at org.testng.TestRunner.run(TestRunner.java:505)
at org.testng.SuiteRunner.runTest(SuiteRunner.java:455)
at org.testng.SuiteRunner.runSequentially(SuiteRunner.java:450)
at org.testng.SuiteRunner.privateRun(SuiteRunner.java:415)
at org.testng.SuiteRunner.run(SuiteRunner.java:364)
at org.testng.SuiteRunnerWorker.runSuite(SuiteRunnerWorker.java:52)
at org.testng.SuiteRunnerWorker.run(SuiteRunnerWorker.java:84)
at org.testng.TestNG.runSuitesSequentially(TestNG.java:1208)
at org.testng.TestNG.runSuitesLocally(TestNG.java:1137)
at org.testng.TestNG.runSuites(TestNG.java:1049)
at org.testng.TestNG.run(TestNG.java:1017)
at org.testng.remote.AbstractRemoteTestNG.run(AbstractRemoteTestNG.java:115)
at org.testng.remote.RemoteTestNG.initAndRun(RemoteTestNG.java:251)
at org.testng.remote.RemoteTestNG.main(RemoteTestNG.java:77)
]]>
            </full-stacktrace>
          </exception> <!-- java.lang.AssertionError -->
          <reporter-output>
          </reporter-output>
        </test-method> <!-- KNOWN_NEWS_ITEM_WRONG_REFERENCED_PUBLISHER_Negative110006 -->
        <test-method is-config="true" signature="maximizeWindow()[pri:0, instance:Testng_UI@49d3c823]" started-at="2024-03-05T10:15:26Z" name="maximizeWindow" finished-at="2024-03-05T10:15:26Z" duration-ms="4" status="PASS">
          <reporter-output>
          </reporter-output>
        </test-method> <!-- maximizeWindow -->
        <test-method signature="KNOWN_NEWS_ITEM_WRONG_REFERENCED_PUBLISHER_Negative110007()[pri:95, instance:Testng_UI@49d3c823]" started-at="2024-03-05T10:15:26Z" name="KNOWN_NEWS_ITEM_WRONG_REFERENCED_PUBLISHER_Negative110007" finished-at="2024-03-05T10:15:40Z" duration-ms="14040" status="FAIL">
          <exception class="org.openqa.selenium.NoSuchElementException">
            <message>
              <![CDATA[no such element: Unable to locate element: {"method":"xpath","selector":"//div[@class='tag danger']"}
  (Session info: chrome=115.0.5790.0)
For documentation on this error, please visit: https://www.seleniumhq.org/exceptions/no_such_element.html
Build info: version: '3.141.59', revision: 'e82be7d358', time: '2018-11-14T08:17:03'
System info: host: 'PRAKASH-4948', ip: '192.168.104.34', os.name: 'Windows 11', os.arch: 'amd64', os.version: '10.0', java.version: '18.0.2.1'
Driver info: org.openqa.selenium.chrome.ChromeDriver
Capabilities {acceptInsecureCerts: false, browserName: chrome, browserVersion: 115.0.5790.0, chrome: {chromedriverVersion: 114.0.5735.90 (386bc09e8f4f..., userDataDir: C:\Users\praka\AppData\Loca...}, goog:chromeOptions: {debuggerAddress: localhost:64564}, javascriptEnabled: true, networkConnectionEnabled: false, pageLoadStrategy: normal, platform: WINDOWS, platformName: WINDOWS, proxy: Proxy(), setWindowRect: true, strictFileInteractability: false, timeouts: {implicit: 0, pageLoad: 300000, script: 30000}, unhandledPromptBehavior: dismiss and notify, webauthn:extension:credBlob: true, webauthn:extension:largeBlob: true, webauthn:extension:minPinLength: true, webauthn:extension:prf: true, webauthn:virtualAuthenticators: true}
Session ID: 4d51670a08f81d1f35990f93f8a85827
*** Element info: {Using=xpath, value=//div[@class='tag danger']}]]>
            </message>
            <full-stacktrace>
              <![CDATA[org.openqa.selenium.NoSuchElementException: no such element: Unable to locate element: {"method":"xpath","selector":"//div[@class='tag danger']"}
  (Session info: chrome=115.0.5790.0)
For documentation on this error, please visit: https://www.seleniumhq.org/exceptions/no_such_element.html
Build info: version: '3.141.59', revision: 'e82be7d358', time: '2018-11-14T08:17:03'
System info: host: 'PRAKASH-4948', ip: '192.168.104.34', os.name: 'Windows 11', os.arch: 'amd64', os.version: '10.0', java.version: '18.0.2.1'
Driver info: org.openqa.selenium.chrome.ChromeDriver
Capabilities {acceptInsecureCerts: false, browserName: chrome, browserVersion: 115.0.5790.0, chrome: {chromedriverVersion: 114.0.5735.90 (386bc09e8f4f..., userDataDir: C:\Users\praka\AppData\Loca...}, goog:chromeOptions: {debuggerAddress: localhost:64564}, javascriptEnabled: true, networkConnectionEnabled: false, pageLoadStrategy: normal, platform: WINDOWS, platformName: WINDOWS, proxy: Proxy(), setWindowRect: true, strictFileInteractability: false, timeouts: {implicit: 0, pageLoad: 300000, script: 30000}, unhandledPromptBehavior: dismiss and notify, webauthn:extension:credBlob: true, webauthn:extension:largeBlob: true, webauthn:extension:minPinLength: true, webauthn:extension:prf: true, webauthn:virtualAuthenticators: true}
Session ID: 4d51670a08f81d1f35990f93f8a85827
*** Element info: {Using=xpath, value=//div[@class='tag danger']}
at java.base/jdk.internal.reflect.DirectConstructorHandleAccessor.newInstance(DirectConstructorHandleAccessor.java:67)
at java.base/java.lang.reflect.Constructor.newInstanceWithCaller(Constructor.java:499)
at java.base/java.lang.reflect.Constructor.newInstance(Constructor.java:483)
at org.openqa.selenium.remote.http.W3CHttpResponseCodec.createException(W3CHttpResponseCodec.java:187)
at org.openqa.selenium.remote.http.W3CHttpResponseCodec.decode(W3CHttpResponseCodec.java:122)
at org.openqa.selenium.remote.http.W3CHttpResponseCodec.decode(W3CHttpResponseCodec.java:49)
at org.openqa.selenium.remote.HttpCommandExecutor.execute(HttpCommandExecutor.java:158)
at org.openqa.selenium.remote.service.DriverCommandExecutor.execute(DriverCommandExecutor.java:83)
at org.openqa.selenium.remote.RemoteWebDriver.execute(RemoteWebDriver.java:552)
at org.openqa.selenium.remote.RemoteWebDriver.findElement(RemoteWebDriver.java:323)
at org.openqa.selenium.remote.RemoteWebDriver.findElementByXPath(RemoteWebDriver.java:428)
at org.openqa.selenium.By$ByXPath.findElement(By.java:353)
at org.openqa.selenium.remote.RemoteWebDriver.findElement(RemoteWebDriver.java:315)
at Testng_UI.KNOWN_NEWS_ITEM_WRONG_REFERENCED_PUBLISHER_Negative110007(Testng_UI.java:8685)
at java.base/jdk.internal.reflect.DirectMethodHandleAccessor.invoke(DirectMethodHandleAccessor.java:104)
at java.base/java.lang.reflect.Method.invoke(Method.java:577)
at org.testng.internal.MethodInvocationHelper.invokeMethod(MethodInvocationHelper.java:124)
at org.testng.internal.Invoker.invokeMethod(Invoker.java:583)
at org.testng.internal.Invoker.invokeTestMethod(Invoker.java:719)
at org.testng.internal.Invoker.invokeTestMethods(Invoker.java:989)
at org.testng.internal.TestMethodWorker.invokeTestMethods(TestMethodWorker.java:125)
at org.testng.internal.TestMethodWorker.run(TestMethodWorker.java:109)
at org.testng.TestRunner.privateRun(TestRunner.java:648)
at org.testng.TestRunner.run(TestRunner.java:505)
at org.testng.SuiteRunner.runTest(SuiteRunner.java:455)
at org.testng.SuiteRunner.runSequentially(SuiteRunner.java:450)
at org.testng.SuiteRunner.privateRun(SuiteRunner.java:415)
at org.testng.SuiteRunner.run(SuiteRunner.java:364)
at org.testng.SuiteRunnerWorker.runSuite(SuiteRunnerWorker.java:52)
at org.testng.SuiteRunnerWorker.run(SuiteRunnerWorker.java:84)
at org.testng.TestNG.runSuitesSequentially(TestNG.java:1208)
at org.testng.TestNG.runSuitesLocally(TestNG.java:1137)
at org.testng.TestNG.runSuites(TestNG.java:1049)
at org.testng.TestNG.run(TestNG.java:1017)
at org.testng.remote.AbstractRemoteTestNG.run(AbstractRemoteTestNG.java:115)
at org.testng.remote.RemoteTestNG.initAndRun(RemoteTestNG.java:251)
at org.testng.remote.RemoteTestNG.main(RemoteTestNG.java:77)
]]>
            </full-stacktrace>
          </exception> <!-- org.openqa.selenium.NoSuchElementException -->
          <reporter-output>
          </reporter-output>
        </test-method> <!-- KNOWN_NEWS_ITEM_WRONG_REFERENCED_PUBLISHER_Negative110007 -->
        <test-method is-config="true" signature="maximizeWindow()[pri:0, instance:Testng_UI@49d3c823]" started-at="2024-03-05T10:15:40Z" name="maximizeWindow" finished-at="2024-03-05T10:15:40Z" duration-ms="7" status="PASS">
          <reporter-output>
          </reporter-output>
        </test-method> <!-- maximizeWindow -->
        <test-method signature="KNOWN_NEWS_ITEM_WRONG_REFERENCED_PUBLISHER_Negative110008()[pri:96, instance:Testng_UI@49d3c823]" started-at="2024-03-05T10:15:40Z" name="KNOWN_NEWS_ITEM_WRONG_REFERENCED_PUBLISHER_Negative110008" finished-at="2024-03-05T10:16:02Z" duration-ms="21682" status="PASS">
          <reporter-output>
          </reporter-output>
        </test-method> <!-- KNOWN_NEWS_ITEM_WRONG_REFERENCED_PUBLISHER_Negative110008 -->
        <test-method is-config="true" signature="maximizeWindow()[pri:0, instance:Testng_UI@49d3c823]" started-at="2024-03-05T10:16:02Z" name="maximizeWindow" finished-at="2024-03-05T10:16:02Z" duration-ms="8" status="PASS">
          <reporter-output>
          </reporter-output>
        </test-method> <!-- maximizeWindow -->
        <test-method signature="KNOWN_NEWS_ITEM_WRONG_REFERENCED_PUBLISHER_Negative110009()[pri:97, instance:Testng_UI@49d3c823]" started-at="2024-03-05T10:16:02Z" name="KNOWN_NEWS_ITEM_WRONG_REFERENCED_PUBLISHER_Negative110009" finished-at="2024-03-05T10:16:24Z" duration-ms="22168" status="PASS">
          <reporter-output>
          </reporter-output>
        </test-method> <!-- KNOWN_NEWS_ITEM_WRONG_REFERENCED_PUBLISHER_Negative110009 -->
        <test-method is-config="true" signature="maximizeWindow()[pri:0, instance:Testng_UI@49d3c823]" started-at="2024-03-05T10:16:24Z" name="maximizeWindow" finished-at="2024-03-05T10:16:24Z" duration-ms="6" status="PASS">
          <reporter-output>
          </reporter-output>
        </test-method> <!-- maximizeWindow -->
        <test-method signature="KNOWN_NEWS_ITEM_WRONG_REFERENCED_PUBLISHER_Negative110010()[pri:98, instance:Testng_UI@49d3c823]" started-at="2024-03-05T10:16:24Z" name="KNOWN_NEWS_ITEM_WRONG_REFERENCED_PUBLISHER_Negative110010" finished-at="2024-03-05T10:16:46Z" duration-ms="22338" status="PASS">
          <reporter-output>
          </reporter-output>
        </test-method> <!-- KNOWN_NEWS_ITEM_WRONG_REFERENCED_PUBLISHER_Negative110010 -->
        <test-method is-config="true" signature="maximizeWindow()[pri:0, instance:Testng_UI@49d3c823]" started-at="2024-03-05T10:16:46Z" name="maximizeWindow" finished-at="2024-03-05T10:16:46Z" duration-ms="7" status="PASS">
          <reporter-output>
          </reporter-output>
        </test-method> <!-- maximizeWindow -->
        <test-method signature="KNOWN_NEWS_ITEM_WRONG_REFERENCED_PUBLISHER_Negative110011()[pri:99, instance:Testng_UI@49d3c823]" started-at="2024-03-05T10:16:46Z" name="KNOWN_NEWS_ITEM_WRONG_REFERENCED_PUBLISHER_Negative110011" finished-at="2024-03-05T10:17:07Z" duration-ms="21109" status="PASS">
          <reporter-output>
          </reporter-output>
        </test-method> <!-- KNOWN_NEWS_ITEM_WRONG_REFERENCED_PUBLISHER_Negative110011 -->
        <test-method is-config="true" signature="maximizeWindow()[pri:0, instance:Testng_UI@49d3c823]" started-at="2024-03-05T10:17:07Z" name="maximizeWindow" finished-at="2024-03-05T10:17:07Z" duration-ms="8" status="PASS">
          <reporter-output>
          </reporter-output>
        </test-method> <!-- maximizeWindow -->
        <test-method signature="KNOWN_NEWS_ITEM_KNOWN_MENTIONED_PUBLISHER120001()[pri:100, instance:Testng_UI@49d3c823]" started-at="2024-03-05T10:17:07Z" name="KNOWN_NEWS_ITEM_KNOWN_MENTIONED_PUBLISHER120001" finished-at="2024-03-05T10:17:29Z" duration-ms="22103" status="PASS">
          <reporter-output>
          </reporter-output>
        </test-method> <!-- KNOWN_NEWS_ITEM_KNOWN_MENTIONED_PUBLISHER120001 -->
        <test-method is-config="true" signature="maximizeWindow()[pri:0, instance:Testng_UI@49d3c823]" started-at="2024-03-05T10:17:29Z" name="maximizeWindow" finished-at="2024-03-05T10:17:29Z" duration-ms="9" status="PASS">
          <reporter-output>
          </reporter-output>
        </test-method> <!-- maximizeWindow -->
        <test-method signature="KNOWN_NEWS_ITEM_KNOWN_MENTIONED_PUBLISHER120002()[pri:101, instance:Testng_UI@49d3c823]" started-at="2024-03-05T10:17:29Z" name="KNOWN_NEWS_ITEM_KNOWN_MENTIONED_PUBLISHER120002" finished-at="2024-03-05T10:17:55Z" duration-ms="25243" status="PASS">
          <reporter-output>
          </reporter-output>
        </test-method> <!-- KNOWN_NEWS_ITEM_KNOWN_MENTIONED_PUBLISHER120002 -->
        <test-method is-config="true" signature="maximizeWindow()[pri:0, instance:Testng_UI@49d3c823]" started-at="2024-03-05T10:17:55Z" name="maximizeWindow" finished-at="2024-03-05T10:17:55Z" duration-ms="9" status="PASS">
          <reporter-output>
          </reporter-output>
        </test-method> <!-- maximizeWindow -->
        <test-method signature="KNOWN_NEWS_ITEM_KNOWN_MENTIONED_PUBLISHER120003()[pri:102, instance:Testng_UI@49d3c823]" started-at="2024-03-05T10:17:55Z" name="KNOWN_NEWS_ITEM_KNOWN_MENTIONED_PUBLISHER120003" finished-at="2024-03-05T10:18:17Z" duration-ms="22195" status="PASS">
          <reporter-output>
          </reporter-output>
        </test-method> <!-- KNOWN_NEWS_ITEM_KNOWN_MENTIONED_PUBLISHER120003 -->
        <test-method is-config="true" signature="maximizeWindow()[pri:0, instance:Testng_UI@49d3c823]" started-at="2024-03-05T10:18:17Z" name="maximizeWindow" finished-at="2024-03-05T10:18:17Z" duration-ms="5" status="PASS">
          <reporter-output>
          </reporter-output>
        </test-method> <!-- maximizeWindow -->
        <test-method signature="KNOWN_NEWS_ITEM_KNOWN_MENTIONED_PUBLISHER120004()[pri:103, instance:Testng_UI@49d3c823]" started-at="2024-03-05T10:18:17Z" name="KNOWN_NEWS_ITEM_KNOWN_MENTIONED_PUBLISHER120004" finished-at="2024-03-05T10:18:39Z" duration-ms="22252" status="PASS">
          <reporter-output>
          </reporter-output>
        </test-method> <!-- KNOWN_NEWS_ITEM_KNOWN_MENTIONED_PUBLISHER120004 -->
        <test-method is-config="true" signature="maximizeWindow()[pri:0, instance:Testng_UI@49d3c823]" started-at="2024-03-05T10:18:39Z" name="maximizeWindow" finished-at="2024-03-05T10:18:39Z" duration-ms="9" status="PASS">
          <reporter-output>
          </reporter-output>
        </test-method> <!-- maximizeWindow -->
        <test-method signature="KNOWN_NEWS_ITEM_KNOWN_MENTIONED_PUBLISHER120005()[pri:104, instance:Testng_UI@49d3c823]" started-at="2024-03-05T10:18:39Z" name="KNOWN_NEWS_ITEM_KNOWN_MENTIONED_PUBLISHER120005" finished-at="2024-03-05T10:18:53Z" duration-ms="13944" status="FAIL">
          <exception class="org.openqa.selenium.NoSuchElementException">
            <message>
              <![CDATA[no such element: Unable to locate element: {"method":"xpath","selector":"//div[@class='tag']"}
  (Session info: chrome=115.0.5790.0)
For documentation on this error, please visit: https://www.seleniumhq.org/exceptions/no_such_element.html
Build info: version: '3.141.59', revision: 'e82be7d358', time: '2018-11-14T08:17:03'
System info: host: 'PRAKASH-4948', ip: '192.168.104.34', os.name: 'Windows 11', os.arch: 'amd64', os.version: '10.0', java.version: '18.0.2.1'
Driver info: org.openqa.selenium.chrome.ChromeDriver
Capabilities {acceptInsecureCerts: false, browserName: chrome, browserVersion: 115.0.5790.0, chrome: {chromedriverVersion: 114.0.5735.90 (386bc09e8f4f..., userDataDir: C:\Users\praka\AppData\Loca...}, goog:chromeOptions: {debuggerAddress: localhost:64564}, javascriptEnabled: true, networkConnectionEnabled: false, pageLoadStrategy: normal, platform: WINDOWS, platformName: WINDOWS, proxy: Proxy(), setWindowRect: true, strictFileInteractability: false, timeouts: {implicit: 0, pageLoad: 300000, script: 30000}, unhandledPromptBehavior: dismiss and notify, webauthn:extension:credBlob: true, webauthn:extension:largeBlob: true, webauthn:extension:minPinLength: true, webauthn:extension:prf: true, webauthn:virtualAuthenticators: true}
Session ID: 4d51670a08f81d1f35990f93f8a85827
*** Element info: {Using=xpath, value=//div[@class='tag']}]]>
            </message>
            <full-stacktrace>
              <![CDATA[org.openqa.selenium.NoSuchElementException: no such element: Unable to locate element: {"method":"xpath","selector":"//div[@class='tag']"}
  (Session info: chrome=115.0.5790.0)
For documentation on this error, please visit: https://www.seleniumhq.org/exceptions/no_such_element.html
Build info: version: '3.141.59', revision: 'e82be7d358', time: '2018-11-14T08:17:03'
System info: host: 'PRAKASH-4948', ip: '192.168.104.34', os.name: 'Windows 11', os.arch: 'amd64', os.version: '10.0', java.version: '18.0.2.1'
Driver info: org.openqa.selenium.chrome.ChromeDriver
Capabilities {acceptInsecureCerts: false, browserName: chrome, browserVersion: 115.0.5790.0, chrome: {chromedriverVersion: 114.0.5735.90 (386bc09e8f4f..., userDataDir: C:\Users\praka\AppData\Loca...}, goog:chromeOptions: {debuggerAddress: localhost:64564}, javascriptEnabled: true, networkConnectionEnabled: false, pageLoadStrategy: normal, platform: WINDOWS, platformName: WINDOWS, proxy: Proxy(), setWindowRect: true, strictFileInteractability: false, timeouts: {implicit: 0, pageLoad: 300000, script: 30000}, unhandledPromptBehavior: dismiss and notify, webauthn:extension:credBlob: true, webauthn:extension:largeBlob: true, webauthn:extension:minPinLength: true, webauthn:extension:prf: true, webauthn:virtualAuthenticators: true}
Session ID: 4d51670a08f81d1f35990f93f8a85827
*** Element info: {Using=xpath, value=//div[@class='tag']}
at java.base/jdk.internal.reflect.DirectConstructorHandleAccessor.newInstance(DirectConstructorHandleAccessor.java:67)
at java.base/java.lang.reflect.Constructor.newInstanceWithCaller(Constructor.java:499)
at java.base/java.lang.reflect.Constructor.newInstance(Constructor.java:483)
at org.openqa.selenium.remote.http.W3CHttpResponseCodec.createException(W3CHttpResponseCodec.java:187)
at org.openqa.selenium.remote.http.W3CHttpResponseCodec.decode(W3CHttpResponseCodec.java:122)
at org.openqa.selenium.remote.http.W3CHttpResponseCodec.decode(W3CHttpResponseCodec.java:49)
at org.openqa.selenium.remote.HttpCommandExecutor.execute(HttpCommandExecutor.java:158)
at org.openqa.selenium.remote.service.DriverCommandExecutor.execute(DriverCommandExecutor.java:83)
at org.openqa.selenium.remote.RemoteWebDriver.execute(RemoteWebDriver.java:552)
at org.openqa.selenium.remote.RemoteWebDriver.findElement(RemoteWebDriver.java:323)
at org.openqa.selenium.remote.RemoteWebDriver.findElementByXPath(RemoteWebDriver.java:428)
at org.openqa.selenium.By$ByXPath.findElement(By.java:353)
at org.openqa.selenium.remote.RemoteWebDriver.findElement(RemoteWebDriver.java:315)
at Testng_UI.KNOWN_NEWS_ITEM_KNOWN_MENTIONED_PUBLISHER120005(Testng_UI.java:9513)
at java.base/jdk.internal.reflect.DirectMethodHandleAccessor.invoke(DirectMethodHandleAccessor.java:104)
at java.base/java.lang.reflect.Method.invoke(Method.java:577)
at org.testng.internal.MethodInvocationHelper.invokeMethod(MethodInvocationHelper.java:124)
at org.testng.internal.Invoker.invokeMethod(Invoker.java:583)
at org.testng.internal.Invoker.invokeTestMethod(Invoker.java:719)
at org.testng.internal.Invoker.invokeTestMethods(Invoker.java:989)
at org.testng.internal.TestMethodWorker.invokeTestMethods(TestMethodWorker.java:125)
at org.testng.internal.TestMethodWorker.run(TestMethodWorker.java:109)
at org.testng.TestRunner.privateRun(TestRunner.java:648)
at org.testng.TestRunner.run(TestRunner.java:505)
at org.testng.SuiteRunner.runTest(SuiteRunner.java:455)
at org.testng.SuiteRunner.runSequentially(SuiteRunner.java:450)
at org.testng.SuiteRunner.privateRun(SuiteRunner.java:415)
at org.testng.SuiteRunner.run(SuiteRunner.java:364)
at org.testng.SuiteRunnerWorker.runSuite(SuiteRunnerWorker.java:52)
at org.testng.SuiteRunnerWorker.run(SuiteRunnerWorker.java:84)
at org.testng.TestNG.runSuitesSequentially(TestNG.java:1208)
at org.testng.TestNG.runSuitesLocally(TestNG.java:1137)
at org.testng.TestNG.runSuites(TestNG.java:1049)
at org.testng.TestNG.run(TestNG.java:1017)
at org.testng.remote.AbstractRemoteTestNG.run(AbstractRemoteTestNG.java:115)
at org.testng.remote.RemoteTestNG.initAndRun(RemoteTestNG.java:251)
at org.testng.remote.RemoteTestNG.main(RemoteTestNG.java:77)
]]>
            </full-stacktrace>
          </exception> <!-- org.openqa.selenium.NoSuchElementException -->
          <reporter-output>
          </reporter-output>
        </test-method> <!-- KNOWN_NEWS_ITEM_KNOWN_MENTIONED_PUBLISHER120005 -->
        <test-method is-config="true" signature="maximizeWindow()[pri:0, instance:Testng_UI@49d3c823]" started-at="2024-03-05T10:18:53Z" name="maximizeWindow" finished-at="2024-03-05T10:18:53Z" duration-ms="9" status="PASS">
          <reporter-output>
          </reporter-output>
        </test-method> <!-- maximizeWindow -->
        <test-method signature="KNOWN_NEWS_ITEM_KNOWN_MENTIONED_PUBLISHER_Negative120006()[pri:105, instance:Testng_UI@49d3c823]" started-at="2024-03-05T10:18:53Z" name="KNOWN_NEWS_ITEM_KNOWN_MENTIONED_PUBLISHER_Negative120006" finished-at="2024-03-05T10:19:14Z" duration-ms="21233" status="PASS">
          <reporter-output>
          </reporter-output>
        </test-method> <!-- KNOWN_NEWS_ITEM_KNOWN_MENTIONED_PUBLISHER_Negative120006 -->
        <test-method is-config="true" signature="maximizeWindow()[pri:0, instance:Testng_UI@49d3c823]" started-at="2024-03-05T10:19:14Z" name="maximizeWindow" finished-at="2024-03-05T10:19:14Z" duration-ms="10" status="PASS">
          <reporter-output>
          </reporter-output>
        </test-method> <!-- maximizeWindow -->
        <test-method signature="KNOWN_NEWS_ITEM_KNOWN_MENTIONED_PUBLISHER_Negative120007()[pri:106, instance:Testng_UI@49d3c823]" started-at="2024-03-05T10:19:14Z" name="KNOWN_NEWS_ITEM_KNOWN_MENTIONED_PUBLISHER_Negative120007" finished-at="2024-03-05T10:19:22Z" duration-ms="7788" status="FAIL">
          <exception class="org.openqa.selenium.NoSuchElementException">
            <message>
              <![CDATA[no such element: Unable to locate element: {"method":"xpath","selector":"//img[@alt='TrustApp mark']"}
  (Session info: chrome=115.0.5790.0)
For documentation on this error, please visit: https://www.seleniumhq.org/exceptions/no_such_element.html
Build info: version: '3.141.59', revision: 'e82be7d358', time: '2018-11-14T08:17:03'
System info: host: 'PRAKASH-4948', ip: '192.168.104.34', os.name: 'Windows 11', os.arch: 'amd64', os.version: '10.0', java.version: '18.0.2.1'
Driver info: org.openqa.selenium.chrome.ChromeDriver
Capabilities {acceptInsecureCerts: false, browserName: chrome, browserVersion: 115.0.5790.0, chrome: {chromedriverVersion: 114.0.5735.90 (386bc09e8f4f..., userDataDir: C:\Users\praka\AppData\Loca...}, goog:chromeOptions: {debuggerAddress: localhost:64564}, javascriptEnabled: true, networkConnectionEnabled: false, pageLoadStrategy: normal, platform: WINDOWS, platformName: WINDOWS, proxy: Proxy(), setWindowRect: true, strictFileInteractability: false, timeouts: {implicit: 0, pageLoad: 300000, script: 30000}, unhandledPromptBehavior: dismiss and notify, webauthn:extension:credBlob: true, webauthn:extension:largeBlob: true, webauthn:extension:minPinLength: true, webauthn:extension:prf: true, webauthn:virtualAuthenticators: true}
Session ID: 4d51670a08f81d1f35990f93f8a85827
*** Element info: {Using=xpath, value=//img[@alt='TrustApp mark']}]]>
            </message>
            <full-stacktrace>
              <![CDATA[org.openqa.selenium.NoSuchElementException: no such element: Unable to locate element: {"method":"xpath","selector":"//img[@alt='TrustApp mark']"}
  (Session info: chrome=115.0.5790.0)
For documentation on this error, please visit: https://www.seleniumhq.org/exceptions/no_such_element.html
Build info: version: '3.141.59', revision: 'e82be7d358', time: '2018-11-14T08:17:03'
System info: host: 'PRAKASH-4948', ip: '192.168.104.34', os.name: 'Windows 11', os.arch: 'amd64', os.version: '10.0', java.version: '18.0.2.1'
Driver info: org.openqa.selenium.chrome.ChromeDriver
Capabilities {acceptInsecureCerts: false, browserName: chrome, browserVersion: 115.0.5790.0, chrome: {chromedriverVersion: 114.0.5735.90 (386bc09e8f4f..., userDataDir: C:\Users\praka\AppData\Loca...}, goog:chromeOptions: {debuggerAddress: localhost:64564}, javascriptEnabled: true, networkConnectionEnabled: false, pageLoadStrategy: normal, platform: WINDOWS, platformName: WINDOWS, proxy: Proxy(), setWindowRect: true, strictFileInteractability: false, timeouts: {implicit: 0, pageLoad: 300000, script: 30000}, unhandledPromptBehavior: dismiss and notify, webauthn:extension:credBlob: true, webauthn:extension:largeBlob: true, webauthn:extension:minPinLength: true, webauthn:extension:prf: true, webauthn:virtualAuthenticators: true}
Session ID: 4d51670a08f81d1f35990f93f8a85827
*** Element info: {Using=xpath, value=//img[@alt='TrustApp mark']}
at java.base/jdk.internal.reflect.DirectConstructorHandleAccessor.newInstance(DirectConstructorHandleAccessor.java:67)
at java.base/java.lang.reflect.Constructor.newInstanceWithCaller(Constructor.java:499)
at java.base/java.lang.reflect.Constructor.newInstance(Constructor.java:483)
at org.openqa.selenium.remote.http.W3CHttpResponseCodec.createException(W3CHttpResponseCodec.java:187)
at org.openqa.selenium.remote.http.W3CHttpResponseCodec.decode(W3CHttpResponseCodec.java:122)
at org.openqa.selenium.remote.http.W3CHttpResponseCodec.decode(W3CHttpResponseCodec.java:49)
at org.openqa.selenium.remote.HttpCommandExecutor.execute(HttpCommandExecutor.java:158)
at org.openqa.selenium.remote.service.DriverCommandExecutor.execute(DriverCommandExecutor.java:83)
at org.openqa.selenium.remote.RemoteWebDriver.execute(RemoteWebDriver.java:552)
at org.openqa.selenium.remote.RemoteWebDriver.findElement(RemoteWebDriver.java:323)
at org.openqa.selenium.remote.RemoteWebDriver.findElementByXPath(RemoteWebDriver.java:428)
at org.openqa.selenium.By$ByXPath.findElement(By.java:353)
at org.openqa.selenium.remote.RemoteWebDriver.findElement(RemoteWebDriver.java:315)
at Testng_UI.KNOWN_NEWS_ITEM_KNOWN_MENTIONED_PUBLISHER_Negative120007(Testng_UI.java:9680)
at java.base/jdk.internal.reflect.DirectMethodHandleAccessor.invoke(DirectMethodHandleAccessor.java:104)
at java.base/java.lang.reflect.Method.invoke(Method.java:577)
at org.testng.internal.MethodInvocationHelper.invokeMethod(MethodInvocationHelper.java:124)
at org.testng.internal.Invoker.invokeMethod(Invoker.java:583)
at org.testng.internal.Invoker.invokeTestMethod(Invoker.java:719)
at org.testng.internal.Invoker.invokeTestMethods(Invoker.java:989)
at org.testng.internal.TestMethodWorker.invokeTestMethods(TestMethodWorker.java:125)
at org.testng.internal.TestMethodWorker.run(TestMethodWorker.java:109)
at org.testng.TestRunner.privateRun(TestRunner.java:648)
at org.testng.TestRunner.run(TestRunner.java:505)
at org.testng.SuiteRunner.runTest(SuiteRunner.java:455)
at org.testng.SuiteRunner.runSequentially(SuiteRunner.java:450)
at org.testng.SuiteRunner.privateRun(SuiteRunner.java:415)
at org.testng.SuiteRunner.run(SuiteRunner.java:364)
at org.testng.SuiteRunnerWorker.runSuite(SuiteRunnerWorker.java:52)
at org.testng.SuiteRunnerWorker.run(SuiteRunnerWorker.java:84)
at org.testng.TestNG.runSuitesSequentially(TestNG.java:1208)
at org.testng.TestNG.runSuitesLocally(TestNG.java:1137)
at org.testng.TestNG.runSuites(TestNG.java:1049)
at org.testng.TestNG.run(TestNG.java:1017)
at org.testng.remote.AbstractRemoteTestNG.run(AbstractRemoteTestNG.java:115)
at org.testng.remote.RemoteTestNG.initAndRun(RemoteTestNG.java:251)
at org.testng.remote.RemoteTestNG.main(RemoteTestNG.java:77)
]]>
            </full-stacktrace>
          </exception> <!-- org.openqa.selenium.NoSuchElementException -->
          <reporter-output>
          </reporter-output>
        </test-method> <!-- KNOWN_NEWS_ITEM_KNOWN_MENTIONED_PUBLISHER_Negative120007 -->
        <test-method is-config="true" signature="maximizeWindow()[pri:0, instance:Testng_UI@49d3c823]" started-at="2024-03-05T10:19:22Z" name="maximizeWindow" finished-at="2024-03-05T10:19:22Z" duration-ms="10" status="PASS">
          <reporter-output>
          </reporter-output>
        </test-method> <!-- maximizeWindow -->
        <test-method signature="KNOWN_NEWS_ITEM_KNOWN_MENTIONED_PUBLISHER_Negative120008()[pri:107, instance:Testng_UI@49d3c823]" started-at="2024-03-05T10:19:22Z" name="KNOWN_NEWS_ITEM_KNOWN_MENTIONED_PUBLISHER_Negative120008" finished-at="2024-03-05T10:19:44Z" duration-ms="22123" status="PASS">
          <reporter-output>
          </reporter-output>
        </test-method> <!-- KNOWN_NEWS_ITEM_KNOWN_MENTIONED_PUBLISHER_Negative120008 -->
        <test-method is-config="true" signature="maximizeWindow()[pri:0, instance:Testng_UI@49d3c823]" started-at="2024-03-05T10:19:44Z" name="maximizeWindow" finished-at="2024-03-05T10:19:44Z" duration-ms="8" status="PASS">
          <reporter-output>
          </reporter-output>
        </test-method> <!-- maximizeWindow -->
        <test-method signature="KNOWN_NEWS_ITEM_KNOWN_MENTIONED_PUBLISHER_Negative120009()[pri:108, instance:Testng_UI@49d3c823]" started-at="2024-03-05T10:19:44Z" name="KNOWN_NEWS_ITEM_KNOWN_MENTIONED_PUBLISHER_Negative120009" finished-at="2024-03-05T10:20:06Z" duration-ms="22138" status="PASS">
          <reporter-output>
          </reporter-output>
        </test-method> <!-- KNOWN_NEWS_ITEM_KNOWN_MENTIONED_PUBLISHER_Negative120009 -->
        <test-method is-config="true" signature="maximizeWindow()[pri:0, instance:Testng_UI@49d3c823]" started-at="2024-03-05T10:20:06Z" name="maximizeWindow" finished-at="2024-03-05T10:20:06Z" duration-ms="7" status="PASS">
          <reporter-output>
          </reporter-output>
        </test-method> <!-- maximizeWindow -->
        <test-method signature="KNOWN_NEWS_ITEM_KNOWN_MENTIONED_PUBLISHER_Negative120010()[pri:109, instance:Testng_UI@49d3c823]" started-at="2024-03-05T10:20:06Z" name="KNOWN_NEWS_ITEM_KNOWN_MENTIONED_PUBLISHER_Negative120010" finished-at="2024-03-05T10:20:29Z" duration-ms="22137" status="PASS">
          <reporter-output>
          </reporter-output>
        </test-method> <!-- KNOWN_NEWS_ITEM_KNOWN_MENTIONED_PUBLISHER_Negative120010 -->
        <test-method is-config="true" signature="maximizeWindow()[pri:0, instance:Testng_UI@49d3c823]" started-at="2024-03-05T10:20:29Z" name="maximizeWindow" finished-at="2024-03-05T10:20:29Z" duration-ms="9" status="PASS">
          <reporter-output>
          </reporter-output>
        </test-method> <!-- maximizeWindow -->
        <test-method signature="KNOWN_NEWS_ITEM_KNOWN_MENTIONED_PUBLISHER_Negative120011()[pri:110, instance:Testng_UI@49d3c823]" started-at="2024-03-05T10:20:29Z" name="KNOWN_NEWS_ITEM_KNOWN_MENTIONED_PUBLISHER_Negative120011" finished-at="2024-03-05T10:20:51Z" duration-ms="22132" status="PASS">
          <reporter-output>
          </reporter-output>
        </test-method> <!-- KNOWN_NEWS_ITEM_KNOWN_MENTIONED_PUBLISHER_Negative120011 -->
        <test-method is-config="true" signature="maximizeWindow()[pri:0, instance:Testng_UI@49d3c823]" started-at="2024-03-05T10:20:51Z" name="maximizeWindow" finished-at="2024-03-05T10:20:51Z" duration-ms="7" status="PASS">
          <reporter-output>
          </reporter-output>
        </test-method> <!-- maximizeWindow -->
        <test-method signature="KNOWN_NEWS_ITEM_NO_CONNECTION130001()[pri:111, instance:Testng_UI@49d3c823]" started-at="2024-03-05T10:20:51Z" name="KNOWN_NEWS_ITEM_NO_CONNECTION130001" finished-at="2024-03-05T10:21:13Z" duration-ms="22167" status="PASS">
          <reporter-output>
          </reporter-output>
        </test-method> <!-- KNOWN_NEWS_ITEM_NO_CONNECTION130001 -->
        <test-method is-config="true" signature="maximizeWindow()[pri:0, instance:Testng_UI@49d3c823]" started-at="2024-03-05T10:21:13Z" name="maximizeWindow" finished-at="2024-03-05T10:21:13Z" duration-ms="7" status="PASS">
          <reporter-output>
          </reporter-output>
        </test-method> <!-- maximizeWindow -->
        <test-method signature="KNOWN_NEWS_ITEM_NO_CONNECTION130002()[pri:112, instance:Testng_UI@49d3c823]" started-at="2024-03-05T10:21:13Z" name="KNOWN_NEWS_ITEM_NO_CONNECTION130002" finished-at="2024-03-05T10:21:35Z" duration-ms="22117" status="PASS">
          <reporter-output>
          </reporter-output>
        </test-method> <!-- KNOWN_NEWS_ITEM_NO_CONNECTION130002 -->
        <test-method is-config="true" signature="maximizeWindow()[pri:0, instance:Testng_UI@49d3c823]" started-at="2024-03-05T10:21:35Z" name="maximizeWindow" finished-at="2024-03-05T10:21:35Z" duration-ms="10" status="PASS">
          <reporter-output>
          </reporter-output>
        </test-method> <!-- maximizeWindow -->
        <test-method signature="KNOWN_NEWS_ITEM_NO_CONNECTION130003()[pri:113, instance:Testng_UI@49d3c823]" started-at="2024-03-05T10:21:35Z" name="KNOWN_NEWS_ITEM_NO_CONNECTION130003" finished-at="2024-03-05T10:21:57Z" duration-ms="22232" status="PASS">
          <reporter-output>
          </reporter-output>
        </test-method> <!-- KNOWN_NEWS_ITEM_NO_CONNECTION130003 -->
        <test-method is-config="true" signature="maximizeWindow()[pri:0, instance:Testng_UI@49d3c823]" started-at="2024-03-05T10:21:57Z" name="maximizeWindow" finished-at="2024-03-05T10:21:57Z" duration-ms="8" status="PASS">
          <reporter-output>
          </reporter-output>
        </test-method> <!-- maximizeWindow -->
        <test-method signature="KNOWN_NEWS_ITEM_NO_CONNECTION130004()[pri:114, instance:Testng_UI@49d3c823]" started-at="2024-03-05T10:21:57Z" name="KNOWN_NEWS_ITEM_NO_CONNECTION130004" finished-at="2024-03-05T10:22:19Z" duration-ms="22089" status="PASS">
          <reporter-output>
          </reporter-output>
        </test-method> <!-- KNOWN_NEWS_ITEM_NO_CONNECTION130004 -->
        <test-method is-config="true" signature="maximizeWindow()[pri:0, instance:Testng_UI@49d3c823]" started-at="2024-03-05T10:22:19Z" name="maximizeWindow" finished-at="2024-03-05T10:22:19Z" duration-ms="7" status="PASS">
          <reporter-output>
          </reporter-output>
        </test-method> <!-- maximizeWindow -->
        <test-method signature="KNOWN_NEWS_ITEM_NO_CONNECTION130005()[pri:115, instance:Testng_UI@49d3c823]" started-at="2024-03-05T10:22:19Z" name="KNOWN_NEWS_ITEM_NO_CONNECTION130005" finished-at="2024-03-05T10:22:35Z" duration-ms="16061" status="FAIL">
          <exception class="java.lang.AssertionError">
            <message>
              <![CDATA[Status does not match expected expected [Inconclusive] but found [Unreferenced]]]>
            </message>
            <full-stacktrace>
              <![CDATA[java.lang.AssertionError: Status does not match expected expected [Inconclusive] but found [Unreferenced]
at org.testng.Assert.fail(Assert.java:96)
at org.testng.Assert.failNotEquals(Assert.java:776)
at org.testng.Assert.assertEqualsImpl(Assert.java:137)
at org.testng.Assert.assertEquals(Assert.java:118)
at org.testng.Assert.assertEquals(Assert.java:453)
at Testng_UI.KNOWN_NEWS_ITEM_NO_CONNECTION130005(Testng_UI.java:10534)
at java.base/jdk.internal.reflect.DirectMethodHandleAccessor.invoke(DirectMethodHandleAccessor.java:104)
at java.base/java.lang.reflect.Method.invoke(Method.java:577)
at org.testng.internal.MethodInvocationHelper.invokeMethod(MethodInvocationHelper.java:124)
at org.testng.internal.Invoker.invokeMethod(Invoker.java:583)
at org.testng.internal.Invoker.invokeTestMethod(Invoker.java:719)
at org.testng.internal.Invoker.invokeTestMethods(Invoker.java:989)
at org.testng.internal.TestMethodWorker.invokeTestMethods(TestMethodWorker.java:125)
at org.testng.internal.TestMethodWorker.run(TestMethodWorker.java:109)
at org.testng.TestRunner.privateRun(TestRunner.java:648)
at org.testng.TestRunner.run(TestRunner.java:505)
at org.testng.SuiteRunner.runTest(SuiteRunner.java:455)
at org.testng.SuiteRunner.runSequentially(SuiteRunner.java:450)
at org.testng.SuiteRunner.privateRun(SuiteRunner.java:415)
at org.testng.SuiteRunner.run(SuiteRunner.java:364)
at org.testng.SuiteRunnerWorker.runSuite(SuiteRunnerWorker.java:52)
at org.testng.SuiteRunnerWorker.run(SuiteRunnerWorker.java:84)
at org.testng.TestNG.runSuitesSequentially(TestNG.java:1208)
at org.testng.TestNG.runSuitesLocally(TestNG.java:1137)
at org.testng.TestNG.runSuites(TestNG.java:1049)
at org.testng.TestNG.run(TestNG.java:1017)
at org.testng.remote.AbstractRemoteTestNG.run(AbstractRemoteTestNG.java:115)
at org.testng.remote.RemoteTestNG.initAndRun(RemoteTestNG.java:251)
at org.testng.remote.RemoteTestNG.main(RemoteTestNG.java:77)
]]>
            </full-stacktrace>
          </exception> <!-- java.lang.AssertionError -->
          <reporter-output>
          </reporter-output>
        </test-method> <!-- KNOWN_NEWS_ITEM_NO_CONNECTION130005 -->
        <test-method is-config="true" signature="maximizeWindow()[pri:0, instance:Testng_UI@49d3c823]" started-at="2024-03-05T10:22:35Z" name="maximizeWindow" finished-at="2024-03-05T10:22:35Z" duration-ms="9" status="PASS">
          <reporter-output>
          </reporter-output>
        </test-method> <!-- maximizeWindow -->
        <test-method signature="KNOWN_NEWS_ITEM_NO_CONNECTION_Negative130006()[pri:116, instance:Testng_UI@49d3c823]" started-at="2024-03-05T10:22:35Z" name="KNOWN_NEWS_ITEM_NO_CONNECTION_Negative130006" finished-at="2024-03-05T10:22:58Z" duration-ms="22220" status="PASS">
          <reporter-output>
          </reporter-output>
        </test-method> <!-- KNOWN_NEWS_ITEM_NO_CONNECTION_Negative130006 -->
        <test-method is-config="true" signature="maximizeWindow()[pri:0, instance:Testng_UI@49d3c823]" started-at="2024-03-05T10:22:58Z" name="maximizeWindow" finished-at="2024-03-05T10:22:58Z" duration-ms="7" status="PASS">
          <reporter-output>
          </reporter-output>
        </test-method> <!-- maximizeWindow -->
        <test-method signature="KNOWN_NEWS_ITEM_NO_CONNECTION_Negative130007()[pri:117, instance:Testng_UI@49d3c823]" started-at="2024-03-05T10:22:58Z" name="KNOWN_NEWS_ITEM_NO_CONNECTION_Negative130007" finished-at="2024-03-05T10:23:20Z" duration-ms="22099" status="PASS">
          <reporter-output>
          </reporter-output>
        </test-method> <!-- KNOWN_NEWS_ITEM_NO_CONNECTION_Negative130007 -->
        <test-method is-config="true" signature="maximizeWindow()[pri:0, instance:Testng_UI@49d3c823]" started-at="2024-03-05T10:23:20Z" name="maximizeWindow" finished-at="2024-03-05T10:23:20Z" duration-ms="9" status="PASS">
          <reporter-output>
          </reporter-output>
        </test-method> <!-- maximizeWindow -->
        <test-method signature="KNOWN_NEWS_ITEM_NO_CONNECTION_Negative130008()[pri:118, instance:Testng_UI@49d3c823]" started-at="2024-03-05T10:23:20Z" name="KNOWN_NEWS_ITEM_NO_CONNECTION_Negative130008" finished-at="2024-03-05T10:23:45Z" duration-ms="25336" status="PASS">
          <reporter-output>
          </reporter-output>
        </test-method> <!-- KNOWN_NEWS_ITEM_NO_CONNECTION_Negative130008 -->
        <test-method is-config="true" signature="maximizeWindow()[pri:0, instance:Testng_UI@49d3c823]" started-at="2024-03-05T10:23:45Z" name="maximizeWindow" finished-at="2024-03-05T10:23:45Z" duration-ms="5" status="PASS">
          <reporter-output>
          </reporter-output>
        </test-method> <!-- maximizeWindow -->
        <test-method signature="KNOWN_NEWS_ITEM_NO_CONNECTION_Negative130009()[pri:119, instance:Testng_UI@49d3c823]" started-at="2024-03-05T10:23:45Z" name="KNOWN_NEWS_ITEM_NO_CONNECTION_Negative130009" finished-at="2024-03-05T10:24:07Z" duration-ms="22226" status="PASS">
          <reporter-output>
          </reporter-output>
        </test-method> <!-- KNOWN_NEWS_ITEM_NO_CONNECTION_Negative130009 -->
        <test-method is-config="true" signature="maximizeWindow()[pri:0, instance:Testng_UI@49d3c823]" started-at="2024-03-05T10:24:07Z" name="maximizeWindow" finished-at="2024-03-05T10:24:07Z" duration-ms="8" status="PASS">
          <reporter-output>
          </reporter-output>
        </test-method> <!-- maximizeWindow -->
        <test-method signature="KNOWN_NEWS_ITEM_NO_CONNECTION_Negative130010()[pri:120, instance:Testng_UI@49d3c823]" started-at="2024-03-05T10:24:07Z" name="KNOWN_NEWS_ITEM_NO_CONNECTION_Negative130010" finished-at="2024-03-05T10:24:30Z" duration-ms="22149" status="PASS">
          <reporter-output>
          </reporter-output>
        </test-method> <!-- KNOWN_NEWS_ITEM_NO_CONNECTION_Negative130010 -->
        <test-method is-config="true" signature="maximizeWindow()[pri:0, instance:Testng_UI@49d3c823]" started-at="2024-03-05T10:24:30Z" name="maximizeWindow" finished-at="2024-03-05T10:24:30Z" duration-ms="8" status="PASS">
          <reporter-output>
          </reporter-output>
        </test-method> <!-- maximizeWindow -->
        <test-method signature="KNOWN_NEWS_ITEM_NO_CONNECTION_Negative130011()[pri:121, instance:Testng_UI@49d3c823]" started-at="2024-03-05T10:24:30Z" name="KNOWN_NEWS_ITEM_NO_CONNECTION_Negative130011" finished-at="2024-03-05T10:24:52Z" duration-ms="22171" status="PASS">
          <reporter-output>
          </reporter-output>
        </test-method> <!-- KNOWN_NEWS_ITEM_NO_CONNECTION_Negative130011 -->
        <test-method is-config="true" signature="maximizeWindow()[pri:0, instance:Testng_UI@49d3c823]" started-at="2024-03-05T10:24:52Z" name="maximizeWindow" finished-at="2024-03-05T10:24:52Z" duration-ms="8" status="PASS">
          <reporter-output>
          </reporter-output>
        </test-method> <!-- maximizeWindow -->
        <test-method signature="UNVERIFIED_ATTACHMENT_ORIGIN140001()[pri:122, instance:Testng_UI@49d3c823]" started-at="2024-03-05T10:24:52Z" name="UNVERIFIED_ATTACHMENT_ORIGIN140001" finished-at="2024-03-05T10:25:11Z" duration-ms="19052" status="PASS">
          <reporter-output>
          </reporter-output>
        </test-method> <!-- UNVERIFIED_ATTACHMENT_ORIGIN140001 -->
        <test-method is-config="true" signature="maximizeWindow()[pri:0, instance:Testng_UI@49d3c823]" started-at="2024-03-05T10:25:11Z" name="maximizeWindow" finished-at="2024-03-05T10:25:11Z" duration-ms="8" status="PASS">
          <reporter-output>
          </reporter-output>
        </test-method> <!-- maximizeWindow -->
        <test-method signature="UNVERIFIED_ATTACHMENT_ORIGIN140002()[pri:123, instance:Testng_UI@49d3c823]" started-at="2024-03-05T10:25:11Z" name="UNVERIFIED_ATTACHMENT_ORIGIN140002" finished-at="2024-03-05T10:25:31Z" duration-ms="19859" status="FAIL">
          <exception class="java.lang.AssertionError">
            <message>
              <![CDATA[UNVERIFIED_ATTACHMENT_ORIGIN test case FAILED]]>
            </message>
            <full-stacktrace>
              <![CDATA[java.lang.AssertionError: UNVERIFIED_ATTACHMENT_ORIGIN test case FAILED
at org.testng.Assert.fail(Assert.java:96)
at Testng_UI.UNVERIFIED_ATTACHMENT_ORIGIN140002(Testng_UI.java:11287)
at java.base/jdk.internal.reflect.DirectMethodHandleAccessor.invoke(DirectMethodHandleAccessor.java:104)
at java.base/java.lang.reflect.Method.invoke(Method.java:577)
at org.testng.internal.MethodInvocationHelper.invokeMethod(MethodInvocationHelper.java:124)
at org.testng.internal.Invoker.invokeMethod(Invoker.java:583)
at org.testng.internal.Invoker.invokeTestMethod(Invoker.java:719)
at org.testng.internal.Invoker.invokeTestMethods(Invoker.java:989)
at org.testng.internal.TestMethodWorker.invokeTestMethods(TestMethodWorker.java:125)
at org.testng.internal.TestMethodWorker.run(TestMethodWorker.java:109)
at org.testng.TestRunner.privateRun(TestRunner.java:648)
at org.testng.TestRunner.run(TestRunner.java:505)
at org.testng.SuiteRunner.runTest(SuiteRunner.java:455)
at org.testng.SuiteRunner.runSequentially(SuiteRunner.java:450)
at org.testng.SuiteRunner.privateRun(SuiteRunner.java:415)
at org.testng.SuiteRunner.run(SuiteRunner.java:364)
at org.testng.SuiteRunnerWorker.runSuite(SuiteRunnerWorker.java:52)
at org.testng.SuiteRunnerWorker.run(SuiteRunnerWorker.java:84)
at org.testng.TestNG.runSuitesSequentially(TestNG.java:1208)
at org.testng.TestNG.runSuitesLocally(TestNG.java:1137)
at org.testng.TestNG.runSuites(TestNG.java:1049)
at org.testng.TestNG.run(TestNG.java:1017)
at org.testng.remote.AbstractRemoteTestNG.run(AbstractRemoteTestNG.java:115)
at org.testng.remote.RemoteTestNG.initAndRun(RemoteTestNG.java:251)
at org.testng.remote.RemoteTestNG.main(RemoteTestNG.java:77)
]]>
            </full-stacktrace>
          </exception> <!-- java.lang.AssertionError -->
          <reporter-output>
          </reporter-output>
        </test-method> <!-- UNVERIFIED_ATTACHMENT_ORIGIN140002 -->
        <test-method is-config="true" signature="maximizeWindow()[pri:0, instance:Testng_UI@49d3c823]" started-at="2024-03-05T10:25:31Z" name="maximizeWindow" finished-at="2024-03-05T10:25:31Z" duration-ms="8" status="PASS">
          <reporter-output>
          </reporter-output>
        </test-method> <!-- maximizeWindow -->
        <test-method signature="UNVERIFIED_ATTACHMENT_ORIGIN140003()[pri:124, instance:Testng_UI@49d3c823]" started-at="2024-03-05T10:25:31Z" name="UNVERIFIED_ATTACHMENT_ORIGIN140003" finished-at="2024-03-05T10:25:50Z" duration-ms="19104" status="PASS">
          <reporter-output>
          </reporter-output>
        </test-method> <!-- UNVERIFIED_ATTACHMENT_ORIGIN140003 -->
        <test-method is-config="true" signature="maximizeWindow()[pri:0, instance:Testng_UI@49d3c823]" started-at="2024-03-05T10:25:50Z" name="maximizeWindow" finished-at="2024-03-05T10:25:50Z" duration-ms="10" status="PASS">
          <reporter-output>
          </reporter-output>
        </test-method> <!-- maximizeWindow -->
        <test-method signature="UNVERIFIED_ATTACHMENT_ORIGIN140004()[pri:125, instance:Testng_UI@49d3c823]" started-at="2024-03-05T10:25:50Z" name="UNVERIFIED_ATTACHMENT_ORIGIN140004" finished-at="2024-03-05T10:26:09Z" duration-ms="19459" status="PASS">
          <reporter-output>
          </reporter-output>
        </test-method> <!-- UNVERIFIED_ATTACHMENT_ORIGIN140004 -->
        <test-method is-config="true" signature="maximizeWindow()[pri:0, instance:Testng_UI@49d3c823]" started-at="2024-03-05T10:26:09Z" name="maximizeWindow" finished-at="2024-03-05T10:26:09Z" duration-ms="9" status="PASS">
          <reporter-output>
          </reporter-output>
        </test-method> <!-- maximizeWindow -->
        <test-method signature="UNVERIFIED_ATTACHMENT_ORIGIN140005()[pri:126, instance:Testng_UI@49d3c823]" started-at="2024-03-05T10:26:09Z" name="UNVERIFIED_ATTACHMENT_ORIGIN140005" finished-at="2024-03-05T10:26:28Z" duration-ms="19077" status="PASS">
          <reporter-output>
          </reporter-output>
        </test-method> <!-- UNVERIFIED_ATTACHMENT_ORIGIN140005 -->
        <test-method is-config="true" signature="maximizeWindow()[pri:0, instance:Testng_UI@49d3c823]" started-at="2024-03-05T10:26:28Z" name="maximizeWindow" finished-at="2024-03-05T10:26:28Z" duration-ms="6" status="PASS">
          <reporter-output>
          </reporter-output>
        </test-method> <!-- maximizeWindow -->
        <test-method signature="UNVERIFIED_ATTACHMENT_ORIGIN_Negative140006()[pri:127, instance:Testng_UI@49d3c823]" started-at="2024-03-05T10:26:28Z" name="UNVERIFIED_ATTACHMENT_ORIGIN_Negative140006" finished-at="2024-03-05T10:26:47Z" duration-ms="19117" status="PASS">
          <reporter-output>
          </reporter-output>
        </test-method> <!-- UNVERIFIED_ATTACHMENT_ORIGIN_Negative140006 -->
        <test-method is-config="true" signature="maximizeWindow()[pri:0, instance:Testng_UI@49d3c823]" started-at="2024-03-05T10:26:47Z" name="maximizeWindow" finished-at="2024-03-05T10:26:47Z" duration-ms="5" status="PASS">
          <reporter-output>
          </reporter-output>
        </test-method> <!-- maximizeWindow -->
        <test-method signature="UNVERIFIED_ATTACHMENT_ORIGIN_Negative140007()[pri:128, instance:Testng_UI@49d3c823]" started-at="2024-03-05T10:26:47Z" name="UNVERIFIED_ATTACHMENT_ORIGIN_Negative140007" finished-at="2024-03-05T10:27:07Z" duration-ms="19404" status="PASS">
          <reporter-output>
          </reporter-output>
        </test-method> <!-- UNVERIFIED_ATTACHMENT_ORIGIN_Negative140007 -->
        <test-method is-config="true" signature="maximizeWindow()[pri:0, instance:Testng_UI@49d3c823]" started-at="2024-03-05T10:27:07Z" name="maximizeWindow" finished-at="2024-03-05T10:27:07Z" duration-ms="5" status="PASS">
          <reporter-output>
          </reporter-output>
        </test-method> <!-- maximizeWindow -->
        <test-method signature="UNVERIFIED_ATTACHMENT_ORIGIN_Negative140008()[pri:129, instance:Testng_UI@49d3c823]" started-at="2024-03-05T10:27:07Z" name="UNVERIFIED_ATTACHMENT_ORIGIN_Negative140008" finished-at="2024-03-05T10:27:26Z" duration-ms="19382" status="PASS">
          <reporter-output>
          </reporter-output>
        </test-method> <!-- UNVERIFIED_ATTACHMENT_ORIGIN_Negative140008 -->
        <test-method is-config="true" signature="maximizeWindow()[pri:0, instance:Testng_UI@49d3c823]" started-at="2024-03-05T10:27:26Z" name="maximizeWindow" finished-at="2024-03-05T10:27:26Z" duration-ms="5" status="PASS">
          <reporter-output>
          </reporter-output>
        </test-method> <!-- maximizeWindow -->
        <test-method signature="UNVERIFIED_ATTACHMENT_ORIGIN_Negative140009()[pri:130, instance:Testng_UI@49d3c823]" started-at="2024-03-05T10:27:26Z" name="UNVERIFIED_ATTACHMENT_ORIGIN_Negative140009" finished-at="2024-03-05T10:27:45Z" duration-ms="19112" status="PASS">
          <reporter-output>
          </reporter-output>
        </test-method> <!-- UNVERIFIED_ATTACHMENT_ORIGIN_Negative140009 -->
        <test-method is-config="true" signature="maximizeWindow()[pri:0, instance:Testng_UI@49d3c823]" started-at="2024-03-05T10:27:45Z" name="maximizeWindow" finished-at="2024-03-05T10:27:45Z" duration-ms="4" status="PASS">
          <reporter-output>
          </reporter-output>
        </test-method> <!-- maximizeWindow -->
        <test-method signature="UNVERIFIED_ATTACHMENT_ORIGIN_Negative140010()[pri:131, instance:Testng_UI@49d3c823]" started-at="2024-03-05T10:27:45Z" name="UNVERIFIED_ATTACHMENT_ORIGIN_Negative140010" finished-at="2024-03-05T10:28:04Z" duration-ms="19147" status="PASS">
          <reporter-output>
          </reporter-output>
        </test-method> <!-- UNVERIFIED_ATTACHMENT_ORIGIN_Negative140010 -->
        <test-method is-config="true" signature="maximizeWindow()[pri:0, instance:Testng_UI@49d3c823]" started-at="2024-03-05T10:28:04Z" name="maximizeWindow" finished-at="2024-03-05T10:28:05Z" duration-ms="8" status="PASS">
          <reporter-output>
          </reporter-output>
        </test-method> <!-- maximizeWindow -->
        <test-method signature="UNVERIFIED_ATTACHMENT_ORIGIN_Negative140011()[pri:132, instance:Testng_UI@49d3c823]" started-at="2024-03-05T10:28:05Z" name="UNVERIFIED_ATTACHMENT_ORIGIN_Negative140011" finished-at="2024-03-05T10:28:24Z" duration-ms="19091" status="PASS">
          <reporter-output>
          </reporter-output>
        </test-method> <!-- UNVERIFIED_ATTACHMENT_ORIGIN_Negative140011 -->
        <test-method is-config="true" signature="maximizeWindow()[pri:0, instance:Testng_UI@49d3c823]" started-at="2024-03-05T10:28:24Z" name="maximizeWindow" finished-at="2024-03-05T10:28:24Z" duration-ms="5" status="PASS">
          <reporter-output>
          </reporter-output>
        </test-method> <!-- maximizeWindow -->
        <test-method signature="UNKNOWN_NEWS_ITEM_KNOWN_MENTIONED_PUBLISHER150001()[pri:133, instance:Testng_UI@49d3c823]" started-at="2024-03-05T10:28:24Z" name="UNKNOWN_NEWS_ITEM_KNOWN_MENTIONED_PUBLISHER150001" finished-at="2024-03-05T10:28:46Z" duration-ms="22181" status="PASS">
          <reporter-output>
          </reporter-output>
        </test-method> <!-- UNKNOWN_NEWS_ITEM_KNOWN_MENTIONED_PUBLISHER150001 -->
        <test-method is-config="true" signature="maximizeWindow()[pri:0, instance:Testng_UI@49d3c823]" started-at="2024-03-05T10:28:46Z" name="maximizeWindow" finished-at="2024-03-05T10:28:46Z" duration-ms="6" status="PASS">
          <reporter-output>
          </reporter-output>
        </test-method> <!-- maximizeWindow -->
        <test-method signature="UNKNOWN_NEWS_ITEM_KNOWN_MENTIONED_PUBLISHER150002()[pri:134, instance:Testng_UI@49d3c823]" started-at="2024-03-05T10:28:46Z" name="UNKNOWN_NEWS_ITEM_KNOWN_MENTIONED_PUBLISHER150002" finished-at="2024-03-05T10:29:08Z" duration-ms="22142" status="PASS">
          <reporter-output>
          </reporter-output>
        </test-method> <!-- UNKNOWN_NEWS_ITEM_KNOWN_MENTIONED_PUBLISHER150002 -->
        <test-method is-config="true" signature="maximizeWindow()[pri:0, instance:Testng_UI@49d3c823]" started-at="2024-03-05T10:29:08Z" name="maximizeWindow" finished-at="2024-03-05T10:29:08Z" duration-ms="11" status="PASS">
          <reporter-output>
          </reporter-output>
        </test-method> <!-- maximizeWindow -->
        <test-method signature="UNKNOWN_NEWS_ITEM_KNOWN_MENTIONED_PUBLISHER150003()[pri:135, instance:Testng_UI@49d3c823]" started-at="2024-03-05T10:29:08Z" name="UNKNOWN_NEWS_ITEM_KNOWN_MENTIONED_PUBLISHER150003" finished-at="2024-03-05T10:29:30Z" duration-ms="22153" status="PASS">
          <reporter-output>
          </reporter-output>
        </test-method> <!-- UNKNOWN_NEWS_ITEM_KNOWN_MENTIONED_PUBLISHER150003 -->
        <test-method is-config="true" signature="maximizeWindow()[pri:0, instance:Testng_UI@49d3c823]" started-at="2024-03-05T10:29:30Z" name="maximizeWindow" finished-at="2024-03-05T10:29:30Z" duration-ms="6" status="PASS">
          <reporter-output>
          </reporter-output>
        </test-method> <!-- maximizeWindow -->
        <test-method signature="UNKNOWN_NEWS_ITEM_KNOWN_MENTIONED_PUBLISHER150004()[pri:136, instance:Testng_UI@49d3c823]" started-at="2024-03-05T10:29:30Z" name="UNKNOWN_NEWS_ITEM_KNOWN_MENTIONED_PUBLISHER150004" finished-at="2024-03-05T10:29:52Z" duration-ms="22204" status="PASS">
          <reporter-output>
          </reporter-output>
        </test-method> <!-- UNKNOWN_NEWS_ITEM_KNOWN_MENTIONED_PUBLISHER150004 -->
        <test-method is-config="true" signature="maximizeWindow()[pri:0, instance:Testng_UI@49d3c823]" started-at="2024-03-05T10:29:52Z" name="maximizeWindow" finished-at="2024-03-05T10:29:52Z" duration-ms="10" status="PASS">
          <reporter-output>
          </reporter-output>
        </test-method> <!-- maximizeWindow -->
        <test-method signature="UNKNOWN_NEWS_ITEM_KNOWN_MENTIONED_PUBLISHER150005()[pri:137, instance:Testng_UI@49d3c823]" started-at="2024-03-05T10:29:52Z" name="UNKNOWN_NEWS_ITEM_KNOWN_MENTIONED_PUBLISHER150005" finished-at="2024-03-05T10:30:17Z" duration-ms="24260" status="PASS">
          <reporter-output>
          </reporter-output>
        </test-method> <!-- UNKNOWN_NEWS_ITEM_KNOWN_MENTIONED_PUBLISHER150005 -->
        <test-method is-config="true" signature="maximizeWindow()[pri:0, instance:Testng_UI@49d3c823]" started-at="2024-03-05T10:30:17Z" name="maximizeWindow" finished-at="2024-03-05T10:30:17Z" duration-ms="8" status="PASS">
          <reporter-output>
          </reporter-output>
        </test-method> <!-- maximizeWindow -->
        <test-method signature="UNKNOWN_NEWS_ITEM_KNOWN_MENTIONED_PUBLISHER_Negative150006()[pri:138, instance:Testng_UI@49d3c823]" started-at="2024-03-05T10:30:17Z" name="UNKNOWN_NEWS_ITEM_KNOWN_MENTIONED_PUBLISHER_Negative150006" finished-at="2024-03-05T10:30:39Z" duration-ms="22144" status="PASS">
          <reporter-output>
          </reporter-output>
        </test-method> <!-- UNKNOWN_NEWS_ITEM_KNOWN_MENTIONED_PUBLISHER_Negative150006 -->
        <test-method is-config="true" signature="maximizeWindow()[pri:0, instance:Testng_UI@49d3c823]" started-at="2024-03-05T10:30:39Z" name="maximizeWindow" finished-at="2024-03-05T10:30:39Z" duration-ms="8" status="PASS">
          <reporter-output>
          </reporter-output>
        </test-method> <!-- maximizeWindow -->
        <test-method signature="UNKNOWN_NEWS_ITEM_KNOWN_MENTIONED_PUBLISHER_Negative150007()[pri:139, instance:Testng_UI@49d3c823]" started-at="2024-03-05T10:30:39Z" name="UNKNOWN_NEWS_ITEM_KNOWN_MENTIONED_PUBLISHER_Negative150007" finished-at="2024-03-05T10:31:00Z" duration-ms="21160" status="PASS">
          <reporter-output>
          </reporter-output>
        </test-method> <!-- UNKNOWN_NEWS_ITEM_KNOWN_MENTIONED_PUBLISHER_Negative150007 -->
        <test-method is-config="true" signature="maximizeWindow()[pri:0, instance:Testng_UI@49d3c823]" started-at="2024-03-05T10:31:00Z" name="maximizeWindow" finished-at="2024-03-05T10:31:00Z" duration-ms="11" status="PASS">
          <reporter-output>
          </reporter-output>
        </test-method> <!-- maximizeWindow -->
        <test-method signature="UNKNOWN_NEWS_ITEM_KNOWN_MENTIONED_PUBLISHER_Negative150008()[pri:140, instance:Testng_UI@49d3c823]" started-at="2024-03-05T10:31:00Z" name="UNKNOWN_NEWS_ITEM_KNOWN_MENTIONED_PUBLISHER_Negative150008" finished-at="2024-03-05T10:31:24Z" duration-ms="24139" status="PASS">
          <reporter-output>
          </reporter-output>
        </test-method> <!-- UNKNOWN_NEWS_ITEM_KNOWN_MENTIONED_PUBLISHER_Negative150008 -->
        <test-method is-config="true" signature="maximizeWindow()[pri:0, instance:Testng_UI@49d3c823]" started-at="2024-03-05T10:31:24Z" name="maximizeWindow" finished-at="2024-03-05T10:31:24Z" duration-ms="9" status="PASS">
          <reporter-output>
          </reporter-output>
        </test-method> <!-- maximizeWindow -->
        <test-method signature="UNKNOWN_NEWS_ITEM_KNOWN_MENTIONED_PUBLISHER_Negative150009()[pri:141, instance:Testng_UI@49d3c823]" started-at="2024-03-05T10:31:24Z" name="UNKNOWN_NEWS_ITEM_KNOWN_MENTIONED_PUBLISHER_Negative150009" finished-at="2024-03-05T10:31:46Z" duration-ms="22164" status="PASS">
          <reporter-output>
          </reporter-output>
        </test-method> <!-- UNKNOWN_NEWS_ITEM_KNOWN_MENTIONED_PUBLISHER_Negative150009 -->
        <test-method is-config="true" signature="maximizeWindow()[pri:0, instance:Testng_UI@49d3c823]" started-at="2024-03-05T10:31:46Z" name="maximizeWindow" finished-at="2024-03-05T10:31:46Z" duration-ms="5" status="PASS">
          <reporter-output>
          </reporter-output>
        </test-method> <!-- maximizeWindow -->
        <test-method signature="UNKNOWN_NEWS_ITEM_KNOWN_MENTIONED_PUBLISHER_Negative150010()[pri:142, instance:Testng_UI@49d3c823]" started-at="2024-03-05T10:31:46Z" name="UNKNOWN_NEWS_ITEM_KNOWN_MENTIONED_PUBLISHER_Negative150010" finished-at="2024-03-05T10:32:08Z" duration-ms="22093" status="PASS">
          <reporter-output>
          </reporter-output>
        </test-method> <!-- UNKNOWN_NEWS_ITEM_KNOWN_MENTIONED_PUBLISHER_Negative150010 -->
        <test-method is-config="true" signature="maximizeWindow()[pri:0, instance:Testng_UI@49d3c823]" started-at="2024-03-05T10:32:08Z" name="maximizeWindow" finished-at="2024-03-05T10:32:08Z" duration-ms="9" status="PASS">
          <reporter-output>
          </reporter-output>
        </test-method> <!-- maximizeWindow -->
        <test-method signature="UNKNOWN_NEWS_ITEM_KNOWN_MENTIONED_PUBLISHER_Negative150011()[pri:143, instance:Testng_UI@49d3c823]" started-at="2024-03-05T10:32:08Z" name="UNKNOWN_NEWS_ITEM_KNOWN_MENTIONED_PUBLISHER_Negative150011" finished-at="2024-03-05T10:32:30Z" duration-ms="22139" status="PASS">
          <reporter-output>
          </reporter-output>
        </test-method> <!-- UNKNOWN_NEWS_ITEM_KNOWN_MENTIONED_PUBLISHER_Negative150011 -->
        <test-method is-config="true" signature="maximizeWindow()[pri:0, instance:Testng_UI@49d3c823]" started-at="2024-03-05T10:32:30Z" name="maximizeWindow" finished-at="2024-03-05T10:32:30Z" duration-ms="9" status="PASS">
          <reporter-output>
          </reporter-output>
        </test-method> <!-- maximizeWindow -->
        <test-method signature="UNKNOWN_NEWS_ITEM_NO_PUBLISHER_MENTIONED160001()[pri:144, instance:Testng_UI@49d3c823]" started-at="2024-03-05T10:32:30Z" name="UNKNOWN_NEWS_ITEM_NO_PUBLISHER_MENTIONED160001" finished-at="2024-03-05T10:32:51Z" duration-ms="20080" status="PASS">
          <reporter-output>
          </reporter-output>
        </test-method> <!-- UNKNOWN_NEWS_ITEM_NO_PUBLISHER_MENTIONED160001 -->
        <test-method is-config="true" signature="maximizeWindow()[pri:0, instance:Testng_UI@49d3c823]" started-at="2024-03-05T10:32:51Z" name="maximizeWindow" finished-at="2024-03-05T10:32:51Z" duration-ms="4" status="PASS">
          <reporter-output>
          </reporter-output>
        </test-method> <!-- maximizeWindow -->
        <test-method signature="UNKNOWN_NEWS_ITEM_NO_PUBLISHER_MENTIONED160002()[pri:145, instance:Testng_UI@49d3c823]" started-at="2024-03-05T10:32:51Z" name="UNKNOWN_NEWS_ITEM_NO_PUBLISHER_MENTIONED160002" finished-at="2024-03-05T10:33:11Z" duration-ms="20141" status="PASS">
          <reporter-output>
          </reporter-output>
        </test-method> <!-- UNKNOWN_NEWS_ITEM_NO_PUBLISHER_MENTIONED160002 -->
        <test-method is-config="true" signature="maximizeWindow()[pri:0, instance:Testng_UI@49d3c823]" started-at="2024-03-05T10:33:11Z" name="maximizeWindow" finished-at="2024-03-05T10:33:11Z" duration-ms="4" status="PASS">
          <reporter-output>
          </reporter-output>
        </test-method> <!-- maximizeWindow -->
        <test-method signature="UNKNOWN_NEWS_ITEM_NO_PUBLISHER_MENTIONED160003()[pri:146, instance:Testng_UI@49d3c823]" started-at="2024-03-05T10:33:11Z" name="UNKNOWN_NEWS_ITEM_NO_PUBLISHER_MENTIONED160003" finished-at="2024-03-05T10:33:31Z" duration-ms="20107" status="PASS">
          <reporter-output>
          </reporter-output>
        </test-method> <!-- UNKNOWN_NEWS_ITEM_NO_PUBLISHER_MENTIONED160003 -->
        <test-method is-config="true" signature="maximizeWindow()[pri:0, instance:Testng_UI@49d3c823]" started-at="2024-03-05T10:33:31Z" name="maximizeWindow" finished-at="2024-03-05T10:33:31Z" duration-ms="4" status="PASS">
          <reporter-output>
          </reporter-output>
        </test-method> <!-- maximizeWindow -->
        <test-method signature="UNKNOWN_NEWS_ITEM_NO_PUBLISHER_MENTIONED160004()[pri:147, instance:Testng_UI@49d3c823]" started-at="2024-03-05T10:33:31Z" name="UNKNOWN_NEWS_ITEM_NO_PUBLISHER_MENTIONED160004" finished-at="2024-03-05T10:33:51Z" duration-ms="20123" status="PASS">
          <reporter-output>
          </reporter-output>
        </test-method> <!-- UNKNOWN_NEWS_ITEM_NO_PUBLISHER_MENTIONED160004 -->
        <test-method is-config="true" signature="maximizeWindow()[pri:0, instance:Testng_UI@49d3c823]" started-at="2024-03-05T10:33:51Z" name="maximizeWindow" finished-at="2024-03-05T10:33:51Z" duration-ms="5" status="PASS">
          <reporter-output>
          </reporter-output>
        </test-method> <!-- maximizeWindow -->
        <test-method signature="UNKNOWN_NEWS_ITEM_NO_PUBLISHER_MENTIONED160005()[pri:148, instance:Testng_UI@49d3c823]" started-at="2024-03-05T10:33:51Z" name="UNKNOWN_NEWS_ITEM_NO_PUBLISHER_MENTIONED160005" finished-at="2024-03-05T10:34:11Z" duration-ms="20144" status="PASS">
          <reporter-output>
          </reporter-output>
        </test-method> <!-- UNKNOWN_NEWS_ITEM_NO_PUBLISHER_MENTIONED160005 -->
        <test-method is-config="true" signature="maximizeWindow()[pri:0, instance:Testng_UI@49d3c823]" started-at="2024-03-05T10:34:11Z" name="maximizeWindow" finished-at="2024-03-05T10:34:11Z" duration-ms="8" status="PASS">
          <reporter-output>
          </reporter-output>
        </test-method> <!-- maximizeWindow -->
        <test-method signature="UNKNOWN_NEWS_ITEM_NO_PUBLISHER_MENTIONED_Negative160006()[pri:149, instance:Testng_UI@49d3c823]" started-at="2024-03-05T10:34:11Z" name="UNKNOWN_NEWS_ITEM_NO_PUBLISHER_MENTIONED_Negative160006" finished-at="2024-03-05T10:34:31Z" duration-ms="20125" status="PASS">
          <reporter-output>
          </reporter-output>
        </test-method> <!-- UNKNOWN_NEWS_ITEM_NO_PUBLISHER_MENTIONED_Negative160006 -->
        <test-method is-config="true" signature="maximizeWindow()[pri:0, instance:Testng_UI@49d3c823]" started-at="2024-03-05T10:34:31Z" name="maximizeWindow" finished-at="2024-03-05T10:34:31Z" duration-ms="7" status="PASS">
          <reporter-output>
          </reporter-output>
        </test-method> <!-- maximizeWindow -->
        <test-method signature="UNKNOWN_NEWS_ITEM_NO_PUBLISHER_MENTIONED_Negative160007()[pri:150, instance:Testng_UI@49d3c823]" started-at="2024-03-05T10:34:31Z" name="UNKNOWN_NEWS_ITEM_NO_PUBLISHER_MENTIONED_Negative160007" finished-at="2024-03-05T10:34:51Z" duration-ms="20120" status="PASS">
          <reporter-output>
          </reporter-output>
        </test-method> <!-- UNKNOWN_NEWS_ITEM_NO_PUBLISHER_MENTIONED_Negative160007 -->
        <test-method is-config="true" signature="maximizeWindow()[pri:0, instance:Testng_UI@49d3c823]" started-at="2024-03-05T10:34:51Z" name="maximizeWindow" finished-at="2024-03-05T10:34:51Z" duration-ms="6" status="PASS">
          <reporter-output>
          </reporter-output>
        </test-method> <!-- maximizeWindow -->
        <test-method signature="UNKNOWN_NEWS_ITEM_NO_PUBLISHER_MENTIONED_Negative160008()[pri:151, instance:Testng_UI@49d3c823]" started-at="2024-03-05T10:34:51Z" name="UNKNOWN_NEWS_ITEM_NO_PUBLISHER_MENTIONED_Negative160008" finished-at="2024-03-05T10:35:12Z" duration-ms="20171" status="PASS">
          <reporter-output>
          </reporter-output>
        </test-method> <!-- UNKNOWN_NEWS_ITEM_NO_PUBLISHER_MENTIONED_Negative160008 -->
        <test-method is-config="true" signature="maximizeWindow()[pri:0, instance:Testng_UI@49d3c823]" started-at="2024-03-05T10:35:12Z" name="maximizeWindow" finished-at="2024-03-05T10:35:12Z" duration-ms="10" status="PASS">
          <reporter-output>
          </reporter-output>
        </test-method> <!-- maximizeWindow -->
        <test-method signature="UNKNOWN_NEWS_ITEM_NO_PUBLISHER_MENTIONED_Negative160009()[pri:152, instance:Testng_UI@49d3c823]" started-at="2024-03-05T10:35:12Z" name="UNKNOWN_NEWS_ITEM_NO_PUBLISHER_MENTIONED_Negative160009" finished-at="2024-03-05T10:35:32Z" duration-ms="20125" status="PASS">
          <reporter-output>
          </reporter-output>
        </test-method> <!-- UNKNOWN_NEWS_ITEM_NO_PUBLISHER_MENTIONED_Negative160009 -->
        <test-method is-config="true" signature="maximizeWindow()[pri:0, instance:Testng_UI@49d3c823]" started-at="2024-03-05T10:35:32Z" name="maximizeWindow" finished-at="2024-03-05T10:35:32Z" duration-ms="6" status="PASS">
          <reporter-output>
          </reporter-output>
        </test-method> <!-- maximizeWindow -->
        <test-method signature="UNKNOWN_NEWS_ITEM_NO_PUBLISHER_MENTIONED_Negative160010()[pri:153, instance:Testng_UI@49d3c823]" started-at="2024-03-05T10:35:32Z" name="UNKNOWN_NEWS_ITEM_NO_PUBLISHER_MENTIONED_Negative160010" finished-at="2024-03-05T10:35:52Z" duration-ms="20103" status="PASS">
          <reporter-output>
          </reporter-output>
        </test-method> <!-- UNKNOWN_NEWS_ITEM_NO_PUBLISHER_MENTIONED_Negative160010 -->
        <test-method is-config="true" signature="maximizeWindow()[pri:0, instance:Testng_UI@49d3c823]" started-at="2024-03-05T10:35:52Z" name="maximizeWindow" finished-at="2024-03-05T10:35:52Z" duration-ms="9" status="PASS">
          <reporter-output>
          </reporter-output>
        </test-method> <!-- maximizeWindow -->
        <test-method signature="UNKNOWN_NEWS_ITEM_NO_PUBLISHER_MENTIONED_Negative160011()[pri:154, instance:Testng_UI@49d3c823]" started-at="2024-03-05T10:35:52Z" name="UNKNOWN_NEWS_ITEM_NO_PUBLISHER_MENTIONED_Negative160011" finished-at="2024-03-05T10:36:12Z" duration-ms="20149" status="PASS">
          <reporter-output>
          </reporter-output>
        </test-method> <!-- UNKNOWN_NEWS_ITEM_NO_PUBLISHER_MENTIONED_Negative160011 -->
        <test-method is-config="true" signature="maximizeWindow()[pri:0, instance:Testng_UI@49d3c823]" started-at="2024-03-05T10:36:12Z" name="maximizeWindow" finished-at="2024-03-05T10:36:12Z" duration-ms="8" status="PASS">
          <reporter-output>
          </reporter-output>
        </test-method> <!-- maximizeWindow -->
        <test-method signature="KNOWN_MATCHED_PUBLISHER_DOMAIN170001()[pri:155, instance:Testng_UI@49d3c823]" started-at="2024-03-05T10:36:12Z" name="KNOWN_MATCHED_PUBLISHER_DOMAIN170001" finished-at="2024-03-05T10:36:26Z" duration-ms="14055" status="FAIL">
          <exception class="org.openqa.selenium.NoSuchElementException">
            <message>
              <![CDATA[no such element: Unable to locate element: {"method":"xpath","selector":"//div[@class='tag']"}
  (Session info: chrome=115.0.5790.0)
For documentation on this error, please visit: https://www.seleniumhq.org/exceptions/no_such_element.html
Build info: version: '3.141.59', revision: 'e82be7d358', time: '2018-11-14T08:17:03'
System info: host: 'PRAKASH-4948', ip: '192.168.104.34', os.name: 'Windows 11', os.arch: 'amd64', os.version: '10.0', java.version: '18.0.2.1'
Driver info: org.openqa.selenium.chrome.ChromeDriver
Capabilities {acceptInsecureCerts: false, browserName: chrome, browserVersion: 115.0.5790.0, chrome: {chromedriverVersion: 114.0.5735.90 (386bc09e8f4f..., userDataDir: C:\Users\praka\AppData\Loca...}, goog:chromeOptions: {debuggerAddress: localhost:64564}, javascriptEnabled: true, networkConnectionEnabled: false, pageLoadStrategy: normal, platform: WINDOWS, platformName: WINDOWS, proxy: Proxy(), setWindowRect: true, strictFileInteractability: false, timeouts: {implicit: 0, pageLoad: 300000, script: 30000}, unhandledPromptBehavior: dismiss and notify, webauthn:extension:credBlob: true, webauthn:extension:largeBlob: true, webauthn:extension:minPinLength: true, webauthn:extension:prf: true, webauthn:virtualAuthenticators: true}
Session ID: 4d51670a08f81d1f35990f93f8a85827
*** Element info: {Using=xpath, value=//div[@class='tag']}]]>
            </message>
            <full-stacktrace>
              <![CDATA[org.openqa.selenium.NoSuchElementException: no such element: Unable to locate element: {"method":"xpath","selector":"//div[@class='tag']"}
  (Session info: chrome=115.0.5790.0)
For documentation on this error, please visit: https://www.seleniumhq.org/exceptions/no_such_element.html
Build info: version: '3.141.59', revision: 'e82be7d358', time: '2018-11-14T08:17:03'
System info: host: 'PRAKASH-4948', ip: '192.168.104.34', os.name: 'Windows 11', os.arch: 'amd64', os.version: '10.0', java.version: '18.0.2.1'
Driver info: org.openqa.selenium.chrome.ChromeDriver
Capabilities {acceptInsecureCerts: false, browserName: chrome, browserVersion: 115.0.5790.0, chrome: {chromedriverVersion: 114.0.5735.90 (386bc09e8f4f..., userDataDir: C:\Users\praka\AppData\Loca...}, goog:chromeOptions: {debuggerAddress: localhost:64564}, javascriptEnabled: true, networkConnectionEnabled: false, pageLoadStrategy: normal, platform: WINDOWS, platformName: WINDOWS, proxy: Proxy(), setWindowRect: true, strictFileInteractability: false, timeouts: {implicit: 0, pageLoad: 300000, script: 30000}, unhandledPromptBehavior: dismiss and notify, webauthn:extension:credBlob: true, webauthn:extension:largeBlob: true, webauthn:extension:minPinLength: true, webauthn:extension:prf: true, webauthn:virtualAuthenticators: true}
Session ID: 4d51670a08f81d1f35990f93f8a85827
*** Element info: {Using=xpath, value=//div[@class='tag']}
at java.base/jdk.internal.reflect.DirectConstructorHandleAccessor.newInstance(DirectConstructorHandleAccessor.java:67)
at java.base/java.lang.reflect.Constructor.newInstanceWithCaller(Constructor.java:499)
at java.base/java.lang.reflect.Constructor.newInstance(Constructor.java:483)
at org.openqa.selenium.remote.http.W3CHttpResponseCodec.createException(W3CHttpResponseCodec.java:187)
at org.openqa.selenium.remote.http.W3CHttpResponseCodec.decode(W3CHttpResponseCodec.java:122)
at org.openqa.selenium.remote.http.W3CHttpResponseCodec.decode(W3CHttpResponseCodec.java:49)
at org.openqa.selenium.remote.HttpCommandExecutor.execute(HttpCommandExecutor.java:158)
at org.openqa.selenium.remote.service.DriverCommandExecutor.execute(DriverCommandExecutor.java:83)
at org.openqa.selenium.remote.RemoteWebDriver.execute(RemoteWebDriver.java:552)
at org.openqa.selenium.remote.RemoteWebDriver.findElement(RemoteWebDriver.java:323)
at org.openqa.selenium.remote.RemoteWebDriver.findElementByXPath(RemoteWebDriver.java:428)
at org.openqa.selenium.By$ByXPath.findElement(By.java:353)
at org.openqa.selenium.remote.RemoteWebDriver.findElement(RemoteWebDriver.java:315)
at Testng_UI.KNOWN_MATCHED_PUBLISHER_DOMAIN170001(Testng_UI.java:13835)
at java.base/jdk.internal.reflect.DirectMethodHandleAccessor.invoke(DirectMethodHandleAccessor.java:104)
at java.base/java.lang.reflect.Method.invoke(Method.java:577)
at org.testng.internal.MethodInvocationHelper.invokeMethod(MethodInvocationHelper.java:124)
at org.testng.internal.Invoker.invokeMethod(Invoker.java:583)
at org.testng.internal.Invoker.invokeTestMethod(Invoker.java:719)
at org.testng.internal.Invoker.invokeTestMethods(Invoker.java:989)
at org.testng.internal.TestMethodWorker.invokeTestMethods(TestMethodWorker.java:125)
at org.testng.internal.TestMethodWorker.run(TestMethodWorker.java:109)
at org.testng.TestRunner.privateRun(TestRunner.java:648)
at org.testng.TestRunner.run(TestRunner.java:505)
at org.testng.SuiteRunner.runTest(SuiteRunner.java:455)
at org.testng.SuiteRunner.runSequentially(SuiteRunner.java:450)
at org.testng.SuiteRunner.privateRun(SuiteRunner.java:415)
at org.testng.SuiteRunner.run(SuiteRunner.java:364)
at org.testng.SuiteRunnerWorker.runSuite(SuiteRunnerWorker.java:52)
at org.testng.SuiteRunnerWorker.run(SuiteRunnerWorker.java:84)
at org.testng.TestNG.runSuitesSequentially(TestNG.java:1208)
at org.testng.TestNG.runSuitesLocally(TestNG.java:1137)
at org.testng.TestNG.runSuites(TestNG.java:1049)
at org.testng.TestNG.run(TestNG.java:1017)
at org.testng.remote.AbstractRemoteTestNG.run(AbstractRemoteTestNG.java:115)
at org.testng.remote.RemoteTestNG.initAndRun(RemoteTestNG.java:251)
at org.testng.remote.RemoteTestNG.main(RemoteTestNG.java:77)
]]>
            </full-stacktrace>
          </exception> <!-- org.openqa.selenium.NoSuchElementException -->
          <reporter-output>
          </reporter-output>
        </test-method> <!-- KNOWN_MATCHED_PUBLISHER_DOMAIN170001 -->
        <test-method is-config="true" signature="maximizeWindow()[pri:0, instance:Testng_UI@49d3c823]" started-at="2024-03-05T10:36:26Z" name="maximizeWindow" finished-at="2024-03-05T10:36:26Z" duration-ms="10" status="PASS">
          <reporter-output>
          </reporter-output>
        </test-method> <!-- maximizeWindow -->
        <test-method signature="KNOWN_MATCHED_PUBLISHER_DOMAIN170002()[pri:156, instance:Testng_UI@49d3c823]" started-at="2024-03-05T10:36:26Z" name="KNOWN_MATCHED_PUBLISHER_DOMAIN170002" finished-at="2024-03-05T10:36:48Z" duration-ms="22211" status="PASS">
          <reporter-output>
          </reporter-output>
        </test-method> <!-- KNOWN_MATCHED_PUBLISHER_DOMAIN170002 -->
        <test-method is-config="true" signature="maximizeWindow()[pri:0, instance:Testng_UI@49d3c823]" started-at="2024-03-05T10:36:48Z" name="maximizeWindow" finished-at="2024-03-05T10:36:48Z" duration-ms="11" status="PASS">
          <reporter-output>
          </reporter-output>
        </test-method> <!-- maximizeWindow -->
        <test-method signature="KNOWN_MATCHED_PUBLISHER_DOMAIN170003()[pri:157, instance:Testng_UI@49d3c823]" started-at="2024-03-05T10:36:48Z" name="KNOWN_MATCHED_PUBLISHER_DOMAIN170003" finished-at="2024-03-05T10:37:10Z" duration-ms="22189" status="PASS">
          <reporter-output>
          </reporter-output>
        </test-method> <!-- KNOWN_MATCHED_PUBLISHER_DOMAIN170003 -->
        <test-method is-config="true" signature="maximizeWindow()[pri:0, instance:Testng_UI@49d3c823]" started-at="2024-03-05T10:37:10Z" name="maximizeWindow" finished-at="2024-03-05T10:37:10Z" duration-ms="8" status="PASS">
          <reporter-output>
          </reporter-output>
        </test-method> <!-- maximizeWindow -->
        <test-method signature="KNOWN_MATCHED_PUBLISHER_DOMAIN170004()[pri:158, instance:Testng_UI@49d3c823]" started-at="2024-03-05T10:37:10Z" name="KNOWN_MATCHED_PUBLISHER_DOMAIN170004" finished-at="2024-03-05T10:37:33Z" duration-ms="22111" status="PASS">
          <reporter-output>
          </reporter-output>
        </test-method> <!-- KNOWN_MATCHED_PUBLISHER_DOMAIN170004 -->
        <test-method is-config="true" signature="maximizeWindow()[pri:0, instance:Testng_UI@49d3c823]" started-at="2024-03-05T10:37:33Z" name="maximizeWindow" finished-at="2024-03-05T10:37:33Z" duration-ms="6" status="PASS">
          <reporter-output>
          </reporter-output>
        </test-method> <!-- maximizeWindow -->
        <test-method signature="KNOWN_MATCHED_PUBLISHER_DOMAIN170005()[pri:159, instance:Testng_UI@49d3c823]" started-at="2024-03-05T10:37:33Z" name="KNOWN_MATCHED_PUBLISHER_DOMAIN170005" finished-at="2024-03-05T10:37:55Z" duration-ms="22120" status="PASS">
          <reporter-output>
          </reporter-output>
        </test-method> <!-- KNOWN_MATCHED_PUBLISHER_DOMAIN170005 -->
        <test-method is-config="true" signature="maximizeWindow()[pri:0, instance:Testng_UI@49d3c823]" started-at="2024-03-05T10:37:55Z" name="maximizeWindow" finished-at="2024-03-05T10:37:55Z" duration-ms="5" status="PASS">
          <reporter-output>
          </reporter-output>
        </test-method> <!-- maximizeWindow -->
        <test-method signature="KNOWN_MATCHED_PUBLISHER_DOMAIN1_Negative170006()[pri:160, instance:Testng_UI@49d3c823]" started-at="2024-03-05T10:37:55Z" name="KNOWN_MATCHED_PUBLISHER_DOMAIN1_Negative170006" finished-at="2024-03-05T10:38:17Z" duration-ms="22102" status="PASS">
          <reporter-output>
          </reporter-output>
        </test-method> <!-- KNOWN_MATCHED_PUBLISHER_DOMAIN1_Negative170006 -->
        <test-method is-config="true" signature="maximizeWindow()[pri:0, instance:Testng_UI@49d3c823]" started-at="2024-03-05T10:38:17Z" name="maximizeWindow" finished-at="2024-03-05T10:38:17Z" duration-ms="9" status="PASS">
          <reporter-output>
          </reporter-output>
        </test-method> <!-- maximizeWindow -->
        <test-method signature="KNOWN_MATCHED_PUBLISHER_DOMAIN1_Negative170007()[pri:161, instance:Testng_UI@49d3c823]" started-at="2024-03-05T10:38:17Z" name="KNOWN_MATCHED_PUBLISHER_DOMAIN1_Negative170007" finished-at="2024-03-05T10:38:39Z" duration-ms="22280" status="PASS">
          <reporter-output>
          </reporter-output>
        </test-method> <!-- KNOWN_MATCHED_PUBLISHER_DOMAIN1_Negative170007 -->
        <test-method is-config="true" signature="maximizeWindow()[pri:0, instance:Testng_UI@49d3c823]" started-at="2024-03-05T10:38:39Z" name="maximizeWindow" finished-at="2024-03-05T10:38:39Z" duration-ms="10" status="PASS">
          <reporter-output>
          </reporter-output>
        </test-method> <!-- maximizeWindow -->
        <test-method signature="KNOWN_MATCHED_PUBLISHER_DOMAIN1_Negative170008()[pri:162, instance:Testng_UI@49d3c823]" started-at="2024-03-05T10:38:39Z" name="KNOWN_MATCHED_PUBLISHER_DOMAIN1_Negative170008" finished-at="2024-03-05T10:39:01Z" duration-ms="22271" status="PASS">
          <reporter-output>
          </reporter-output>
        </test-method> <!-- KNOWN_MATCHED_PUBLISHER_DOMAIN1_Negative170008 -->
        <test-method is-config="true" signature="maximizeWindow()[pri:0, instance:Testng_UI@49d3c823]" started-at="2024-03-05T10:39:01Z" name="maximizeWindow" finished-at="2024-03-05T10:39:01Z" duration-ms="7" status="PASS">
          <reporter-output>
          </reporter-output>
        </test-method> <!-- maximizeWindow -->
        <test-method signature="KNOWN_MATCHED_PUBLISHER_DOMAIN1_Negative170009()[pri:163, instance:Testng_UI@49d3c823]" started-at="2024-03-05T10:39:01Z" name="KNOWN_MATCHED_PUBLISHER_DOMAIN1_Negative170009" finished-at="2024-03-05T10:39:24Z" duration-ms="22160" status="PASS">
          <reporter-output>
          </reporter-output>
        </test-method> <!-- KNOWN_MATCHED_PUBLISHER_DOMAIN1_Negative170009 -->
        <test-method is-config="true" signature="maximizeWindow()[pri:0, instance:Testng_UI@49d3c823]" started-at="2024-03-05T10:39:24Z" name="maximizeWindow" finished-at="2024-03-05T10:39:24Z" duration-ms="7" status="PASS">
          <reporter-output>
          </reporter-output>
        </test-method> <!-- maximizeWindow -->
        <test-method signature="KNOWN_MATCHED_PUBLISHER_DOMAIN1_Negative170010()[pri:164, instance:Testng_UI@49d3c823]" started-at="2024-03-05T10:39:24Z" name="KNOWN_MATCHED_PUBLISHER_DOMAIN1_Negative170010" finished-at="2024-03-05T10:39:46Z" duration-ms="22238" status="PASS">
          <reporter-output>
          </reporter-output>
        </test-method> <!-- KNOWN_MATCHED_PUBLISHER_DOMAIN1_Negative170010 -->
        <test-method is-config="true" signature="maximizeWindow()[pri:0, instance:Testng_UI@49d3c823]" started-at="2024-03-05T10:39:46Z" name="maximizeWindow" finished-at="2024-03-05T10:39:46Z" duration-ms="10" status="PASS">
          <reporter-output>
          </reporter-output>
        </test-method> <!-- maximizeWindow -->
        <test-method signature="KNOWN_MATCHED_PUBLISHER_DOMAIN1_Negative170011()[pri:165, instance:Testng_UI@49d3c823]" started-at="2024-03-05T10:39:46Z" name="KNOWN_MATCHED_PUBLISHER_DOMAIN1_Negative170011" finished-at="2024-03-05T10:40:08Z" duration-ms="22486" status="PASS">
          <reporter-output>
          </reporter-output>
        </test-method> <!-- KNOWN_MATCHED_PUBLISHER_DOMAIN1_Negative170011 -->
        <test-method is-config="true" signature="maximizeWindow()[pri:0, instance:Testng_UI@49d3c823]" started-at="2024-03-05T10:40:08Z" name="maximizeWindow" finished-at="2024-03-05T10:40:08Z" duration-ms="10" status="PASS">
          <reporter-output>
          </reporter-output>
        </test-method> <!-- maximizeWindow -->
        <test-method signature="KNOWN_PUBLISHER_DOMAIN_DIFFERENT_REFERENCED_PUBLISHER180001()[pri:166, instance:Testng_UI@49d3c823]" started-at="2024-03-05T10:40:08Z" name="KNOWN_PUBLISHER_DOMAIN_DIFFERENT_REFERENCED_PUBLISHER180001" finished-at="2024-03-05T10:40:31Z" duration-ms="22343" status="PASS">
          <reporter-output>
          </reporter-output>
        </test-method> <!-- KNOWN_PUBLISHER_DOMAIN_DIFFERENT_REFERENCED_PUBLISHER180001 -->
        <test-method is-config="true" signature="maximizeWindow()[pri:0, instance:Testng_UI@49d3c823]" started-at="2024-03-05T10:40:31Z" name="maximizeWindow" finished-at="2024-03-05T10:40:31Z" duration-ms="11" status="PASS">
          <reporter-output>
          </reporter-output>
        </test-method> <!-- maximizeWindow -->
        <test-method signature="KNOWN_PUBLISHER_DOMAIN_DIFFERENT_REFERENCED_PUBLISHER180002()[pri:167, instance:Testng_UI@49d3c823]" started-at="2024-03-05T10:40:31Z" name="KNOWN_PUBLISHER_DOMAIN_DIFFERENT_REFERENCED_PUBLISHER180002" finished-at="2024-03-05T10:40:53Z" duration-ms="22162" status="FAIL">
          <exception class="java.lang.AssertionError">
            <message>
              <![CDATA[KNOWN_PUBLISHER_DOMAIN_DIFFERENT_REFERENCED_PUBLISHER test case FAILED]]>
            </message>
            <full-stacktrace>
              <![CDATA[java.lang.AssertionError: KNOWN_PUBLISHER_DOMAIN_DIFFERENT_REFERENCED_PUBLISHER test case FAILED
at org.testng.Assert.fail(Assert.java:96)
at Testng_UI.KNOWN_PUBLISHER_DOMAIN_DIFFERENT_REFERENCED_PUBLISHER180002(Testng_UI.java:15005)
at java.base/jdk.internal.reflect.DirectMethodHandleAccessor.invoke(DirectMethodHandleAccessor.java:104)
at java.base/java.lang.reflect.Method.invoke(Method.java:577)
at org.testng.internal.MethodInvocationHelper.invokeMethod(MethodInvocationHelper.java:124)
at org.testng.internal.Invoker.invokeMethod(Invoker.java:583)
at org.testng.internal.Invoker.invokeTestMethod(Invoker.java:719)
at org.testng.internal.Invoker.invokeTestMethods(Invoker.java:989)
at org.testng.internal.TestMethodWorker.invokeTestMethods(TestMethodWorker.java:125)
at org.testng.internal.TestMethodWorker.run(TestMethodWorker.java:109)
at org.testng.TestRunner.privateRun(TestRunner.java:648)
at org.testng.TestRunner.run(TestRunner.java:505)
at org.testng.SuiteRunner.runTest(SuiteRunner.java:455)
at org.testng.SuiteRunner.runSequentially(SuiteRunner.java:450)
at org.testng.SuiteRunner.privateRun(SuiteRunner.java:415)
at org.testng.SuiteRunner.run(SuiteRunner.java:364)
at org.testng.SuiteRunnerWorker.runSuite(SuiteRunnerWorker.java:52)
at org.testng.SuiteRunnerWorker.run(SuiteRunnerWorker.java:84)
at org.testng.TestNG.runSuitesSequentially(TestNG.java:1208)
at org.testng.TestNG.runSuitesLocally(TestNG.java:1137)
at org.testng.TestNG.runSuites(TestNG.java:1049)
at org.testng.TestNG.run(TestNG.java:1017)
at org.testng.remote.AbstractRemoteTestNG.run(AbstractRemoteTestNG.java:115)
at org.testng.remote.RemoteTestNG.initAndRun(RemoteTestNG.java:251)
at org.testng.remote.RemoteTestNG.main(RemoteTestNG.java:77)
]]>
            </full-stacktrace>
          </exception> <!-- java.lang.AssertionError -->
          <reporter-output>
          </reporter-output>
        </test-method> <!-- KNOWN_PUBLISHER_DOMAIN_DIFFERENT_REFERENCED_PUBLISHER180002 -->
        <test-method is-config="true" signature="maximizeWindow()[pri:0, instance:Testng_UI@49d3c823]" started-at="2024-03-05T10:40:53Z" name="maximizeWindow" finished-at="2024-03-05T10:40:53Z" duration-ms="9" status="PASS">
          <reporter-output>
          </reporter-output>
        </test-method> <!-- maximizeWindow -->
        <test-method signature="KNOWN_PUBLISHER_DOMAIN_DIFFERENT_REFERENCED_PUBLISHER180003()[pri:168, instance:Testng_UI@49d3c823]" started-at="2024-03-05T10:40:53Z" name="KNOWN_PUBLISHER_DOMAIN_DIFFERENT_REFERENCED_PUBLISHER180003" finished-at="2024-03-05T10:41:15Z" duration-ms="22146" status="PASS">
          <reporter-output>
          </reporter-output>
        </test-method> <!-- KNOWN_PUBLISHER_DOMAIN_DIFFERENT_REFERENCED_PUBLISHER180003 -->
        <test-method is-config="true" signature="maximizeWindow()[pri:0, instance:Testng_UI@49d3c823]" started-at="2024-03-05T10:41:15Z" name="maximizeWindow" finished-at="2024-03-05T10:41:15Z" duration-ms="6" status="PASS">
          <reporter-output>
          </reporter-output>
        </test-method> <!-- maximizeWindow -->
        <test-method signature="KNOWN_PUBLISHER_DOMAIN_DIFFERENT_REFERENCED_PUBLISHER180004()[pri:169, instance:Testng_UI@49d3c823]" started-at="2024-03-05T10:41:15Z" name="KNOWN_PUBLISHER_DOMAIN_DIFFERENT_REFERENCED_PUBLISHER180004" finished-at="2024-03-05T10:41:37Z" duration-ms="22125" status="PASS">
          <reporter-output>
          </reporter-output>
        </test-method> <!-- KNOWN_PUBLISHER_DOMAIN_DIFFERENT_REFERENCED_PUBLISHER180004 -->
        <test-method is-config="true" signature="maximizeWindow()[pri:0, instance:Testng_UI@49d3c823]" started-at="2024-03-05T10:41:37Z" name="maximizeWindow" finished-at="2024-03-05T10:41:37Z" duration-ms="6" status="PASS">
          <reporter-output>
          </reporter-output>
        </test-method> <!-- maximizeWindow -->
        <test-method signature="KNOWN_PUBLISHER_DOMAIN_DIFFERENT_REFERENCED_PUBLISHER180005()[pri:170, instance:Testng_UI@49d3c823]" started-at="2024-03-05T10:41:37Z" name="KNOWN_PUBLISHER_DOMAIN_DIFFERENT_REFERENCED_PUBLISHER180005" finished-at="2024-03-05T10:41:59Z" duration-ms="22260" status="PASS">
          <reporter-output>
          </reporter-output>
        </test-method> <!-- KNOWN_PUBLISHER_DOMAIN_DIFFERENT_REFERENCED_PUBLISHER180005 -->
        <test-method is-config="true" signature="maximizeWindow()[pri:0, instance:Testng_UI@49d3c823]" started-at="2024-03-05T10:41:59Z" name="maximizeWindow" finished-at="2024-03-05T10:41:59Z" duration-ms="5" status="PASS">
          <reporter-output>
          </reporter-output>
        </test-method> <!-- maximizeWindow -->
        <test-method signature="KNOWN_PUBLISHER_DOMAIN_DIFFERENT_REFERENCED_PUBLISHER_Negative180006()[pri:171, instance:Testng_UI@49d3c823]" started-at="2024-03-05T10:41:59Z" name="KNOWN_PUBLISHER_DOMAIN_DIFFERENT_REFERENCED_PUBLISHER_Negative180006" finished-at="2024-03-05T10:42:22Z" duration-ms="22458" status="PASS">
          <reporter-output>
          </reporter-output>
        </test-method> <!-- KNOWN_PUBLISHER_DOMAIN_DIFFERENT_REFERENCED_PUBLISHER_Negative180006 -->
        <test-method is-config="true" signature="maximizeWindow()[pri:0, instance:Testng_UI@49d3c823]" started-at="2024-03-05T10:42:22Z" name="maximizeWindow" finished-at="2024-03-05T10:42:22Z" duration-ms="5" status="PASS">
          <reporter-output>
          </reporter-output>
        </test-method> <!-- maximizeWindow -->
        <test-method signature="KNOWN_PUBLISHER_DOMAIN_DIFFERENT_REFERENCED_PUBLISHER_Negative180007()[pri:172, instance:Testng_UI@49d3c823]" started-at="2024-03-05T10:42:22Z" name="KNOWN_PUBLISHER_DOMAIN_DIFFERENT_REFERENCED_PUBLISHER_Negative180007" finished-at="2024-03-05T10:42:43Z" duration-ms="21281" status="PASS">
          <reporter-output>
          </reporter-output>
        </test-method> <!-- KNOWN_PUBLISHER_DOMAIN_DIFFERENT_REFERENCED_PUBLISHER_Negative180007 -->
        <test-method is-config="true" signature="maximizeWindow()[pri:0, instance:Testng_UI@49d3c823]" started-at="2024-03-05T10:42:43Z" name="maximizeWindow" finished-at="2024-03-05T10:42:43Z" duration-ms="7" status="PASS">
          <reporter-output>
          </reporter-output>
        </test-method> <!-- maximizeWindow -->
        <test-method signature="KNOWN_PUBLISHER_DOMAIN_DIFFERENT_REFERENCED_PUBLISHER_Negative180008()[pri:173, instance:Testng_UI@49d3c823]" started-at="2024-03-05T10:42:43Z" name="KNOWN_PUBLISHER_DOMAIN_DIFFERENT_REFERENCED_PUBLISHER_Negative180008" finished-at="2024-03-05T10:43:05Z" duration-ms="22150" status="PASS">
          <reporter-output>
          </reporter-output>
        </test-method> <!-- KNOWN_PUBLISHER_DOMAIN_DIFFERENT_REFERENCED_PUBLISHER_Negative180008 -->
        <test-method is-config="true" signature="maximizeWindow()[pri:0, instance:Testng_UI@49d3c823]" started-at="2024-03-05T10:43:05Z" name="maximizeWindow" finished-at="2024-03-05T10:43:05Z" duration-ms="8" status="PASS">
          <reporter-output>
          </reporter-output>
        </test-method> <!-- maximizeWindow -->
        <test-method signature="KNOWN_PUBLISHER_DOMAIN_DIFFERENT_REFERENCED_PUBLISHER_Negative180009()[pri:174, instance:Testng_UI@49d3c823]" started-at="2024-03-05T10:43:05Z" name="KNOWN_PUBLISHER_DOMAIN_DIFFERENT_REFERENCED_PUBLISHER_Negative180009" finished-at="2024-03-05T10:43:27Z" duration-ms="22146" status="PASS">
          <reporter-output>
          </reporter-output>
        </test-method> <!-- KNOWN_PUBLISHER_DOMAIN_DIFFERENT_REFERENCED_PUBLISHER_Negative180009 -->
        <test-method is-config="true" signature="maximizeWindow()[pri:0, instance:Testng_UI@49d3c823]" started-at="2024-03-05T10:43:27Z" name="maximizeWindow" finished-at="2024-03-05T10:43:27Z" duration-ms="7" status="PASS">
          <reporter-output>
          </reporter-output>
        </test-method> <!-- maximizeWindow -->
        <test-method signature="KNOWN_PUBLISHER_DOMAIN_DIFFERENT_REFERENCED_PUBLISHER_Negative180010()[pri:175, instance:Testng_UI@49d3c823]" started-at="2024-03-05T10:43:27Z" name="KNOWN_PUBLISHER_DOMAIN_DIFFERENT_REFERENCED_PUBLISHER_Negative180010" finished-at="2024-03-05T10:43:50Z" duration-ms="22114" status="PASS">
          <reporter-output>
          </reporter-output>
        </test-method> <!-- KNOWN_PUBLISHER_DOMAIN_DIFFERENT_REFERENCED_PUBLISHER_Negative180010 -->
        <test-method is-config="true" signature="maximizeWindow()[pri:0, instance:Testng_UI@49d3c823]" started-at="2024-03-05T10:43:50Z" name="maximizeWindow" finished-at="2024-03-05T10:43:50Z" duration-ms="6" status="PASS">
          <reporter-output>
          </reporter-output>
        </test-method> <!-- maximizeWindow -->
        <test-method signature="KNOWN_PUBLISHER_DOMAIN_DIFFERENT_REFERENCED_PUBLISHER_Negative180011()[pri:176, instance:Testng_UI@49d3c823]" started-at="2024-03-05T10:43:50Z" name="KNOWN_PUBLISHER_DOMAIN_DIFFERENT_REFERENCED_PUBLISHER_Negative180011" finished-at="2024-03-05T10:44:12Z" duration-ms="22117" status="PASS">
          <reporter-output>
          </reporter-output>
        </test-method> <!-- KNOWN_PUBLISHER_DOMAIN_DIFFERENT_REFERENCED_PUBLISHER_Negative180011 -->
        <test-method is-config="true" signature="maximizeWindow()[pri:0, instance:Testng_UI@49d3c823]" started-at="2024-03-05T10:44:12Z" name="maximizeWindow" finished-at="2024-03-05T10:44:12Z" duration-ms="9" status="PASS">
          <reporter-output>
          </reporter-output>
        </test-method> <!-- maximizeWindow -->
        <test-method signature="KNOWN_PUBLISHER_DOMAIN_WITH_MENTIONED_PUBLISHER190001()[pri:177, instance:Testng_UI@49d3c823]" started-at="2024-03-05T10:44:12Z" name="KNOWN_PUBLISHER_DOMAIN_WITH_MENTIONED_PUBLISHER190001" finished-at="2024-03-05T10:44:32Z" duration-ms="20399" status="PASS">
          <reporter-output>
          </reporter-output>
        </test-method> <!-- KNOWN_PUBLISHER_DOMAIN_WITH_MENTIONED_PUBLISHER190001 -->
        <test-method is-config="true" signature="maximizeWindow()[pri:0, instance:Testng_UI@49d3c823]" started-at="2024-03-05T10:44:32Z" name="maximizeWindow" finished-at="2024-03-05T10:44:32Z" duration-ms="9" status="PASS">
          <reporter-output>
          </reporter-output>
        </test-method> <!-- maximizeWindow -->
        <test-method signature="KNOWN_PUBLISHER_DOMAIN_WITH_MENTIONED_PUBLISHER190002()[pri:178, instance:Testng_UI@49d3c823]" started-at="2024-03-05T10:44:32Z" name="KNOWN_PUBLISHER_DOMAIN_WITH_MENTIONED_PUBLISHER190002" finished-at="2024-03-05T10:44:54Z" duration-ms="22317" status="PASS">
          <reporter-output>
          </reporter-output>
        </test-method> <!-- KNOWN_PUBLISHER_DOMAIN_WITH_MENTIONED_PUBLISHER190002 -->
        <test-method is-config="true" signature="maximizeWindow()[pri:0, instance:Testng_UI@49d3c823]" started-at="2024-03-05T10:44:54Z" name="maximizeWindow" finished-at="2024-03-05T10:44:54Z" duration-ms="8" status="PASS">
          <reporter-output>
          </reporter-output>
        </test-method> <!-- maximizeWindow -->
        <test-method signature="KNOWN_PUBLISHER_DOMAIN_WITH_MENTIONED_PUBLISHER190003()[pri:179, instance:Testng_UI@49d3c823]" started-at="2024-03-05T10:44:54Z" name="KNOWN_PUBLISHER_DOMAIN_WITH_MENTIONED_PUBLISHER190003" finished-at="2024-03-05T10:45:17Z" duration-ms="22317" status="PASS">
          <reporter-output>
          </reporter-output>
        </test-method> <!-- KNOWN_PUBLISHER_DOMAIN_WITH_MENTIONED_PUBLISHER190003 -->
        <test-method is-config="true" signature="maximizeWindow()[pri:0, instance:Testng_UI@49d3c823]" started-at="2024-03-05T10:45:17Z" name="maximizeWindow" finished-at="2024-03-05T10:45:17Z" duration-ms="7" status="PASS">
          <reporter-output>
          </reporter-output>
        </test-method> <!-- maximizeWindow -->
        <test-method signature="KNOWN_PUBLISHER_DOMAIN_WITH_MENTIONED_PUBLISHER190004()[pri:180, instance:Testng_UI@49d3c823]" started-at="2024-03-05T10:45:17Z" name="KNOWN_PUBLISHER_DOMAIN_WITH_MENTIONED_PUBLISHER190004" finished-at="2024-03-05T10:45:39Z" duration-ms="22365" status="PASS">
          <reporter-output>
          </reporter-output>
        </test-method> <!-- KNOWN_PUBLISHER_DOMAIN_WITH_MENTIONED_PUBLISHER190004 -->
        <test-method is-config="true" signature="maximizeWindow()[pri:0, instance:Testng_UI@49d3c823]" started-at="2024-03-05T10:45:39Z" name="maximizeWindow" finished-at="2024-03-05T10:45:39Z" duration-ms="9" status="PASS">
          <reporter-output>
          </reporter-output>
        </test-method> <!-- maximizeWindow -->
        <test-method signature="KNOWN_PUBLISHER_DOMAIN_WITH_MENTIONED_PUBLISHER190005()[pri:181, instance:Testng_UI@49d3c823]" started-at="2024-03-05T10:45:39Z" name="KNOWN_PUBLISHER_DOMAIN_WITH_MENTIONED_PUBLISHER190005" finished-at="2024-03-05T10:45:51Z" duration-ms="11599" status="FAIL">
          <exception class="org.openqa.selenium.StaleElementReferenceException">
            <message>
              <![CDATA[stale element reference: stale element not found
  (Session info: chrome=115.0.5790.0)
For documentation on this error, please visit: https://www.seleniumhq.org/exceptions/stale_element_reference.html
Build info: version: '3.141.59', revision: 'e82be7d358', time: '2018-11-14T08:17:03'
System info: host: 'PRAKASH-4948', ip: '192.168.104.34', os.name: 'Windows 11', os.arch: 'amd64', os.version: '10.0', java.version: '18.0.2.1'
Driver info: org.openqa.selenium.chrome.ChromeDriver
Capabilities {acceptInsecureCerts: false, browserName: chrome, browserVersion: 115.0.5790.0, chrome: {chromedriverVersion: 114.0.5735.90 (386bc09e8f4f..., userDataDir: C:\Users\praka\AppData\Loca...}, goog:chromeOptions: {debuggerAddress: localhost:64564}, javascriptEnabled: true, networkConnectionEnabled: false, pageLoadStrategy: normal, platform: WINDOWS, platformName: WINDOWS, proxy: Proxy(), setWindowRect: true, strictFileInteractability: false, timeouts: {implicit: 0, pageLoad: 300000, script: 30000}, unhandledPromptBehavior: dismiss and notify, webauthn:extension:credBlob: true, webauthn:extension:largeBlob: true, webauthn:extension:minPinLength: true, webauthn:extension:prf: true, webauthn:virtualAuthenticators: true}
Session ID: 4d51670a08f81d1f35990f93f8a85827]]>
            </message>
            <full-stacktrace>
              <![CDATA[org.openqa.selenium.StaleElementReferenceException: stale element reference: stale element not found
  (Session info: chrome=115.0.5790.0)
For documentation on this error, please visit: https://www.seleniumhq.org/exceptions/stale_element_reference.html
Build info: version: '3.141.59', revision: 'e82be7d358', time: '2018-11-14T08:17:03'
System info: host: 'PRAKASH-4948', ip: '192.168.104.34', os.name: 'Windows 11', os.arch: 'amd64', os.version: '10.0', java.version: '18.0.2.1'
Driver info: org.openqa.selenium.chrome.ChromeDriver
Capabilities {acceptInsecureCerts: false, browserName: chrome, browserVersion: 115.0.5790.0, chrome: {chromedriverVersion: 114.0.5735.90 (386bc09e8f4f..., userDataDir: C:\Users\praka\AppData\Loca...}, goog:chromeOptions: {debuggerAddress: localhost:64564}, javascriptEnabled: true, networkConnectionEnabled: false, pageLoadStrategy: normal, platform: WINDOWS, platformName: WINDOWS, proxy: Proxy(), setWindowRect: true, strictFileInteractability: false, timeouts: {implicit: 0, pageLoad: 300000, script: 30000}, unhandledPromptBehavior: dismiss and notify, webauthn:extension:credBlob: true, webauthn:extension:largeBlob: true, webauthn:extension:minPinLength: true, webauthn:extension:prf: true, webauthn:virtualAuthenticators: true}
Session ID: 4d51670a08f81d1f35990f93f8a85827
at java.base/jdk.internal.reflect.DirectConstructorHandleAccessor.newInstance(DirectConstructorHandleAccessor.java:67)
at java.base/java.lang.reflect.Constructor.newInstanceWithCaller(Constructor.java:499)
at java.base/java.lang.reflect.Constructor.newInstance(Constructor.java:483)
at org.openqa.selenium.remote.http.W3CHttpResponseCodec.createException(W3CHttpResponseCodec.java:187)
at org.openqa.selenium.remote.http.W3CHttpResponseCodec.decode(W3CHttpResponseCodec.java:122)
at org.openqa.selenium.remote.http.W3CHttpResponseCodec.decode(W3CHttpResponseCodec.java:49)
at org.openqa.selenium.remote.HttpCommandExecutor.execute(HttpCommandExecutor.java:158)
at org.openqa.selenium.remote.service.DriverCommandExecutor.execute(DriverCommandExecutor.java:83)
at org.openqa.selenium.remote.RemoteWebDriver.execute(RemoteWebDriver.java:552)
at org.openqa.selenium.remote.RemoteWebDriver.perform(RemoteWebDriver.java:618)
at org.openqa.selenium.interactions.Actions$BuiltAction.perform(Actions.java:639)
at org.openqa.selenium.interactions.Actions.perform(Actions.java:595)
at Testng_UI.KNOWN_PUBLISHER_DOMAIN_WITH_MENTIONED_PUBLISHER190005(Testng_UI.java:16229)
at java.base/jdk.internal.reflect.DirectMethodHandleAccessor.invoke(DirectMethodHandleAccessor.java:104)
at java.base/java.lang.reflect.Method.invoke(Method.java:577)
at org.testng.internal.MethodInvocationHelper.invokeMethod(MethodInvocationHelper.java:124)
at org.testng.internal.Invoker.invokeMethod(Invoker.java:583)
at org.testng.internal.Invoker.invokeTestMethod(Invoker.java:719)
at org.testng.internal.Invoker.invokeTestMethods(Invoker.java:989)
at org.testng.internal.TestMethodWorker.invokeTestMethods(TestMethodWorker.java:125)
at org.testng.internal.TestMethodWorker.run(TestMethodWorker.java:109)
at org.testng.TestRunner.privateRun(TestRunner.java:648)
at org.testng.TestRunner.run(TestRunner.java:505)
at org.testng.SuiteRunner.runTest(SuiteRunner.java:455)
at org.testng.SuiteRunner.runSequentially(SuiteRunner.java:450)
at org.testng.SuiteRunner.privateRun(SuiteRunner.java:415)
at org.testng.SuiteRunner.run(SuiteRunner.java:364)
at org.testng.SuiteRunnerWorker.runSuite(SuiteRunnerWorker.java:52)
at org.testng.SuiteRunnerWorker.run(SuiteRunnerWorker.java:84)
at org.testng.TestNG.runSuitesSequentially(TestNG.java:1208)
at org.testng.TestNG.runSuitesLocally(TestNG.java:1137)
at org.testng.TestNG.runSuites(TestNG.java:1049)
at org.testng.TestNG.run(TestNG.java:1017)
at org.testng.remote.AbstractRemoteTestNG.run(AbstractRemoteTestNG.java:115)
at org.testng.remote.RemoteTestNG.initAndRun(RemoteTestNG.java:251)
at org.testng.remote.RemoteTestNG.main(RemoteTestNG.java:77)
]]>
            </full-stacktrace>
          </exception> <!-- org.openqa.selenium.StaleElementReferenceException -->
          <reporter-output>
          </reporter-output>
        </test-method> <!-- KNOWN_PUBLISHER_DOMAIN_WITH_MENTIONED_PUBLISHER190005 -->
        <test-method is-config="true" signature="maximizeWindow()[pri:0, instance:Testng_UI@49d3c823]" started-at="2024-03-05T10:45:51Z" name="maximizeWindow" finished-at="2024-03-05T10:45:51Z" duration-ms="12" status="PASS">
          <reporter-output>
          </reporter-output>
        </test-method> <!-- maximizeWindow -->
        <test-method signature="KNOWN_PUBLISHER_DOMAIN_WITH_MENTIONED_PUBLISHER_Negative190006()[pri:182, instance:Testng_UI@49d3c823]" started-at="2024-03-05T10:45:51Z" name="KNOWN_PUBLISHER_DOMAIN_WITH_MENTIONED_PUBLISHER_Negative190006" finished-at="2024-03-05T10:46:11Z" duration-ms="20644" status="PASS">
          <reporter-output>
          </reporter-output>
        </test-method> <!-- KNOWN_PUBLISHER_DOMAIN_WITH_MENTIONED_PUBLISHER_Negative190006 -->
        <test-method is-config="true" signature="maximizeWindow()[pri:0, instance:Testng_UI@49d3c823]" started-at="2024-03-05T10:46:11Z" name="maximizeWindow" finished-at="2024-03-05T10:46:11Z" duration-ms="6" status="PASS">
          <reporter-output>
          </reporter-output>
        </test-method> <!-- maximizeWindow -->
        <test-method signature="KNOWN_PUBLISHER_DOMAIN_WITH_MENTIONED_PUBLISHER_Negative190007()[pri:183, instance:Testng_UI@49d3c823]" started-at="2024-03-05T10:46:11Z" name="KNOWN_PUBLISHER_DOMAIN_WITH_MENTIONED_PUBLISHER_Negative190007" finished-at="2024-03-05T10:46:31Z" duration-ms="20034" status="PASS">
          <reporter-output>
          </reporter-output>
        </test-method> <!-- KNOWN_PUBLISHER_DOMAIN_WITH_MENTIONED_PUBLISHER_Negative190007 -->
        <test-method is-config="true" signature="maximizeWindow()[pri:0, instance:Testng_UI@49d3c823]" started-at="2024-03-05T10:46:31Z" name="maximizeWindow" finished-at="2024-03-05T10:46:31Z" duration-ms="7" status="PASS">
          <reporter-output>
          </reporter-output>
        </test-method> <!-- maximizeWindow -->
        <test-method signature="KNOWN_PUBLISHER_DOMAIN_WITH_MENTIONED_PUBLISHER_Negative190008()[pri:184, instance:Testng_UI@49d3c823]" started-at="2024-03-05T10:46:31Z" name="KNOWN_PUBLISHER_DOMAIN_WITH_MENTIONED_PUBLISHER_Negative190008" finished-at="2024-03-05T10:46:51Z" duration-ms="19466" status="PASS">
          <reporter-output>
          </reporter-output>
        </test-method> <!-- KNOWN_PUBLISHER_DOMAIN_WITH_MENTIONED_PUBLISHER_Negative190008 -->
        <test-method is-config="true" signature="maximizeWindow()[pri:0, instance:Testng_UI@49d3c823]" started-at="2024-03-05T10:46:51Z" name="maximizeWindow" finished-at="2024-03-05T10:46:51Z" duration-ms="9" status="PASS">
          <reporter-output>
          </reporter-output>
        </test-method> <!-- maximizeWindow -->
        <test-method signature="KNOWN_PUBLISHER_DOMAIN_WITH_MENTIONED_PUBLISHER_Negative190009()[pri:185, instance:Testng_UI@49d3c823]" started-at="2024-03-05T10:46:51Z" name="KNOWN_PUBLISHER_DOMAIN_WITH_MENTIONED_PUBLISHER_Negative190009" finished-at="2024-03-05T10:47:10Z" duration-ms="19553" status="PASS">
          <reporter-output>
          </reporter-output>
        </test-method> <!-- KNOWN_PUBLISHER_DOMAIN_WITH_MENTIONED_PUBLISHER_Negative190009 -->
        <test-method is-config="true" signature="maximizeWindow()[pri:0, instance:Testng_UI@49d3c823]" started-at="2024-03-05T10:47:10Z" name="maximizeWindow" finished-at="2024-03-05T10:47:10Z" duration-ms="6" status="PASS">
          <reporter-output>
          </reporter-output>
        </test-method> <!-- maximizeWindow -->
        <test-method signature="KNOWN_PUBLISHER_DOMAIN_WITH_MENTIONED_PUBLISHER_Negative190010()[pri:186, instance:Testng_UI@49d3c823]" started-at="2024-03-05T10:47:10Z" name="KNOWN_PUBLISHER_DOMAIN_WITH_MENTIONED_PUBLISHER_Negative190010" finished-at="2024-03-05T10:47:33Z" duration-ms="22942" status="PASS">
          <reporter-output>
          </reporter-output>
        </test-method> <!-- KNOWN_PUBLISHER_DOMAIN_WITH_MENTIONED_PUBLISHER_Negative190010 -->
        <test-method is-config="true" signature="maximizeWindow()[pri:0, instance:Testng_UI@49d3c823]" started-at="2024-03-05T10:47:33Z" name="maximizeWindow" finished-at="2024-03-05T10:47:33Z" duration-ms="7" status="PASS">
          <reporter-output>
          </reporter-output>
        </test-method> <!-- maximizeWindow -->
        <test-method signature="KNOWN_PUBLISHER_DOMAIN_WITH_MENTIONED_PUBLISHER_Negative190011()[pri:187, instance:Testng_UI@49d3c823]" started-at="2024-03-05T10:47:33Z" name="KNOWN_PUBLISHER_DOMAIN_WITH_MENTIONED_PUBLISHER_Negative190011" finished-at="2024-03-05T10:47:56Z" duration-ms="23021" status="PASS">
          <reporter-output>
          </reporter-output>
        </test-method> <!-- KNOWN_PUBLISHER_DOMAIN_WITH_MENTIONED_PUBLISHER_Negative190011 -->
        <test-method is-config="true" signature="maximizeWindow()[pri:0, instance:Testng_UI@49d3c823]" started-at="2024-03-05T10:47:56Z" name="maximizeWindow" finished-at="2024-03-05T10:47:56Z" duration-ms="8" status="PASS">
          <reporter-output>
          </reporter-output>
        </test-method> <!-- maximizeWindow -->
        <test-method signature="KNOWN_PUBLISHER_DOMAIN_DIFFERENT_MENTIONED_PUBLISHER200001()[pri:188, instance:Testng_UI@49d3c823]" started-at="2024-03-05T10:47:56Z" name="KNOWN_PUBLISHER_DOMAIN_DIFFERENT_MENTIONED_PUBLISHER200001" finished-at="2024-03-05T10:48:23Z" duration-ms="26663" status="PASS">
          <reporter-output>
          </reporter-output>
        </test-method> <!-- KNOWN_PUBLISHER_DOMAIN_DIFFERENT_MENTIONED_PUBLISHER200001 -->
        <test-method is-config="true" signature="tearDown()[pri:0, instance:Testng_UI@49d3c823]" started-at="2024-03-05T10:48:23Z" name="tearDown" finished-at="2024-03-05T10:48:25Z" duration-ms="1432" status="PASS">
          <reporter-output>
          </reporter-output>
        </test-method> <!-- tearDown -->
      </class> <!-- Testng_UI -->
    </test> <!-- Default test -->
  </suite> <!-- Default suite -->
</testng-results>
