<?xml version="1.0" encoding="UTF-8"?>
<!-- Generated by org.testng.reporters.JUnitReportReporter -->
<testsuite hostname="PRAKASH-4948" failures="0" tests="46" name="Pro_version" time="940.983" errors="1" timestamp="12 Mar 2024 12:07:33 GMT" skipped="0">
  <testcase classname="Pro_version" name="TheEconomist10001" time="36.002"/>
  <testcase classname="Pro_version" name="testCase20001" time="23.434"/>
  <testcase classname="Pro_version" name="testCase20002" time="23.044"/>
  <testcase classname="Pro_version" name="testCase20003" time="23.053"/>
  <testcase classname="Pro_version" name="testCase20004" time="23.033"/>
  <testcase classname="Pro_version" name="testCase20005" time="23.026"/>
  <testcase classname="Pro_version" name="testCase40001" time="21.072"/>
  <testcase classname="Pro_version" name="testCase40002" time="20.387"/>
  <testcase classname="Pro_version" name="testCase40003" time="20.433"/>
  <testcase classname="Pro_version" name="testCase40004" time="20.623"/>
  <testcase classname="Pro_version" name="testCase40005" time="21.098"/>
  <testcase classname="Pro_version" name="testCase50001" time="20.497"/>
  <testcase classname="Pro_version" name="testCase50002" time="20.498"/>
  <testcase classname="Pro_version" name="testCase50005" time="20.449"/>
  <testcase classname="Pro_version" name="testCase50003" time="20.421"/>
  <testcase classname="Pro_version" name="testCase50004" time="20.973"/>
  <testcase classname="Pro_version" name="testCase60001" time="20.457"/>
  <testcase classname="Pro_version" name="testCase60002" time="20.436"/>
  <testcase classname="Pro_version" name="testCase60003" time="20.415"/>
  <testcase classname="Pro_version" name="testCase60004" time="20.454"/>
  <testcase classname="Pro_version" name="testCase60005" time="20.384"/>
  <testcase classname="Pro_version" name="testCase70001" time="20.374"/>
  <testcase classname="Pro_version" name="testCase70002" time="20.416"/>
  <testcase classname="Pro_version" name="testCase70003" time="20.547"/>
  <testcase classname="Pro_version" name="testCase70004" time="20.414"/>
  <testcase classname="Pro_version" name="testCase13001" time="20.447"/>
  <testcase classname="Pro_version" name="testCase11002" time="20.448"/>
  <testcase classname="Pro_version" name="testCase10001" time="18.401"/>
  <testcase classname="Pro_version" name="testCase80005" time="20.423"/>
  <testcase classname="Pro_version" name="testCase13002" time="18.318"/>
  <testcase classname="Pro_version" name="testCase70005" time="20.424"/>
  <testcase classname="Pro_version" name="testCase80003" time="20.457"/>
  <testcase classname="Pro_version" name="testCase10003" time="18.342"/>
  <testcase classname="Pro_version" name="testCase11003" time="20.378"/>
  <testcase classname="Pro_version" name="testCase13004" time="18.336"/>
  <testcase classname="Pro_version" name="testCase80004" time="20.395"/>
  <testcase classname="Pro_version" name="testCase13005" time="18.364"/>
  <testcase classname="Pro_version" name="testCase80001" time="20.578"/>
  <testcase classname="Pro_version" name="testCase11001" time="20.415"/>
  <testcase classname="Pro_version" name="testCase11005" time="20.389"/>
  <testcase classname="Pro_version" name="testCase13003" time="18.363"/>
  <testcase classname="Pro_version" name="testCase10005" time="18.360"/>
  <testcase classname="Pro_version" name="testCase11004" time="9.103">
    <error message="stale element reference: stale element not found
  (Session info: chrome=115.0.5790.0)
For documentation on this error, please visit: https://www.seleniumhq.org/exceptions/stale_element_reference.html
Build info: version: &#039;3.141.59&#039;, revision: &#039;e82be7d358&#039;, time: &#039;2018-11-14T08:17:03&#039;
System info: host: &#039;PRAKASH-4948&#039;, ip: &#039;192.168.104.34&#039;, os.name: &#039;Windows 11&#039;, os.arch: &#039;amd64&#039;, os.version: &#039;10.0&#039;, java.version: &#039;18.0.2.1&#039;
Driver info: org.openqa.selenium.chrome.ChromeDriver
Capabilities {acceptInsecureCerts: false, browserName: chrome, browserVersion: 115.0.5790.0, chrome: {chromedriverVersion: 114.0.5735.90 (386bc09e8f4f..., userDataDir: C:\Users\praka\AppData\Loca...}, goog:chromeOptions: {debuggerAddress: localhost:55695}, javascriptEnabled: true, networkConnectionEnabled: false, pageLoadStrategy: normal, platform: WINDOWS, platformName: WINDOWS, proxy: Proxy(), setWindowRect: true, strictFileInteractability: false, timeouts: {implicit: 0, pageLoad: 300000, script: 30000}, unhandledPromptBehavior: dismiss and notify, webauthn:extension:credBlob: true, webauthn:extension:largeBlob: true, webauthn:extension:minPinLength: true, webauthn:extension:prf: true, webauthn:virtualAuthenticators: true}
Session ID: 856550641628a60e2fd12eb5493c529e" type="org.openqa.selenium.StaleElementReferenceException">
      <![CDATA[org.openqa.selenium.StaleElementReferenceException: stale element reference: stale element not found
  (Session info: chrome=115.0.5790.0)
For documentation on this error, please visit: https://www.seleniumhq.org/exceptions/stale_element_reference.html
Build info: version: '3.141.59', revision: 'e82be7d358', time: '2018-11-14T08:17:03'
System info: host: 'PRAKASH-4948', ip: '192.168.104.34', os.name: 'Windows 11', os.arch: 'amd64', os.version: '10.0', java.version: '18.0.2.1'
Driver info: org.openqa.selenium.chrome.ChromeDriver
Capabilities {acceptInsecureCerts: false, browserName: chrome, browserVersion: 115.0.5790.0, chrome: {chromedriverVersion: 114.0.5735.90 (386bc09e8f4f..., userDataDir: C:\Users\praka\AppData\Loca...}, goog:chromeOptions: {debuggerAddress: localhost:55695}, javascriptEnabled: true, networkConnectionEnabled: false, pageLoadStrategy: normal, platform: WINDOWS, platformName: WINDOWS, proxy: Proxy(), setWindowRect: true, strictFileInteractability: false, timeouts: {implicit: 0, pageLoad: 300000, script: 30000}, unhandledPromptBehavior: dismiss and notify, webauthn:extension:credBlob: true, webauthn:extension:largeBlob: true, webauthn:extension:minPinLength: true, webauthn:extension:prf: true, webauthn:virtualAuthenticators: true}
Session ID: 856550641628a60e2fd12eb5493c529e
at java.base/jdk.internal.reflect.DirectConstructorHandleAccessor.newInstance(DirectConstructorHandleAccessor.java:67)
at java.base/java.lang.reflect.Constructor.newInstanceWithCaller(Constructor.java:499)
at java.base/java.lang.reflect.Constructor.newInstance(Constructor.java:483)
at org.openqa.selenium.remote.http.W3CHttpResponseCodec.createException(W3CHttpResponseCodec.java:187)
at org.openqa.selenium.remote.http.W3CHttpResponseCodec.decode(W3CHttpResponseCodec.java:122)
at org.openqa.selenium.remote.http.W3CHttpResponseCodec.decode(W3CHttpResponseCodec.java:49)
at org.openqa.selenium.remote.HttpCommandExecutor.execute(HttpCommandExecutor.java:158)
at org.openqa.selenium.remote.service.DriverCommandExecutor.execute(DriverCommandExecutor.java:83)
at org.openqa.selenium.remote.RemoteWebDriver.execute(RemoteWebDriver.java:552)
at org.openqa.selenium.remote.RemoteWebDriver.executeScript(RemoteWebDriver.java:489)
at Pro_version.testCase11004(Pro_version.java:3928)
at java.base/jdk.internal.reflect.DirectMethodHandleAccessor.invoke(DirectMethodHandleAccessor.java:104)
at java.base/java.lang.reflect.Method.invoke(Method.java:577)
at org.testng.internal.MethodInvocationHelper.invokeMethod(MethodInvocationHelper.java:124)
at org.testng.internal.Invoker.invokeMethod(Invoker.java:583)
at org.testng.internal.Invoker.invokeTestMethod(Invoker.java:719)
at org.testng.internal.Invoker.invokeTestMethods(Invoker.java:989)
at org.testng.internal.TestMethodWorker.invokeTestMethods(TestMethodWorker.java:125)
at org.testng.internal.TestMethodWorker.run(TestMethodWorker.java:109)
at org.testng.TestRunner.privateRun(TestRunner.java:648)
at org.testng.TestRunner.run(TestRunner.java:505)
at org.testng.SuiteRunner.runTest(SuiteRunner.java:455)
at org.testng.SuiteRunner.runSequentially(SuiteRunner.java:450)
at org.testng.SuiteRunner.privateRun(SuiteRunner.java:415)
at org.testng.SuiteRunner.run(SuiteRunner.java:364)
at org.testng.SuiteRunnerWorker.runSuite(SuiteRunnerWorker.java:52)
at org.testng.SuiteRunnerWorker.run(SuiteRunnerWorker.java:84)
at org.testng.TestNG.runSuitesSequentially(TestNG.java:1208)
at org.testng.TestNG.runSuitesLocally(TestNG.java:1137)
at org.testng.TestNG.runSuites(TestNG.java:1049)
at org.testng.TestNG.run(TestNG.java:1017)
at org.testng.remote.AbstractRemoteTestNG.run(AbstractRemoteTestNG.java:115)
at org.testng.remote.RemoteTestNG.initAndRun(RemoteTestNG.java:251)
at org.testng.remote.RemoteTestNG.main(RemoteTestNG.java:77)
]]>
    </error>
  </testcase> <!-- testCase11004 -->
  <testcase classname="Pro_version" name="testCase80002" time="20.414"/>
  <testcase classname="Pro_version" name="testCase10004" time="18.280"/>
  <testcase classname="Pro_version" name="testCase10002" time="18.408"/>
</testsuite> <!-- Pro_version -->
